{"D:\\Usuario\\Desktop\\projetos\\pokeCard_api\\tests\\card.test.ts":{"path":"D:\\Usuario\\Desktop\\projetos\\pokeCard_api\\tests\\card.test.ts","statementMap":{"0":{"start":{"line":2,"column":16},"end":{"line":10,"column":1}},"1":{"start":{"line":3,"column":28},"end":{"line":3,"column":110}},"2":{"start":{"line":3,"column":91},"end":{"line":3,"column":106}},"3":{"start":{"line":4,"column":4},"end":{"line":9,"column":7}},"4":{"start":{"line":5,"column":36},"end":{"line":5,"column":97}},"5":{"start":{"line":5,"column":42},"end":{"line":5,"column":70}},"6":{"start":{"line":5,"column":85},"end":{"line":5,"column":95}},"7":{"start":{"line":6,"column":35},"end":{"line":6,"column":100}},"8":{"start":{"line":6,"column":41},"end":{"line":6,"column":73}},"9":{"start":{"line":6,"column":88},"end":{"line":6,"column":98}},"10":{"start":{"line":7,"column":32},"end":{"line":7,"column":116}},"11":{"start":{"line":8,"column":8},"end":{"line":8,"column":78}},"12":{"start":{"line":11,"column":22},"end":{"line":13,"column":1}},"13":{"start":{"line":12,"column":4},"end":{"line":12,"column":62}},"14":{"start":{"line":14,"column":0},"end":{"line":14,"column":62}},"15":{"start":{"line":15,"column":15},"end":{"line":15,"column":30}},"16":{"start":{"line":16,"column":14},"end":{"line":16,"column":31}},"17":{"start":{"line":17,"column":15},"end":{"line":17,"column":47}},"18":{"start":{"line":18,"column":20},"end":{"line":18,"column":57}},"19":{"start":{"line":19,"column":16},"end":{"line":19,"column":34}},"20":{"start":{"line":20,"column":0},"end":{"line":20,"column":40}},"21":{"start":{"line":21,"column":16},"end":{"line":21,"column":33}},"22":{"start":{"line":22,"column":0},"end":{"line":43,"column":3}},"23":{"start":{"line":23,"column":4},"end":{"line":29,"column":7}},"24":{"start":{"line":24,"column":8},"end":{"line":28,"column":11}},"25":{"start":{"line":25,"column":37},"end":{"line":25,"column":85}},"26":{"start":{"line":26,"column":12},"end":{"line":26,"column":56}},"27":{"start":{"line":27,"column":12},"end":{"line":27,"column":69}},"28":{"start":{"line":30,"column":4},"end":{"line":36,"column":7}},"29":{"start":{"line":31,"column":8},"end":{"line":35,"column":11}},"30":{"start":{"line":32,"column":37},"end":{"line":32,"column":108}},"31":{"start":{"line":33,"column":12},"end":{"line":33,"column":61}},"32":{"start":{"line":34,"column":12},"end":{"line":34,"column":128}},"33":{"start":{"line":37,"column":4},"end":{"line":42,"column":7}},"34":{"start":{"line":38,"column":8},"end":{"line":41,"column":11}},"35":{"start":{"line":39,"column":31},"end":{"line":39,"column":85}},"36":{"start":{"line":40,"column":12},"end":{"line":40,"column":61}},"37":{"start":{"line":44,"column":0},"end":{"line":66,"column":3}},"38":{"start":{"line":45,"column":4},"end":{"line":51,"column":7}},"39":{"start":{"line":46,"column":8},"end":{"line":50,"column":11}},"40":{"start":{"line":47,"column":37},"end":{"line":47,"column":85}},"41":{"start":{"line":48,"column":12},"end":{"line":48,"column":56}},"42":{"start":{"line":49,"column":12},"end":{"line":49,"column":86}},"43":{"start":{"line":52,"column":4},"end":{"line":58,"column":7}},"44":{"start":{"line":53,"column":8},"end":{"line":57,"column":11}},"45":{"start":{"line":54,"column":37},"end":{"line":54,"column":106}},"46":{"start":{"line":55,"column":12},"end":{"line":55,"column":61}},"47":{"start":{"line":56,"column":12},"end":{"line":56,"column":103}},"48":{"start":{"line":59,"column":4},"end":{"line":65,"column":7}},"49":{"start":{"line":60,"column":8},"end":{"line":64,"column":11}},"50":{"start":{"line":61,"column":37},"end":{"line":61,"column":91}},"51":{"start":{"line":62,"column":12},"end":{"line":62,"column":61}},"52":{"start":{"line":63,"column":12},"end":{"line":63,"column":109}}},"fnMap":{"0":{"name":"(anonymous_0)","decl":{"start":{"line":2,"column":44},"end":{"line":2,"column":45}},"loc":{"start":{"line":2,"column":89},"end":{"line":10,"column":1}},"line":2},"1":{"name":"adopt","decl":{"start":{"line":3,"column":13},"end":{"line":3,"column":18}},"loc":{"start":{"line":3,"column":26},"end":{"line":3,"column":112}},"line":3},"2":{"name":"(anonymous_2)","decl":{"start":{"line":3,"column":70},"end":{"line":3,"column":71}},"loc":{"start":{"line":3,"column":89},"end":{"line":3,"column":108}},"line":3},"3":{"name":"(anonymous_3)","decl":{"start":{"line":4,"column":36},"end":{"line":4,"column":37}},"loc":{"start":{"line":4,"column":63},"end":{"line":9,"column":5}},"line":4},"4":{"name":"fulfilled","decl":{"start":{"line":5,"column":17},"end":{"line":5,"column":26}},"loc":{"start":{"line":5,"column":34},"end":{"line":5,"column":99}},"line":5},"5":{"name":"rejected","decl":{"start":{"line":6,"column":17},"end":{"line":6,"column":25}},"loc":{"start":{"line":6,"column":33},"end":{"line":6,"column":102}},"line":6},"6":{"name":"step","decl":{"start":{"line":7,"column":17},"end":{"line":7,"column":21}},"loc":{"start":{"line":7,"column":30},"end":{"line":7,"column":118}},"line":7},"7":{"name":"(anonymous_7)","decl":{"start":{"line":11,"column":56},"end":{"line":11,"column":57}},"loc":{"start":{"line":11,"column":71},"end":{"line":13,"column":1}},"line":11},"8":{"name":"(anonymous_8)","decl":{"start":{"line":22,"column":18},"end":{"line":22,"column":19}},"loc":{"start":{"line":22,"column":24},"end":{"line":43,"column":1}},"line":22},"9":{"name":"(anonymous_9)","decl":{"start":{"line":23,"column":23},"end":{"line":23,"column":24}},"loc":{"start":{"line":23,"column":35},"end":{"line":29,"column":5}},"line":23},"10":{"name":"(anonymous_10)","decl":{"start":{"line":24,"column":47},"end":{"line":24,"column":48}},"loc":{"start":{"line":24,"column":60},"end":{"line":28,"column":9}},"line":24},"11":{"name":"(anonymous_11)","decl":{"start":{"line":30,"column":24},"end":{"line":30,"column":25}},"loc":{"start":{"line":30,"column":36},"end":{"line":36,"column":5}},"line":30},"12":{"name":"(anonymous_12)","decl":{"start":{"line":31,"column":47},"end":{"line":31,"column":48}},"loc":{"start":{"line":31,"column":60},"end":{"line":35,"column":9}},"line":31},"13":{"name":"(anonymous_13)","decl":{"start":{"line":37,"column":34},"end":{"line":37,"column":35}},"loc":{"start":{"line":37,"column":46},"end":{"line":42,"column":5}},"line":37},"14":{"name":"(anonymous_14)","decl":{"start":{"line":38,"column":47},"end":{"line":38,"column":48}},"loc":{"start":{"line":38,"column":60},"end":{"line":41,"column":9}},"line":38},"15":{"name":"(anonymous_15)","decl":{"start":{"line":44,"column":25},"end":{"line":44,"column":26}},"loc":{"start":{"line":44,"column":31},"end":{"line":66,"column":1}},"line":44},"16":{"name":"(anonymous_16)","decl":{"start":{"line":45,"column":23},"end":{"line":45,"column":24}},"loc":{"start":{"line":45,"column":35},"end":{"line":51,"column":5}},"line":45},"17":{"name":"(anonymous_17)","decl":{"start":{"line":46,"column":47},"end":{"line":46,"column":48}},"loc":{"start":{"line":46,"column":60},"end":{"line":50,"column":9}},"line":46},"18":{"name":"(anonymous_18)","decl":{"start":{"line":52,"column":24},"end":{"line":52,"column":25}},"loc":{"start":{"line":52,"column":36},"end":{"line":58,"column":5}},"line":52},"19":{"name":"(anonymous_19)","decl":{"start":{"line":53,"column":47},"end":{"line":53,"column":48}},"loc":{"start":{"line":53,"column":60},"end":{"line":57,"column":9}},"line":53},"20":{"name":"(anonymous_20)","decl":{"start":{"line":59,"column":34},"end":{"line":59,"column":35}},"loc":{"start":{"line":59,"column":46},"end":{"line":65,"column":5}},"line":59},"21":{"name":"(anonymous_21)","decl":{"start":{"line":60,"column":47},"end":{"line":60,"column":48}},"loc":{"start":{"line":60,"column":60},"end":{"line":64,"column":9}},"line":60}},"branchMap":{"0":{"loc":{"start":{"line":2,"column":16},"end":{"line":10,"column":1}},"type":"binary-expr","locations":[{"start":{"line":2,"column":17},"end":{"line":2,"column":21}},{"start":{"line":2,"column":25},"end":{"line":2,"column":39}},{"start":{"line":2,"column":44},"end":{"line":10,"column":1}}],"line":2},"1":{"loc":{"start":{"line":3,"column":35},"end":{"line":3,"column":109}},"type":"cond-expr","locations":[{"start":{"line":3,"column":56},"end":{"line":3,"column":61}},{"start":{"line":3,"column":64},"end":{"line":3,"column":109}}],"line":3},"2":{"loc":{"start":{"line":4,"column":16},"end":{"line":4,"column":34}},"type":"binary-expr","locations":[{"start":{"line":4,"column":16},"end":{"line":4,"column":17}},{"start":{"line":4,"column":22},"end":{"line":4,"column":33}}],"line":4},"3":{"loc":{"start":{"line":7,"column":32},"end":{"line":7,"column":115}},"type":"cond-expr","locations":[{"start":{"line":7,"column":46},"end":{"line":7,"column":67}},{"start":{"line":7,"column":70},"end":{"line":7,"column":115}}],"line":7},"4":{"loc":{"start":{"line":8,"column":51},"end":{"line":8,"column":67}},"type":"binary-expr","locations":[{"start":{"line":8,"column":51},"end":{"line":8,"column":61}},{"start":{"line":8,"column":65},"end":{"line":8,"column":67}}],"line":8},"5":{"loc":{"start":{"line":11,"column":22},"end":{"line":13,"column":1}},"type":"binary-expr","locations":[{"start":{"line":11,"column":23},"end":{"line":11,"column":27}},{"start":{"line":11,"column":31},"end":{"line":11,"column":51}},{"start":{"line":11,"column":56},"end":{"line":13,"column":1}}],"line":11},"6":{"loc":{"start":{"line":12,"column":11},"end":{"line":12,"column":61}},"type":"cond-expr","locations":[{"start":{"line":12,"column":37},"end":{"line":12,"column":40}},{"start":{"line":12,"column":43},"end":{"line":12,"column":61}}],"line":12},"7":{"loc":{"start":{"line":12,"column":12},"end":{"line":12,"column":33}},"type":"binary-expr","locations":[{"start":{"line":12,"column":12},"end":{"line":12,"column":15}},{"start":{"line":12,"column":19},"end":{"line":12,"column":33}}],"line":12}},"s":{"0":1,"1":6,"2":6,"3":6,"4":6,"5":6,"6":0,"7":0,"8":0,"9":0,"10":12,"11":6,"12":1,"13":2,"14":1,"15":1,"16":1,"17":1,"18":1,"19":1,"20":1,"21":1,"22":1,"23":1,"24":1,"25":1,"26":1,"27":1,"28":1,"29":1,"30":1,"31":1,"32":1,"33":1,"34":1,"35":1,"36":1,"37":1,"38":1,"39":1,"40":1,"41":1,"42":1,"43":1,"44":1,"45":1,"46":1,"47":1,"48":1,"49":1,"50":1,"51":1,"52":1},"f":{"0":6,"1":6,"2":6,"3":6,"4":6,"5":0,"6":12,"7":2,"8":1,"9":1,"10":1,"11":1,"12":1,"13":1,"14":1,"15":1,"16":1,"17":1,"18":1,"19":1,"20":1,"21":1},"b":{"0":[1,1,1],"1":[0,6],"2":[6,6],"3":[6,6],"4":[6,6],"5":[1,1,1],"6":[0,2],"7":[2,2]},"inputSourceMap":{"version":3,"file":"D:/Usuario/Desktop/projetos/pokeCard_api/tests/card.test.ts","sources":["D:/Usuario/Desktop/projetos/pokeCard_api/tests/card.test.ts"],"names":[],"mappings":";;;;;;;;;;;;;;AAAA,+BAA8B;AAC9B,gCAAqC;AACrC,gDAAwB;AACxB,0DAAiC;AACjC,mCAAwC;AAExC,cAAI,CAAC,GAAG,CAAC,mBAAQ,CAAC,CAAC;AAEnB,MAAM,EAAC,GAAG,EAAC,GAAG,iBAAW,CAAA;AAEzB,QAAQ,CAAC,OAAO,EAAC,GAAG,EAAE;IAClB,EAAE,CAAC,cAAc,EAAC;;YACd,MAAM,EAAC,MAAM,EAAC,IAAI,EAAC,GAAG,MAAM,cAAI,CAAC,OAAO,CAAC,GAAG,CAAC,CAAC,GAAG,CAAC,SAAS,CAAC,CAAA;YAC5D,IAAA,aAAM,EAAC,MAAM,CAAC,CAAC,EAAE,CAAC,EAAE,CAAC,KAAK,CAAC,GAAG,CAAC,CAAA;YAC/B,IAAA,aAAM,EAAC,IAAI,CAAC,CAAC,EAAE,CAAC,EAAE,CAAC,IAAI,CAAC,KAAK,CAAC,aAAK,CAAC,CAAA;QACxC,CAAC;KAAA,CAAC,CAAA;IACF,EAAE,CAAC,eAAe,EAAE;;YAChB,MAAM,EAAC,MAAM,EAAC,IAAI,EAAC,GAAG,MAAM,cAAI,CAAC,OAAO,CAAC,GAAG,CAAC,CAAC,IAAI,CAAC,SAAS,CAAC,CAAC,IAAI,CAAC,eAAO,CAAC,CAAA;YAC3E,IAAA,aAAM,EAAC,MAAM,CAAC,CAAC,EAAE,CAAC,EAAE,CAAC,IAAI,CAAC,KAAK,CAAC,GAAG,CAAC,CAAA;YACpC,IAAA,aAAM,EAAC,IAAI,CAAC,CAAC,EAAE,CAAC,EAAE,CAAC,IAAI,CAAC,KAAK,iCAAK,eAAO,KAAC,EAAE,EAAC,EAAE,EAAC,MAAM,EAAC,CAAC,IAAE,CAAA;QAC9D,CAAC;KAAA,CAAC,CAAA;IACF,EAAE,CAAC,yBAAyB,EAAE;;YAC1B,MAAM,EAAC,MAAM,EAAC,GAAG,MAAM,cAAI,CAAC,OAAO,CAAC,GAAG,CAAC,CAAC,MAAM,CAAC,YAAY,CAAC,CAAA;YAC7D,IAAA,aAAM,EAAC,MAAM,CAAC,CAAC,EAAE,CAAC,EAAE,CAAC,IAAI,CAAC,KAAK,CAAC,GAAG,CAAC,CAAA;QACxC,CAAC;KAAA,CAAC,CAAA;AACN,CAAC,CAAC,CAAA;AAEF,QAAQ,CAAC,cAAc,EAAC,GAAE,EAAE;IACxB,EAAE,CAAC,cAAc,EAAC;;YACd,MAAM,EAAC,MAAM,EAAC,IAAI,EAAC,GAAG,MAAM,cAAI,CAAC,OAAO,CAAC,GAAG,CAAC,CAAC,GAAG,CAAC,SAAS,CAAC,CAAA;YAC5D,IAAA,aAAM,EAAC,MAAM,CAAC,CAAC,EAAE,CAAC,EAAE,CAAC,KAAK,CAAC,GAAG,CAAC,CAAA;YAC/B,IAAA,aAAM,EAAC,IAAI,CAAC,CAAC,EAAE,CAAC,EAAE,CAAC,IAAI,CAAC,KAAK,CAAC,EAAC,OAAO,EAAC,iBAAiB,EAAC,CAAC,CAAA;QAC9D,CAAC;KAAA,CAAC,CAAA;IACF,EAAE,CAAC,eAAe,EAAE;;YAChB,MAAM,EAAC,MAAM,EAAC,IAAI,EAAC,GAAG,MAAM,cAAI,CAAC,OAAO,CAAC,GAAG,CAAC,CAAC,IAAI,CAAC,SAAS,CAAC,CAAC,IAAI,CAAC,EAAC,IAAI,EAAC,GAAG,EAAC,CAAC,CAAA;YAC9E,IAAA,aAAM,EAAC,MAAM,CAAC,CAAC,EAAE,CAAC,EAAE,CAAC,IAAI,CAAC,KAAK,CAAC,GAAG,CAAC,CAAA;YACpC,IAAA,aAAM,EAAC,IAAI,CAAC,CAAC,EAAE,CAAC,EAAE,CAAC,IAAI,CAAC,KAAK,CAAC,EAAC,OAAO,EAAC,kCAAkC,EAAC,CAAC,CAAA;QAC/E,CAAC;KAAA,CAAC,CAAA;IACF,EAAE,CAAC,yBAAyB,EAAE;;YAC1B,MAAM,EAAC,MAAM,EAAC,IAAI,EAAC,GAAG,MAAM,cAAI,CAAC,OAAO,CAAC,GAAG,CAAC,CAAC,MAAM,CAAC,YAAY,CAAC,CAAA;YAClE,IAAA,aAAM,EAAC,MAAM,CAAC,CAAC,EAAE,CAAC,EAAE,CAAC,IAAI,CAAC,KAAK,CAAC,GAAG,CAAC,CAAA;YACpC,IAAA,aAAM,EAAC,IAAI,CAAC,CAAC,EAAE,CAAC,EAAE,CAAC,IAAI,CAAC,KAAK,CAAC,EAAC,OAAO,EAAC,wCAAwC,EAAC,CAAC,CAAA;QACrF,CAAC;KAAA,CAAC,CAAA;AACN,CAAC,CAAC,CAAA","sourcesContent":["import { expect } from 'chai';\r\nimport { appInstance } from '../app';\r\nimport chai from 'chai';\r\nimport chaiHttp from 'chai-http';\r\nimport { cards,addCard } from './mocks';\r\n\r\nchai.use(chaiHttp);\r\n\r\nconst {app} = appInstance\r\n\r\ndescribe('/card',() =>{\r\n    it('GET /:userId',async function(){\r\n        const {status,body} = await chai.request(app).get('/card/1')\r\n        expect(status).to.be.equal(200)\r\n        expect(body).to.be.deep.equal(cards)\r\n    })\r\n    it('POST /:userId', async function(){\r\n        const {status,body} = await chai.request(app).post('/card/1').send(addCard)\r\n        expect(status).to.be.deep.equal(201)\r\n        expect(body).to.be.deep.equal({...addCard,id:13,userId:1})\r\n    })\r\n    it('DELETE /:userId/:cardId', async function(){\r\n        const {status} = await chai.request(app).delete('/card/1/13')\r\n        expect(status).to.be.deep.equal(200)\r\n    })\r\n})\r\n\r\ndescribe('/card errors',()=>{\r\n    it('GET /:userId',async function(){\r\n        const {status,body} = await chai.request(app).get('/card/4')\r\n        expect(status).to.be.equal(404)\r\n        expect(body).to.be.deep.equal({message:'dont have cards'})\r\n    })\r\n    it('POST /:userId', async function(){\r\n        const {status,body} = await chai.request(app).post('/card/1').send({name:'a'})\r\n        expect(status).to.be.deep.equal(400)\r\n        expect(body).to.be.deep.equal({message:'missing values or invalid values'})\r\n    })\r\n    it('DELETE /:userId/:cardId', async function(){\r\n        const {status,body} = await chai.request(app).delete('/card/1/99')\r\n        expect(status).to.be.deep.equal(403)\r\n        expect(body).to.be.deep.equal({message:'it is not possible to remove this card'})\r\n    })\r\n})"]},"_coverageSchema":"1a1c01bbd47fc00a2c39e90264f33305004495a9","hash":"74e1e30c631fd6c561882bbea6c1ea100ab94360","contentHash":"a54edaf74fa7f8875a23c211fea4311fe1c1632197a0c9f9b44db9c9442d3e55"},"D:\\Usuario\\Desktop\\projetos\\pokeCard_api\\routes\\index.ts":{"path":"D:\\Usuario\\Desktop\\projetos\\pokeCard_api\\routes\\index.ts","statementMap":{"0":{"start":{"line":2,"column":22},"end":{"line":4,"column":1}},"1":{"start":{"line":3,"column":4},"end":{"line":3,"column":62}},"2":{"start":{"line":5,"column":0},"end":{"line":5,"column":62}},"3":{"start":{"line":6,"column":18},"end":{"line":6,"column":36}},"4":{"start":{"line":7,"column":22},"end":{"line":7,"column":63}},"5":{"start":{"line":8,"column":21},"end":{"line":8,"column":61}},"6":{"start":{"line":9,"column":21},"end":{"line":9,"column":61}},"7":{"start":{"line":10,"column":15},"end":{"line":10,"column":38}},"8":{"start":{"line":11,"column":0},"end":{"line":11,"column":44}},"9":{"start":{"line":12,"column":0},"end":{"line":12,"column":42}},"10":{"start":{"line":13,"column":0},"end":{"line":13,"column":42}},"11":{"start":{"line":14,"column":0},"end":{"line":14,"column":25}}},"fnMap":{"0":{"name":"(anonymous_0)","decl":{"start":{"line":2,"column":56},"end":{"line":2,"column":57}},"loc":{"start":{"line":2,"column":71},"end":{"line":4,"column":1}},"line":2}},"branchMap":{"0":{"loc":{"start":{"line":2,"column":22},"end":{"line":4,"column":1}},"type":"binary-expr","locations":[{"start":{"line":2,"column":23},"end":{"line":2,"column":27}},{"start":{"line":2,"column":31},"end":{"line":2,"column":51}},{"start":{"line":2,"column":56},"end":{"line":4,"column":1}}],"line":2},"1":{"loc":{"start":{"line":3,"column":11},"end":{"line":3,"column":61}},"type":"cond-expr","locations":[{"start":{"line":3,"column":37},"end":{"line":3,"column":40}},{"start":{"line":3,"column":43},"end":{"line":3,"column":61}}],"line":3},"2":{"loc":{"start":{"line":3,"column":12},"end":{"line":3,"column":33}},"type":"binary-expr","locations":[{"start":{"line":3,"column":12},"end":{"line":3,"column":15}},{"start":{"line":3,"column":19},"end":{"line":3,"column":33}}],"line":3}},"s":{"0":1,"1":3,"2":1,"3":1,"4":1,"5":1,"6":1,"7":1,"8":1,"9":1,"10":1,"11":1},"f":{"0":3},"b":{"0":[1,1,1],"1":[3,0],"2":[3,3]},"inputSourceMap":{"version":3,"file":"D:/Usuario/Desktop/projetos/pokeCard_api/routes/index.ts","sources":["D:/Usuario/Desktop/projetos/pokeCard_api/routes/index.ts"],"names":[],"mappings":";;;;;AAAA,qCAAiC;AACjC,gEAAwC;AACxC,8DAAsC;AACtC,8DAAsC;AAEtC,MAAM,MAAM,GAAG,IAAA,gBAAM,GAAE,CAAC;AAExB,MAAM,CAAC,GAAG,CAAC,QAAQ,EAAC,qBAAW,CAAC,CAAA;AAChC,MAAM,CAAC,GAAG,CAAC,OAAO,EAAC,oBAAU,CAAC,CAAA;AAC9B,MAAM,CAAC,GAAG,CAAC,OAAO,EAAC,oBAAU,CAAC,CAAA;AAE9B,kBAAe,MAAM,CAAC","sourcesContent":["import { Router } from 'express';\r\nimport loginRouter from './loginRouter';\r\nimport cardRouter from './cardRouter';\r\nimport deckRouter from './deckRouter';\r\n\r\nconst router = Router();\r\n\r\nrouter.use('/login',loginRouter)\r\nrouter.use('/card',cardRouter)\r\nrouter.use('/deck',deckRouter)\r\n\r\nexport default router;"]},"_coverageSchema":"1a1c01bbd47fc00a2c39e90264f33305004495a9","hash":"3254497c7a40535568737eba015bbbdc51afc9bf","contentHash":"ad8b509919b82da06c9e7a000d01edf6738ec6e7f67815a8d8d22c90e46c3de3"},"D:\\Usuario\\Desktop\\projetos\\pokeCard_api\\routes\\loginRouter.ts":{"path":"D:\\Usuario\\Desktop\\projetos\\pokeCard_api\\routes\\loginRouter.ts","statementMap":{"0":{"start":{"line":2,"column":22},"end":{"line":4,"column":1}},"1":{"start":{"line":3,"column":4},"end":{"line":3,"column":62}},"2":{"start":{"line":5,"column":0},"end":{"line":5,"column":62}},"3":{"start":{"line":6,"column":18},"end":{"line":6,"column":36}},"4":{"start":{"line":7,"column":26},"end":{"line":7,"column":83}},"5":{"start":{"line":8,"column":20},"end":{"line":8,"column":43}},"6":{"start":{"line":9,"column":24},"end":{"line":9,"column":55}},"7":{"start":{"line":10,"column":0},"end":{"line":10,"column":69}},"8":{"start":{"line":10,"column":36},"end":{"line":10,"column":67}},"9":{"start":{"line":11,"column":0},"end":{"line":11,"column":80}},"10":{"start":{"line":11,"column":44},"end":{"line":11,"column":78}},"11":{"start":{"line":12,"column":0},"end":{"line":12,"column":30}}},"fnMap":{"0":{"name":"(anonymous_0)","decl":{"start":{"line":2,"column":56},"end":{"line":2,"column":57}},"loc":{"start":{"line":2,"column":71},"end":{"line":4,"column":1}},"line":2},"1":{"name":"(anonymous_1)","decl":{"start":{"line":10,"column":22},"end":{"line":10,"column":23}},"loc":{"start":{"line":10,"column":36},"end":{"line":10,"column":67}},"line":10},"2":{"name":"(anonymous_2)","decl":{"start":{"line":11,"column":30},"end":{"line":11,"column":31}},"loc":{"start":{"line":11,"column":44},"end":{"line":11,"column":78}},"line":11}},"branchMap":{"0":{"loc":{"start":{"line":2,"column":22},"end":{"line":4,"column":1}},"type":"binary-expr","locations":[{"start":{"line":2,"column":23},"end":{"line":2,"column":27}},{"start":{"line":2,"column":31},"end":{"line":2,"column":51}},{"start":{"line":2,"column":56},"end":{"line":4,"column":1}}],"line":2},"1":{"loc":{"start":{"line":3,"column":11},"end":{"line":3,"column":61}},"type":"cond-expr","locations":[{"start":{"line":3,"column":37},"end":{"line":3,"column":40}},{"start":{"line":3,"column":43},"end":{"line":3,"column":61}}],"line":3},"2":{"loc":{"start":{"line":3,"column":12},"end":{"line":3,"column":33}},"type":"binary-expr","locations":[{"start":{"line":3,"column":12},"end":{"line":3,"column":15}},{"start":{"line":3,"column":19},"end":{"line":3,"column":33}}],"line":3}},"s":{"0":1,"1":1,"2":1,"3":1,"4":1,"5":1,"6":1,"7":1,"8":2,"9":1,"10":2,"11":1},"f":{"0":1,"1":2,"2":2},"b":{"0":[1,1,1],"1":[1,0],"2":[1,1]},"inputSourceMap":{"version":3,"file":"D:/Usuario/Desktop/projetos/pokeCard_api/routes/loginRouter.ts","sources":["D:/Usuario/Desktop/projetos/pokeCard_api/routes/loginRouter.ts"],"names":[],"mappings":";;;;;AAAA,qCAAoD;AACpD,oFAA4D;AAE5D,MAAM,WAAW,GAAG,IAAA,gBAAM,GAAE,CAAC;AAE7B,MAAM,eAAe,GAAG,IAAI,yBAAe,EAAE,CAAC;AAE9C,WAAW,CAAC,IAAI,CAAC,GAAG,EAAE,CAAC,GAAY,EAAE,GAAa,EAAE,EAAE,CAAC,eAAe,CAAC,KAAK,CAAC,GAAG,EAAE,GAAG,CAAC,CAAC,CAAC;AACxF,WAAW,CAAC,IAAI,CAAC,WAAW,EAAC,CAAC,GAAY,EAAE,GAAa,EAAE,EAAE,CAAC,eAAe,CAAC,QAAQ,CAAC,GAAG,EAAE,GAAG,CAAC,CAAC,CAAA;AAEjG,kBAAe,WAAW,CAAC","sourcesContent":["import { Request, Router, Response } from 'express';\r\nimport LoginController from '../controller/loginController';\r\n\r\nconst loginRouter = Router();\r\n\r\nconst loginController = new LoginController();\r\n\r\nloginRouter.post('/', (req: Request, res: Response) => loginController.login(req, res));\r\nloginRouter.post('/register',(req: Request, res: Response) => loginController.register(req, res))\r\n\r\nexport default loginRouter;"]},"_coverageSchema":"1a1c01bbd47fc00a2c39e90264f33305004495a9","hash":"9347b798326889b010edefe63b29fb18d49522d4","contentHash":"b4242729e8a8c12982fe45fef83ac3193bf44733cb799a021632a82109cc8f45"},"D:\\Usuario\\Desktop\\projetos\\pokeCard_api\\controller\\loginController.ts":{"path":"D:\\Usuario\\Desktop\\projetos\\pokeCard_api\\controller\\loginController.ts","statementMap":{"0":{"start":{"line":2,"column":16},"end":{"line":10,"column":1}},"1":{"start":{"line":3,"column":28},"end":{"line":3,"column":110}},"2":{"start":{"line":3,"column":91},"end":{"line":3,"column":106}},"3":{"start":{"line":4,"column":4},"end":{"line":9,"column":7}},"4":{"start":{"line":5,"column":36},"end":{"line":5,"column":97}},"5":{"start":{"line":5,"column":42},"end":{"line":5,"column":70}},"6":{"start":{"line":5,"column":85},"end":{"line":5,"column":95}},"7":{"start":{"line":6,"column":35},"end":{"line":6,"column":100}},"8":{"start":{"line":6,"column":41},"end":{"line":6,"column":73}},"9":{"start":{"line":6,"column":88},"end":{"line":6,"column":98}},"10":{"start":{"line":7,"column":32},"end":{"line":7,"column":116}},"11":{"start":{"line":8,"column":8},"end":{"line":8,"column":78}},"12":{"start":{"line":11,"column":22},"end":{"line":13,"column":1}},"13":{"start":{"line":12,"column":4},"end":{"line":12,"column":62}},"14":{"start":{"line":14,"column":0},"end":{"line":14,"column":62}},"15":{"start":{"line":15,"column":23},"end":{"line":15,"column":75}},"16":{"start":{"line":18,"column":8},"end":{"line":18,"column":41}},"17":{"start":{"line":21,"column":8},"end":{"line":28,"column":11}},"18":{"start":{"line":22,"column":43},"end":{"line":22,"column":51}},"19":{"start":{"line":23,"column":38},"end":{"line":23,"column":87}},"20":{"start":{"line":24,"column":12},"end":{"line":26,"column":13}},"21":{"start":{"line":25,"column":16},"end":{"line":25,"column":58}},"22":{"start":{"line":27,"column":12},"end":{"line":27,"column":49}},"23":{"start":{"line":31,"column":8},"end":{"line":38,"column":11}},"24":{"start":{"line":32,"column":43},"end":{"line":32,"column":51}},"25":{"start":{"line":33,"column":38},"end":{"line":33,"column":90}},"26":{"start":{"line":34,"column":12},"end":{"line":36,"column":13}},"27":{"start":{"line":35,"column":16},"end":{"line":35,"column":58}},"28":{"start":{"line":37,"column":12},"end":{"line":37,"column":49}},"29":{"start":{"line":41,"column":0},"end":{"line":41,"column":34}}},"fnMap":{"0":{"name":"(anonymous_0)","decl":{"start":{"line":2,"column":44},"end":{"line":2,"column":45}},"loc":{"start":{"line":2,"column":89},"end":{"line":10,"column":1}},"line":2},"1":{"name":"adopt","decl":{"start":{"line":3,"column":13},"end":{"line":3,"column":18}},"loc":{"start":{"line":3,"column":26},"end":{"line":3,"column":112}},"line":3},"2":{"name":"(anonymous_2)","decl":{"start":{"line":3,"column":70},"end":{"line":3,"column":71}},"loc":{"start":{"line":3,"column":89},"end":{"line":3,"column":108}},"line":3},"3":{"name":"(anonymous_3)","decl":{"start":{"line":4,"column":36},"end":{"line":4,"column":37}},"loc":{"start":{"line":4,"column":63},"end":{"line":9,"column":5}},"line":4},"4":{"name":"fulfilled","decl":{"start":{"line":5,"column":17},"end":{"line":5,"column":26}},"loc":{"start":{"line":5,"column":34},"end":{"line":5,"column":99}},"line":5},"5":{"name":"rejected","decl":{"start":{"line":6,"column":17},"end":{"line":6,"column":25}},"loc":{"start":{"line":6,"column":33},"end":{"line":6,"column":102}},"line":6},"6":{"name":"step","decl":{"start":{"line":7,"column":17},"end":{"line":7,"column":21}},"loc":{"start":{"line":7,"column":30},"end":{"line":7,"column":118}},"line":7},"7":{"name":"(anonymous_7)","decl":{"start":{"line":11,"column":56},"end":{"line":11,"column":57}},"loc":{"start":{"line":11,"column":71},"end":{"line":13,"column":1}},"line":11},"8":{"name":"(anonymous_8)","decl":{"start":{"line":17,"column":4},"end":{"line":17,"column":5}},"loc":{"start":{"line":17,"column":61},"end":{"line":19,"column":5}},"line":17},"9":{"name":"(anonymous_9)","decl":{"start":{"line":20,"column":4},"end":{"line":20,"column":5}},"loc":{"start":{"line":20,"column":20},"end":{"line":29,"column":5}},"line":20},"10":{"name":"(anonymous_10)","decl":{"start":{"line":21,"column":47},"end":{"line":21,"column":48}},"loc":{"start":{"line":21,"column":60},"end":{"line":28,"column":9}},"line":21},"11":{"name":"(anonymous_11)","decl":{"start":{"line":30,"column":4},"end":{"line":30,"column":5}},"loc":{"start":{"line":30,"column":23},"end":{"line":39,"column":5}},"line":30},"12":{"name":"(anonymous_12)","decl":{"start":{"line":31,"column":47},"end":{"line":31,"column":48}},"loc":{"start":{"line":31,"column":60},"end":{"line":38,"column":9}},"line":31}},"branchMap":{"0":{"loc":{"start":{"line":2,"column":16},"end":{"line":10,"column":1}},"type":"binary-expr","locations":[{"start":{"line":2,"column":17},"end":{"line":2,"column":21}},{"start":{"line":2,"column":25},"end":{"line":2,"column":39}},{"start":{"line":2,"column":44},"end":{"line":10,"column":1}}],"line":2},"1":{"loc":{"start":{"line":3,"column":35},"end":{"line":3,"column":109}},"type":"cond-expr","locations":[{"start":{"line":3,"column":56},"end":{"line":3,"column":61}},{"start":{"line":3,"column":64},"end":{"line":3,"column":109}}],"line":3},"2":{"loc":{"start":{"line":4,"column":16},"end":{"line":4,"column":34}},"type":"binary-expr","locations":[{"start":{"line":4,"column":16},"end":{"line":4,"column":17}},{"start":{"line":4,"column":22},"end":{"line":4,"column":33}}],"line":4},"3":{"loc":{"start":{"line":7,"column":32},"end":{"line":7,"column":115}},"type":"cond-expr","locations":[{"start":{"line":7,"column":46},"end":{"line":7,"column":67}},{"start":{"line":7,"column":70},"end":{"line":7,"column":115}}],"line":7},"4":{"loc":{"start":{"line":8,"column":51},"end":{"line":8,"column":67}},"type":"binary-expr","locations":[{"start":{"line":8,"column":51},"end":{"line":8,"column":61}},{"start":{"line":8,"column":65},"end":{"line":8,"column":67}}],"line":8},"5":{"loc":{"start":{"line":11,"column":22},"end":{"line":13,"column":1}},"type":"binary-expr","locations":[{"start":{"line":11,"column":23},"end":{"line":11,"column":27}},{"start":{"line":11,"column":31},"end":{"line":11,"column":51}},{"start":{"line":11,"column":56},"end":{"line":13,"column":1}}],"line":11},"6":{"loc":{"start":{"line":12,"column":11},"end":{"line":12,"column":61}},"type":"cond-expr","locations":[{"start":{"line":12,"column":37},"end":{"line":12,"column":40}},{"start":{"line":12,"column":43},"end":{"line":12,"column":61}}],"line":12},"7":{"loc":{"start":{"line":12,"column":12},"end":{"line":12,"column":33}},"type":"binary-expr","locations":[{"start":{"line":12,"column":12},"end":{"line":12,"column":15}},{"start":{"line":12,"column":19},"end":{"line":12,"column":33}}],"line":12},"8":{"loc":{"start":{"line":17,"column":16},"end":{"line":17,"column":59}},"type":"default-arg","locations":[{"start":{"line":17,"column":31},"end":{"line":17,"column":59}}],"line":17},"9":{"loc":{"start":{"line":24,"column":12},"end":{"line":26,"column":13}},"type":"if","locations":[{"start":{"line":24,"column":12},"end":{"line":26,"column":13}},{"start":{"line":24,"column":12},"end":{"line":26,"column":13}}],"line":24},"10":{"loc":{"start":{"line":34,"column":12},"end":{"line":36,"column":13}},"type":"if","locations":[{"start":{"line":34,"column":12},"end":{"line":36,"column":13}},{"start":{"line":34,"column":12},"end":{"line":36,"column":13}}],"line":34}},"s":{"0":1,"1":4,"2":0,"3":4,"4":4,"5":4,"6":0,"7":0,"8":0,"9":0,"10":8,"11":4,"12":1,"13":1,"14":1,"15":1,"16":1,"17":2,"18":2,"19":2,"20":2,"21":1,"22":1,"23":2,"24":2,"25":2,"26":2,"27":1,"28":1,"29":1},"f":{"0":4,"1":4,"2":0,"3":4,"4":4,"5":0,"6":8,"7":1,"8":1,"9":2,"10":2,"11":2,"12":2},"b":{"0":[1,1,1],"1":[4,0],"2":[4,4],"3":[4,4],"4":[4,4],"5":[1,1,1],"6":[1,0],"7":[1,1],"8":[1],"9":[1,1],"10":[1,1]},"inputSourceMap":{"version":3,"file":"D:/Usuario/Desktop/projetos/pokeCard_api/controller/loginController.ts","sources":["D:/Usuario/Desktop/projetos/pokeCard_api/controller/loginController.ts"],"names":[],"mappings":";;;;;;;;;;;;;;AACA,4EAAoD;AAEpD,MAAqB,eAAe;IAClC,YAAoB,eAAmB,IAAI,sBAAY,EAAE;QAArC,iBAAY,GAAZ,YAAY,CAAyB;IAAI,CAAC;IACjD,KAAK,CAAC,GAAW,EAAC,GAAY;;YACzC,MAAM,EAAC,QAAQ,EAAC,QAAQ,EAAC,GAAG,GAAG,CAAC,IAAI,CAAC;YACrC,MAAM,EAAC,IAAI,EAAC,OAAO,EAAC,GAAG,MAAM,IAAI,CAAC,YAAY,CAAC,KAAK,CAAC,QAAQ,EAAC,QAAQ,CAAC,CAAC;YACxE,IAAG,IAAI,EAAC;gBACN,OAAO,GAAG,CAAC,MAAM,CAAC,IAAI,CAAC,CAAC,IAAI,CAAC,EAAC,OAAO,EAAC,CAAC,CAAA;aACxC;YACD,OAAO,GAAG,CAAC,MAAM,CAAC,GAAG,CAAC,CAAC,IAAI,CAAC,OAAO,CAAC,CAAA;QACtC,CAAC;KAAA;IACY,QAAQ,CAAC,GAAW,EAAC,GAAY;;YAC5C,MAAM,EAAC,QAAQ,EAAC,QAAQ,EAAC,GAAG,GAAG,CAAC,IAAI,CAAC;YACrC,MAAM,EAAC,IAAI,EAAC,OAAO,EAAC,GAAG,MAAM,IAAI,CAAC,YAAY,CAAC,QAAQ,CAAC,QAAQ,EAAC,QAAQ,CAAC,CAAC;YAC3E,IAAG,IAAI,EAAC;gBACN,OAAO,GAAG,CAAC,MAAM,CAAC,IAAI,CAAC,CAAC,IAAI,CAAC,EAAC,OAAO,EAAC,CAAC,CAAA;aACxC;YACD,OAAO,GAAG,CAAC,MAAM,CAAC,GAAG,CAAC,CAAC,IAAI,CAAC,OAAO,CAAC,CAAA;QACtC,CAAC;KAAA;CACF;AAlBD,kCAkBC","sourcesContent":["import { Request, Response } from 'express';\r\nimport LoginService from '../services/loginService';\r\n\r\nexport default class LoginController {\r\n  constructor(private loginService:any = new LoginService()) { }\r\n  public async login(req:Request,res:Response){\r\n    const {userName,password} = req.body;\r\n    const {type,message} = await this.loginService.login(userName,password);\r\n    if(type){\r\n      return res.status(type).json({message})\r\n    }\r\n    return res.status(200).json(message)\r\n  }\r\n  public async register(req:Request,res:Response){\r\n    const {userName,password} = req.body;\r\n    const {type,message} = await this.loginService.register(userName,password);\r\n    if(type){\r\n      return res.status(type).json({message})\r\n    }\r\n    return res.status(201).json(message)\r\n  }\r\n}"]},"_coverageSchema":"1a1c01bbd47fc00a2c39e90264f33305004495a9","hash":"a7a42e6ead70bde7f48a1bae1392ad88f6cec9f9","contentHash":"0cfbe99967c850c0eed052a1df88a9664ad6b83f9ad73e9a195cbba9e6e7ff1e"},"D:\\Usuario\\Desktop\\projetos\\pokeCard_api\\services\\loginService.ts":{"path":"D:\\Usuario\\Desktop\\projetos\\pokeCard_api\\services\\loginService.ts","statementMap":{"0":{"start":{"line":2,"column":16},"end":{"line":10,"column":1}},"1":{"start":{"line":3,"column":28},"end":{"line":3,"column":110}},"2":{"start":{"line":3,"column":91},"end":{"line":3,"column":106}},"3":{"start":{"line":4,"column":4},"end":{"line":9,"column":7}},"4":{"start":{"line":5,"column":36},"end":{"line":5,"column":97}},"5":{"start":{"line":5,"column":42},"end":{"line":5,"column":70}},"6":{"start":{"line":5,"column":85},"end":{"line":5,"column":95}},"7":{"start":{"line":6,"column":35},"end":{"line":6,"column":100}},"8":{"start":{"line":6,"column":41},"end":{"line":6,"column":73}},"9":{"start":{"line":6,"column":88},"end":{"line":6,"column":98}},"10":{"start":{"line":7,"column":32},"end":{"line":7,"column":116}},"11":{"start":{"line":8,"column":8},"end":{"line":8,"column":78}},"12":{"start":{"line":11,"column":22},"end":{"line":13,"column":1}},"13":{"start":{"line":12,"column":4},"end":{"line":12,"column":62}},"14":{"start":{"line":14,"column":0},"end":{"line":14,"column":62}},"15":{"start":{"line":15,"column":20},"end":{"line":15,"column":67}},"16":{"start":{"line":18,"column":8},"end":{"line":18,"column":45}},"17":{"start":{"line":21,"column":8},"end":{"line":29,"column":11}},"18":{"start":{"line":22,"column":25},"end":{"line":22,"column":98}},"19":{"start":{"line":23,"column":12},"end":{"line":28,"column":13}},"20":{"start":{"line":24,"column":16},"end":{"line":24,"column":89}},"21":{"start":{"line":27,"column":16},"end":{"line":27,"column":78}},"22":{"start":{"line":32,"column":8},"end":{"line":39,"column":11}},"23":{"start":{"line":33,"column":25},"end":{"line":33,"column":88}},"24":{"start":{"line":34,"column":12},"end":{"line":37,"column":13}},"25":{"start":{"line":35,"column":32},"end":{"line":35,"column":93}},"26":{"start":{"line":36,"column":16},"end":{"line":36,"column":95}},"27":{"start":{"line":38,"column":12},"end":{"line":38,"column":62}},"28":{"start":{"line":42,"column":0},"end":{"line":42,"column":31}}},"fnMap":{"0":{"name":"(anonymous_0)","decl":{"start":{"line":2,"column":44},"end":{"line":2,"column":45}},"loc":{"start":{"line":2,"column":89},"end":{"line":10,"column":1}},"line":2},"1":{"name":"adopt","decl":{"start":{"line":3,"column":13},"end":{"line":3,"column":18}},"loc":{"start":{"line":3,"column":26},"end":{"line":3,"column":112}},"line":3},"2":{"name":"(anonymous_2)","decl":{"start":{"line":3,"column":70},"end":{"line":3,"column":71}},"loc":{"start":{"line":3,"column":89},"end":{"line":3,"column":108}},"line":3},"3":{"name":"(anonymous_3)","decl":{"start":{"line":4,"column":36},"end":{"line":4,"column":37}},"loc":{"start":{"line":4,"column":63},"end":{"line":9,"column":5}},"line":4},"4":{"name":"fulfilled","decl":{"start":{"line":5,"column":17},"end":{"line":5,"column":26}},"loc":{"start":{"line":5,"column":34},"end":{"line":5,"column":99}},"line":5},"5":{"name":"rejected","decl":{"start":{"line":6,"column":17},"end":{"line":6,"column":25}},"loc":{"start":{"line":6,"column":33},"end":{"line":6,"column":102}},"line":6},"6":{"name":"step","decl":{"start":{"line":7,"column":17},"end":{"line":7,"column":21}},"loc":{"start":{"line":7,"column":30},"end":{"line":7,"column":118}},"line":7},"7":{"name":"(anonymous_7)","decl":{"start":{"line":11,"column":56},"end":{"line":11,"column":57}},"loc":{"start":{"line":11,"column":71},"end":{"line":13,"column":1}},"line":11},"8":{"name":"(anonymous_8)","decl":{"start":{"line":17,"column":4},"end":{"line":17,"column":5}},"loc":{"start":{"line":17,"column":18},"end":{"line":19,"column":5}},"line":17},"9":{"name":"(anonymous_9)","decl":{"start":{"line":20,"column":4},"end":{"line":20,"column":5}},"loc":{"start":{"line":20,"column":30},"end":{"line":30,"column":5}},"line":20},"10":{"name":"(anonymous_10)","decl":{"start":{"line":21,"column":47},"end":{"line":21,"column":48}},"loc":{"start":{"line":21,"column":60},"end":{"line":29,"column":9}},"line":21},"11":{"name":"(anonymous_11)","decl":{"start":{"line":31,"column":4},"end":{"line":31,"column":5}},"loc":{"start":{"line":31,"column":33},"end":{"line":40,"column":5}},"line":31},"12":{"name":"(anonymous_12)","decl":{"start":{"line":32,"column":47},"end":{"line":32,"column":48}},"loc":{"start":{"line":32,"column":60},"end":{"line":39,"column":9}},"line":32}},"branchMap":{"0":{"loc":{"start":{"line":2,"column":16},"end":{"line":10,"column":1}},"type":"binary-expr","locations":[{"start":{"line":2,"column":17},"end":{"line":2,"column":21}},{"start":{"line":2,"column":25},"end":{"line":2,"column":39}},{"start":{"line":2,"column":44},"end":{"line":10,"column":1}}],"line":2},"1":{"loc":{"start":{"line":3,"column":35},"end":{"line":3,"column":109}},"type":"cond-expr","locations":[{"start":{"line":3,"column":56},"end":{"line":3,"column":61}},{"start":{"line":3,"column":64},"end":{"line":3,"column":109}}],"line":3},"2":{"loc":{"start":{"line":4,"column":16},"end":{"line":4,"column":34}},"type":"binary-expr","locations":[{"start":{"line":4,"column":16},"end":{"line":4,"column":17}},{"start":{"line":4,"column":22},"end":{"line":4,"column":33}}],"line":4},"3":{"loc":{"start":{"line":7,"column":32},"end":{"line":7,"column":115}},"type":"cond-expr","locations":[{"start":{"line":7,"column":46},"end":{"line":7,"column":67}},{"start":{"line":7,"column":70},"end":{"line":7,"column":115}}],"line":7},"4":{"loc":{"start":{"line":8,"column":51},"end":{"line":8,"column":67}},"type":"binary-expr","locations":[{"start":{"line":8,"column":51},"end":{"line":8,"column":61}},{"start":{"line":8,"column":65},"end":{"line":8,"column":67}}],"line":8},"5":{"loc":{"start":{"line":11,"column":22},"end":{"line":13,"column":1}},"type":"binary-expr","locations":[{"start":{"line":11,"column":23},"end":{"line":11,"column":27}},{"start":{"line":11,"column":31},"end":{"line":11,"column":51}},{"start":{"line":11,"column":56},"end":{"line":13,"column":1}}],"line":11},"6":{"loc":{"start":{"line":12,"column":11},"end":{"line":12,"column":61}},"type":"cond-expr","locations":[{"start":{"line":12,"column":37},"end":{"line":12,"column":40}},{"start":{"line":12,"column":43},"end":{"line":12,"column":61}}],"line":12},"7":{"loc":{"start":{"line":12,"column":12},"end":{"line":12,"column":33}},"type":"binary-expr","locations":[{"start":{"line":12,"column":12},"end":{"line":12,"column":15}},{"start":{"line":12,"column":19},"end":{"line":12,"column":33}}],"line":12},"8":{"loc":{"start":{"line":23,"column":12},"end":{"line":28,"column":13}},"type":"if","locations":[{"start":{"line":23,"column":12},"end":{"line":28,"column":13}},{"start":{"line":23,"column":12},"end":{"line":28,"column":13}}],"line":23},"9":{"loc":{"start":{"line":34,"column":12},"end":{"line":37,"column":13}},"type":"if","locations":[{"start":{"line":34,"column":12},"end":{"line":37,"column":13}},{"start":{"line":34,"column":12},"end":{"line":37,"column":13}}],"line":34},"10":{"loc":{"start":{"line":34,"column":16},"end":{"line":34,"column":67}},"type":"binary-expr","locations":[{"start":{"line":34,"column":16},"end":{"line":34,"column":21}},{"start":{"line":34,"column":25},"end":{"line":34,"column":44}},{"start":{"line":34,"column":48},"end":{"line":34,"column":67}}],"line":34}},"s":{"0":1,"1":5,"2":0,"3":4,"4":5,"5":5,"6":0,"7":0,"8":0,"9":0,"10":9,"11":4,"12":1,"13":1,"14":1,"15":1,"16":1,"17":2,"18":2,"19":2,"20":1,"21":1,"22":2,"23":2,"24":2,"25":1,"26":1,"27":1,"28":1},"f":{"0":4,"1":5,"2":0,"3":4,"4":5,"5":0,"6":9,"7":1,"8":1,"9":2,"10":2,"11":2,"12":2},"b":{"0":[1,1,1],"1":[5,0],"2":[4,4],"3":[4,5],"4":[4,4],"5":[1,1,1],"6":[1,0],"7":[1,1],"8":[1,1],"9":[1,1],"10":[2,1,1]},"inputSourceMap":{"version":3,"file":"D:/Usuario/Desktop/projetos/pokeCard_api/services/loginService.ts","sources":["D:/Usuario/Desktop/projetos/pokeCard_api/services/loginService.ts"],"names":[],"mappings":";;;;;;;;;;;;;;AAAA,oEAA2C;AAG3C,MAAqB,YAAY;IAAjC;QACU,cAAS,GAAG,mBAAS,CAAC;IAiBhC,CAAC;IAhBc,KAAK,CAAC,QAAe,EAAC,QAAe;;YAChD,MAAM,IAAI,GAAG,MAAM,IAAI,CAAC,SAAS,CAAC,OAAO,CAAC,EAAC,KAAK,EAAC,EAAC,QAAQ,EAAC,QAAQ,EAAC,QAAQ,EAAC,EAAC,CAAC,CAAA;YAC/E,IAAG,IAAI,EAAC;gBACN,OAAO,EAAC,IAAI,EAAC,IAAI,EAAC,OAAO,EAAC,EAAC,EAAE,EAAC,IAAI,CAAC,EAAE,EAAC,QAAQ,EAAC,IAAI,CAAC,QAAQ,EAAC,EAAC,CAAA;aAC/D;iBAAI;gBACH,OAAO,EAAC,IAAI,EAAC,GAAG,EAAC,OAAO,EAAC,8BAA8B,EAAC,CAAA;aACzD;QACH,CAAC;KAAA;IACY,QAAQ,CAAC,QAAe,EAAC,QAAe;;YACnD,MAAM,IAAI,GAAG,MAAM,IAAI,CAAC,SAAS,CAAC,OAAO,CAAC,EAAC,KAAK,EAAC,EAAC,QAAQ,EAAC,QAAQ,EAAC,EAAC,CAAC,CAAC;YACvE,IAAG,CAAC,IAAI,IAAI,QAAQ,CAAC,MAAM,GAAE,CAAC,IAAI,QAAQ,CAAC,MAAM,GAAE,CAAC,EAAC;gBACnD,MAAM,OAAO,GAAG,MAAM,IAAI,CAAC,SAAS,CAAC,MAAM,CAAC,EAAC,QAAQ,EAAC,QAAQ,EAAC,QAAQ,EAAC,CAAE,CAAA;gBAC1E,OAAM,EAAC,IAAI,EAAC,IAAI,EAAC,OAAO,EAAC,EAAC,EAAE,EAAC,OAAO,CAAC,EAAE,EAAC,QAAQ,EAAC,OAAO,CAAC,QAAQ,EAAC,EAAC,CAAA;aACpE;YACD,OAAO,EAAC,IAAI,EAAC,GAAG,EAAC,OAAO,EAAC,kBAAkB,EAAC,CAAA;QAC9C,CAAC;KAAA;CACF;AAlBD,+BAkBC","sourcesContent":["import UserModel from '../models/UserModel'\r\nimport {SERVER_RETURN} from '../types/index'\r\n\r\nexport default class LoginService {\r\n  private usermodel = UserModel;\r\n  public async login(username:string,password:string):Promise<SERVER_RETURN>{\r\n    const user = await this.usermodel.findOne({where:{userName:username,password}})\r\n    if(user){\r\n      return {type:null,message:{id:user.id,userName:user.userName}}\r\n    }else{\r\n      return {type:404,message:'userName or password invalid'}\r\n    }\r\n  }\r\n  public async register(username:string,password:string):Promise<SERVER_RETURN>{\r\n    const user = await this.usermodel.findOne({where:{userName:username}});\r\n    if(!user && username.length >3 && password.length >3){\r\n      const newUser = await this.usermodel.create({userName:username,password},)\r\n      return{type:null,message:{id:newUser.id,userName:newUser.userName}}\r\n    }\r\n    return {type:401,message:'username invalid'}\r\n  }\r\n}"]},"_coverageSchema":"1a1c01bbd47fc00a2c39e90264f33305004495a9","hash":"7bc932f0137531dee9067dcd07c3700e254d23bb","contentHash":"767863a351cd6608daaed817cee955899020cde01b5f6bb7d9c6d2d648955d53"},"D:\\Usuario\\Desktop\\projetos\\pokeCard_api\\routes\\cardRouter.ts":{"path":"D:\\Usuario\\Desktop\\projetos\\pokeCard_api\\routes\\cardRouter.ts","statementMap":{"0":{"start":{"line":2,"column":22},"end":{"line":4,"column":1}},"1":{"start":{"line":3,"column":4},"end":{"line":3,"column":62}},"2":{"start":{"line":5,"column":0},"end":{"line":5,"column":62}},"3":{"start":{"line":6,"column":18},"end":{"line":6,"column":36}},"4":{"start":{"line":7,"column":25},"end":{"line":7,"column":81}},"5":{"start":{"line":8,"column":19},"end":{"line":8,"column":42}},"6":{"start":{"line":9,"column":23},"end":{"line":9,"column":53}},"7":{"start":{"line":10,"column":0},"end":{"line":10,"column":80}},"8":{"start":{"line":10,"column":41},"end":{"line":10,"column":78}},"9":{"start":{"line":11,"column":0},"end":{"line":11,"column":89}},"10":{"start":{"line":11,"column":52},"end":{"line":11,"column":87}},"11":{"start":{"line":12,"column":0},"end":{"line":12,"column":76}},"12":{"start":{"line":12,"column":42},"end":{"line":12,"column":74}},"13":{"start":{"line":13,"column":0},"end":{"line":13,"column":29}}},"fnMap":{"0":{"name":"(anonymous_0)","decl":{"start":{"line":2,"column":56},"end":{"line":2,"column":57}},"loc":{"start":{"line":2,"column":71},"end":{"line":4,"column":1}},"line":2},"1":{"name":"(anonymous_1)","decl":{"start":{"line":10,"column":27},"end":{"line":10,"column":28}},"loc":{"start":{"line":10,"column":41},"end":{"line":10,"column":78}},"line":10},"2":{"name":"(anonymous_2)","decl":{"start":{"line":11,"column":38},"end":{"line":11,"column":39}},"loc":{"start":{"line":11,"column":52},"end":{"line":11,"column":87}},"line":11},"3":{"name":"(anonymous_3)","decl":{"start":{"line":12,"column":28},"end":{"line":12,"column":29}},"loc":{"start":{"line":12,"column":42},"end":{"line":12,"column":74}},"line":12}},"branchMap":{"0":{"loc":{"start":{"line":2,"column":22},"end":{"line":4,"column":1}},"type":"binary-expr","locations":[{"start":{"line":2,"column":23},"end":{"line":2,"column":27}},{"start":{"line":2,"column":31},"end":{"line":2,"column":51}},{"start":{"line":2,"column":56},"end":{"line":4,"column":1}}],"line":2},"1":{"loc":{"start":{"line":3,"column":11},"end":{"line":3,"column":61}},"type":"cond-expr","locations":[{"start":{"line":3,"column":37},"end":{"line":3,"column":40}},{"start":{"line":3,"column":43},"end":{"line":3,"column":61}}],"line":3},"2":{"loc":{"start":{"line":3,"column":12},"end":{"line":3,"column":33}},"type":"binary-expr","locations":[{"start":{"line":3,"column":12},"end":{"line":3,"column":15}},{"start":{"line":3,"column":19},"end":{"line":3,"column":33}}],"line":3}},"s":{"0":1,"1":1,"2":1,"3":1,"4":1,"5":1,"6":1,"7":1,"8":2,"9":1,"10":2,"11":1,"12":2,"13":1},"f":{"0":1,"1":2,"2":2,"3":2},"b":{"0":[1,1,1],"1":[1,0],"2":[1,1]},"inputSourceMap":{"version":3,"file":"D:/Usuario/Desktop/projetos/pokeCard_api/routes/cardRouter.ts","sources":["D:/Usuario/Desktop/projetos/pokeCard_api/routes/cardRouter.ts"],"names":[],"mappings":";;;;;AAAA,qCAAoD;AACpD,kFAA0D;AAE1D,MAAM,UAAU,GAAG,IAAA,gBAAM,GAAE,CAAC;AAE5B,MAAM,cAAc,GAAG,IAAI,wBAAc,EAAE,CAAC;AAE5C,UAAU,CAAC,GAAG,CAAC,UAAU,EAAC,CAAC,GAAY,EAAE,GAAa,EAAE,EAAE,CAAC,cAAc,CAAC,YAAY,CAAC,GAAG,EAAE,GAAG,CAAC,CAAC,CAAA;AACjG,UAAU,CAAC,MAAM,CAAC,kBAAkB,EAAC,CAAC,GAAY,EAAE,GAAa,EAAE,EAAE,CAAC,cAAc,CAAC,UAAU,CAAC,GAAG,EAAE,GAAG,CAAC,CAAC,CAAA;AAC1G,UAAU,CAAC,IAAI,CAAC,UAAU,EAAC,CAAC,GAAY,EAAE,GAAa,EAAE,EAAE,CAAC,cAAc,CAAC,OAAO,CAAC,GAAG,EAAE,GAAG,CAAC,CAAC,CAAA;AAE7F,kBAAe,UAAU,CAAC","sourcesContent":["import { Request, Router, Response } from 'express';\r\nimport CardController from '../controller/cardController';\r\n\r\nconst cardRouter = Router();\r\n\r\nconst cardController = new CardController();\r\n\r\ncardRouter.get('/:userId',(req: Request, res: Response) => cardController.getUserCards(req, res))\r\ncardRouter.delete('/:userId/:cardId',(req: Request, res: Response) => cardController.removeCard(req, res))\r\ncardRouter.post('/:userId',(req: Request, res: Response) => cardController.addCard(req, res))\r\n\r\nexport default cardRouter;"]},"_coverageSchema":"1a1c01bbd47fc00a2c39e90264f33305004495a9","hash":"bf1eff26ee33254c315610c78102403261d3d8bc","contentHash":"bf8a0d02512ee867c56bb2485e04c07d2a92cedf04cd6348746e890e07bd6815"},"D:\\Usuario\\Desktop\\projetos\\pokeCard_api\\controller\\cardController.ts":{"path":"D:\\Usuario\\Desktop\\projetos\\pokeCard_api\\controller\\cardController.ts","statementMap":{"0":{"start":{"line":2,"column":16},"end":{"line":10,"column":1}},"1":{"start":{"line":3,"column":28},"end":{"line":3,"column":110}},"2":{"start":{"line":3,"column":91},"end":{"line":3,"column":106}},"3":{"start":{"line":4,"column":4},"end":{"line":9,"column":7}},"4":{"start":{"line":5,"column":36},"end":{"line":5,"column":97}},"5":{"start":{"line":5,"column":42},"end":{"line":5,"column":70}},"6":{"start":{"line":5,"column":85},"end":{"line":5,"column":95}},"7":{"start":{"line":6,"column":35},"end":{"line":6,"column":100}},"8":{"start":{"line":6,"column":41},"end":{"line":6,"column":73}},"9":{"start":{"line":6,"column":88},"end":{"line":6,"column":98}},"10":{"start":{"line":7,"column":32},"end":{"line":7,"column":116}},"11":{"start":{"line":8,"column":8},"end":{"line":8,"column":78}},"12":{"start":{"line":11,"column":22},"end":{"line":13,"column":1}},"13":{"start":{"line":12,"column":4},"end":{"line":12,"column":62}},"14":{"start":{"line":14,"column":0},"end":{"line":14,"column":62}},"15":{"start":{"line":15,"column":22},"end":{"line":15,"column":73}},"16":{"start":{"line":18,"column":8},"end":{"line":18,"column":39}},"17":{"start":{"line":21,"column":8},"end":{"line":28,"column":11}},"18":{"start":{"line":22,"column":31},"end":{"line":22,"column":41}},"19":{"start":{"line":23,"column":38},"end":{"line":23,"column":82}},"20":{"start":{"line":24,"column":12},"end":{"line":26,"column":13}},"21":{"start":{"line":25,"column":16},"end":{"line":25,"column":58}},"22":{"start":{"line":27,"column":12},"end":{"line":27,"column":49}},"23":{"start":{"line":31,"column":8},"end":{"line":38,"column":11}},"24":{"start":{"line":32,"column":39},"end":{"line":32,"column":49}},"25":{"start":{"line":33,"column":38},"end":{"line":33,"column":89}},"26":{"start":{"line":34,"column":12},"end":{"line":36,"column":13}},"27":{"start":{"line":35,"column":16},"end":{"line":35,"column":58}},"28":{"start":{"line":37,"column":12},"end":{"line":37,"column":49}},"29":{"start":{"line":41,"column":8},"end":{"line":49,"column":11}},"30":{"start":{"line":42,"column":31},"end":{"line":42,"column":41}},"31":{"start":{"line":43,"column":25},"end":{"line":43,"column":33}},"32":{"start":{"line":44,"column":38},"end":{"line":44,"column":83}},"33":{"start":{"line":45,"column":12},"end":{"line":47,"column":13}},"34":{"start":{"line":46,"column":16},"end":{"line":46,"column":58}},"35":{"start":{"line":48,"column":12},"end":{"line":48,"column":49}},"36":{"start":{"line":52,"column":0},"end":{"line":52,"column":33}}},"fnMap":{"0":{"name":"(anonymous_0)","decl":{"start":{"line":2,"column":44},"end":{"line":2,"column":45}},"loc":{"start":{"line":2,"column":89},"end":{"line":10,"column":1}},"line":2},"1":{"name":"adopt","decl":{"start":{"line":3,"column":13},"end":{"line":3,"column":18}},"loc":{"start":{"line":3,"column":26},"end":{"line":3,"column":112}},"line":3},"2":{"name":"(anonymous_2)","decl":{"start":{"line":3,"column":70},"end":{"line":3,"column":71}},"loc":{"start":{"line":3,"column":89},"end":{"line":3,"column":108}},"line":3},"3":{"name":"(anonymous_3)","decl":{"start":{"line":4,"column":36},"end":{"line":4,"column":37}},"loc":{"start":{"line":4,"column":63},"end":{"line":9,"column":5}},"line":4},"4":{"name":"fulfilled","decl":{"start":{"line":5,"column":17},"end":{"line":5,"column":26}},"loc":{"start":{"line":5,"column":34},"end":{"line":5,"column":99}},"line":5},"5":{"name":"rejected","decl":{"start":{"line":6,"column":17},"end":{"line":6,"column":25}},"loc":{"start":{"line":6,"column":33},"end":{"line":6,"column":102}},"line":6},"6":{"name":"step","decl":{"start":{"line":7,"column":17},"end":{"line":7,"column":21}},"loc":{"start":{"line":7,"column":30},"end":{"line":7,"column":118}},"line":7},"7":{"name":"(anonymous_7)","decl":{"start":{"line":11,"column":56},"end":{"line":11,"column":57}},"loc":{"start":{"line":11,"column":71},"end":{"line":13,"column":1}},"line":11},"8":{"name":"(anonymous_8)","decl":{"start":{"line":17,"column":4},"end":{"line":17,"column":5}},"loc":{"start":{"line":17,"column":59},"end":{"line":19,"column":5}},"line":17},"9":{"name":"(anonymous_9)","decl":{"start":{"line":20,"column":4},"end":{"line":20,"column":5}},"loc":{"start":{"line":20,"column":27},"end":{"line":29,"column":5}},"line":20},"10":{"name":"(anonymous_10)","decl":{"start":{"line":21,"column":47},"end":{"line":21,"column":48}},"loc":{"start":{"line":21,"column":60},"end":{"line":28,"column":9}},"line":21},"11":{"name":"(anonymous_11)","decl":{"start":{"line":30,"column":4},"end":{"line":30,"column":5}},"loc":{"start":{"line":30,"column":25},"end":{"line":39,"column":5}},"line":30},"12":{"name":"(anonymous_12)","decl":{"start":{"line":31,"column":47},"end":{"line":31,"column":48}},"loc":{"start":{"line":31,"column":60},"end":{"line":38,"column":9}},"line":31},"13":{"name":"(anonymous_13)","decl":{"start":{"line":40,"column":4},"end":{"line":40,"column":5}},"loc":{"start":{"line":40,"column":22},"end":{"line":50,"column":5}},"line":40},"14":{"name":"(anonymous_14)","decl":{"start":{"line":41,"column":47},"end":{"line":41,"column":48}},"loc":{"start":{"line":41,"column":60},"end":{"line":49,"column":9}},"line":41}},"branchMap":{"0":{"loc":{"start":{"line":2,"column":16},"end":{"line":10,"column":1}},"type":"binary-expr","locations":[{"start":{"line":2,"column":17},"end":{"line":2,"column":21}},{"start":{"line":2,"column":25},"end":{"line":2,"column":39}},{"start":{"line":2,"column":44},"end":{"line":10,"column":1}}],"line":2},"1":{"loc":{"start":{"line":3,"column":35},"end":{"line":3,"column":109}},"type":"cond-expr","locations":[{"start":{"line":3,"column":56},"end":{"line":3,"column":61}},{"start":{"line":3,"column":64},"end":{"line":3,"column":109}}],"line":3},"2":{"loc":{"start":{"line":4,"column":16},"end":{"line":4,"column":34}},"type":"binary-expr","locations":[{"start":{"line":4,"column":16},"end":{"line":4,"column":17}},{"start":{"line":4,"column":22},"end":{"line":4,"column":33}}],"line":4},"3":{"loc":{"start":{"line":7,"column":32},"end":{"line":7,"column":115}},"type":"cond-expr","locations":[{"start":{"line":7,"column":46},"end":{"line":7,"column":67}},{"start":{"line":7,"column":70},"end":{"line":7,"column":115}}],"line":7},"4":{"loc":{"start":{"line":8,"column":51},"end":{"line":8,"column":67}},"type":"binary-expr","locations":[{"start":{"line":8,"column":51},"end":{"line":8,"column":61}},{"start":{"line":8,"column":65},"end":{"line":8,"column":67}}],"line":8},"5":{"loc":{"start":{"line":11,"column":22},"end":{"line":13,"column":1}},"type":"binary-expr","locations":[{"start":{"line":11,"column":23},"end":{"line":11,"column":27}},{"start":{"line":11,"column":31},"end":{"line":11,"column":51}},{"start":{"line":11,"column":56},"end":{"line":13,"column":1}}],"line":11},"6":{"loc":{"start":{"line":12,"column":11},"end":{"line":12,"column":61}},"type":"cond-expr","locations":[{"start":{"line":12,"column":37},"end":{"line":12,"column":40}},{"start":{"line":12,"column":43},"end":{"line":12,"column":61}}],"line":12},"7":{"loc":{"start":{"line":12,"column":12},"end":{"line":12,"column":33}},"type":"binary-expr","locations":[{"start":{"line":12,"column":12},"end":{"line":12,"column":15}},{"start":{"line":12,"column":19},"end":{"line":12,"column":33}}],"line":12},"8":{"loc":{"start":{"line":17,"column":16},"end":{"line":17,"column":57}},"type":"default-arg","locations":[{"start":{"line":17,"column":30},"end":{"line":17,"column":57}}],"line":17},"9":{"loc":{"start":{"line":24,"column":12},"end":{"line":26,"column":13}},"type":"if","locations":[{"start":{"line":24,"column":12},"end":{"line":26,"column":13}},{"start":{"line":24,"column":12},"end":{"line":26,"column":13}}],"line":24},"10":{"loc":{"start":{"line":34,"column":12},"end":{"line":36,"column":13}},"type":"if","locations":[{"start":{"line":34,"column":12},"end":{"line":36,"column":13}},{"start":{"line":34,"column":12},"end":{"line":36,"column":13}}],"line":34},"11":{"loc":{"start":{"line":45,"column":12},"end":{"line":47,"column":13}},"type":"if","locations":[{"start":{"line":45,"column":12},"end":{"line":47,"column":13}},{"start":{"line":45,"column":12},"end":{"line":47,"column":13}}],"line":45}},"s":{"0":1,"1":6,"2":0,"3":6,"4":6,"5":6,"6":0,"7":0,"8":0,"9":0,"10":12,"11":6,"12":1,"13":1,"14":1,"15":1,"16":1,"17":2,"18":2,"19":2,"20":2,"21":1,"22":1,"23":2,"24":2,"25":2,"26":2,"27":1,"28":1,"29":2,"30":2,"31":2,"32":2,"33":2,"34":1,"35":1,"36":1},"f":{"0":6,"1":6,"2":0,"3":6,"4":6,"5":0,"6":12,"7":1,"8":1,"9":2,"10":2,"11":2,"12":2,"13":2,"14":2},"b":{"0":[1,1,1],"1":[6,0],"2":[6,6],"3":[6,6],"4":[6,6],"5":[1,1,1],"6":[1,0],"7":[1,1],"8":[1],"9":[1,1],"10":[1,1],"11":[1,1]},"inputSourceMap":{"version":3,"file":"D:/Usuario/Desktop/projetos/pokeCard_api/controller/cardController.ts","sources":["D:/Usuario/Desktop/projetos/pokeCard_api/controller/cardController.ts"],"names":[],"mappings":";;;;;;;;;;;;;;AACA,0EAAkD;AAElD,MAAqB,cAAc;IACjC,YAAoB,cAAkB,IAAI,qBAAW,EAAE;QAAnC,gBAAW,GAAX,WAAW,CAAwB;IAAI,CAAC;IAC/C,YAAY,CAAC,GAAW,EAAC,GAAY;;YAChD,MAAM,EAAC,MAAM,EAAC,GAAE,GAAG,CAAC,MAAM,CAAA;YAC1B,MAAM,EAAC,IAAI,EAAC,OAAO,EAAC,GAAG,MAAM,IAAI,CAAC,WAAW,CAAC,YAAY,CAAC,CAAC,MAAM,CAAC,CAAA;YACnE,IAAG,IAAI,EAAC;gBACN,OAAO,GAAG,CAAC,MAAM,CAAC,IAAI,CAAC,CAAC,IAAI,CAAC,EAAC,OAAO,EAAC,CAAC,CAAA;aACxC;YACD,OAAO,GAAG,CAAC,MAAM,CAAC,GAAG,CAAC,CAAC,IAAI,CAAC,OAAO,CAAC,CAAA;QACtC,CAAC;KAAA;IACY,UAAU,CAAC,GAAW,EAAC,GAAY;;YAC9C,MAAK,EAAC,MAAM,EAAC,MAAM,EAAC,GAAC,GAAG,CAAC,MAAM,CAAA;YAC/B,MAAM,EAAC,IAAI,EAAC,OAAO,EAAC,GAAG,MAAM,IAAI,CAAC,WAAW,CAAC,UAAU,CAAC,CAAC,MAAM,EAAC,CAAC,MAAM,CAAC,CAAA;YACzE,IAAG,IAAI,EAAC;gBACN,OAAO,GAAG,CAAC,MAAM,CAAC,IAAI,CAAC,CAAC,IAAI,CAAC,EAAC,OAAO,EAAC,CAAC,CAAA;aACxC;YACD,OAAO,GAAG,CAAC,MAAM,CAAC,GAAG,CAAC,CAAC,IAAI,CAAC,OAAO,CAAC,CAAA;QACtC,CAAC;KAAA;IACY,OAAO,CAAC,GAAW,EAAC,GAAY;;YAC3C,MAAK,EAAC,MAAM,EAAC,GAAG,GAAG,CAAC,MAAM,CAAA;YAC1B,MAAM,IAAI,GAAG,GAAG,CAAC,IAAI,CAAA;YACrB,MAAM,EAAC,IAAI,EAAC,OAAO,EAAC,GAAG,MAAM,IAAI,CAAC,WAAW,CAAC,OAAO,CAAC,CAAC,MAAM,EAAC,IAAI,CAAC,CAAA;YACnE,IAAG,IAAI,EAAC;gBACN,OAAO,GAAG,CAAC,MAAM,CAAC,IAAI,CAAC,CAAC,IAAI,CAAC,EAAC,OAAO,EAAC,CAAC,CAAA;aACxC;YACD,OAAO,GAAG,CAAC,MAAM,CAAC,GAAG,CAAC,CAAC,IAAI,CAAC,OAAO,CAAC,CAAA;QACtC,CAAC;KAAA;CACF;AA3BD,iCA2BC","sourcesContent":["import { Request, Response } from 'express';\r\nimport CardService from '../services/cardService';\r\n\r\nexport default class CardController {\r\n  constructor(private cardService:any = new CardService()) { }\r\n  public async getUserCards(req:Request,res:Response){\r\n    const {userId} =req.params\r\n    const {type,message} = await this.cardService.getUserCards(+userId)\r\n    if(type){\r\n      return res.status(type).json({message})\r\n    }\r\n    return res.status(200).json(message)\r\n  }\r\n  public async removeCard(req:Request,res:Response){\r\n    const{userId,cardId}=req.params\r\n    const {type,message} = await this.cardService.removeCard(+userId,+cardId)\r\n    if(type){\r\n      return res.status(type).json({message})\r\n    }\r\n    return res.status(200).json(message)\r\n  }\r\n  public async addCard(req:Request,res:Response){\r\n    const{userId} = req.params\r\n    const card = req.body\r\n    const {type,message} = await this.cardService.addCard(+userId,card)\r\n    if(type){\r\n      return res.status(type).json({message})\r\n    }\r\n    return res.status(201).json(message)\r\n  }\r\n}"]},"_coverageSchema":"1a1c01bbd47fc00a2c39e90264f33305004495a9","hash":"9ed62fac2fd7f7795128a60bab50d6e41cb6ab2f","contentHash":"117d5f7ade018fb394d3d4dcd013f7702e8b615fb5b88c114ea05b8365da1fe1"},"D:\\Usuario\\Desktop\\projetos\\pokeCard_api\\services\\cardService.ts":{"path":"D:\\Usuario\\Desktop\\projetos\\pokeCard_api\\services\\cardService.ts","statementMap":{"0":{"start":{"line":2,"column":16},"end":{"line":10,"column":1}},"1":{"start":{"line":3,"column":28},"end":{"line":3,"column":110}},"2":{"start":{"line":3,"column":91},"end":{"line":3,"column":106}},"3":{"start":{"line":4,"column":4},"end":{"line":9,"column":7}},"4":{"start":{"line":5,"column":36},"end":{"line":5,"column":97}},"5":{"start":{"line":5,"column":42},"end":{"line":5,"column":70}},"6":{"start":{"line":5,"column":85},"end":{"line":5,"column":95}},"7":{"start":{"line":6,"column":35},"end":{"line":6,"column":100}},"8":{"start":{"line":6,"column":41},"end":{"line":6,"column":73}},"9":{"start":{"line":6,"column":88},"end":{"line":6,"column":98}},"10":{"start":{"line":7,"column":32},"end":{"line":7,"column":116}},"11":{"start":{"line":8,"column":8},"end":{"line":8,"column":78}},"12":{"start":{"line":11,"column":22},"end":{"line":13,"column":1}},"13":{"start":{"line":12,"column":4},"end":{"line":12,"column":62}},"14":{"start":{"line":14,"column":0},"end":{"line":14,"column":62}},"15":{"start":{"line":15,"column":20},"end":{"line":15,"column":67}},"16":{"start":{"line":16,"column":26},"end":{"line":16,"column":79}},"17":{"start":{"line":17,"column":20},"end":{"line":17,"column":67}},"18":{"start":{"line":20,"column":8},"end":{"line":20,"column":45}},"19":{"start":{"line":21,"column":8},"end":{"line":21,"column":57}},"20":{"start":{"line":22,"column":8},"end":{"line":22,"column":45}},"21":{"start":{"line":25,"column":8},"end":{"line":31,"column":11}},"22":{"start":{"line":26,"column":30},"end":{"line":26,"column":129}},"23":{"start":{"line":27,"column":12},"end":{"line":29,"column":13}},"24":{"start":{"line":28,"column":16},"end":{"line":28,"column":65}},"25":{"start":{"line":30,"column":12},"end":{"line":30,"column":54}},"26":{"start":{"line":34,"column":8},"end":{"line":44,"column":11}},"27":{"start":{"line":35,"column":25},"end":{"line":35,"column":88}},"28":{"start":{"line":36,"column":12},"end":{"line":38,"column":13}},"29":{"start":{"line":37,"column":16},"end":{"line":37,"column":88}},"30":{"start":{"line":39,"column":12},"end":{"line":39,"column":76}},"31":{"start":{"line":40,"column":26},"end":{"line":40,"column":83}},"32":{"start":{"line":41,"column":12},"end":{"line":41,"column":165}},"33":{"start":{"line":41,"column":47},"end":{"line":41,"column":162}},"34":{"start":{"line":41,"column":94},"end":{"line":41,"column":159}},"35":{"start":{"line":42,"column":12},"end":{"line":42,"column":70}},"36":{"start":{"line":43,"column":12},"end":{"line":43,"column":51}},"37":{"start":{"line":47,"column":8},"end":{"line":55,"column":11}},"38":{"start":{"line":48,"column":12},"end":{"line":50,"column":13}},"39":{"start":{"line":49,"column":16},"end":{"line":49,"column":82}},"40":{"start":{"line":51,"column":32},"end":{"line":51,"column":82}},"41":{"start":{"line":52,"column":28},"end":{"line":52,"column":61}},"42":{"start":{"line":53,"column":12},"end":{"line":53,"column":33}},"43":{"start":{"line":54,"column":12},"end":{"line":54,"column":52}},"44":{"start":{"line":58,"column":0},"end":{"line":58,"column":30}}},"fnMap":{"0":{"name":"(anonymous_0)","decl":{"start":{"line":2,"column":44},"end":{"line":2,"column":45}},"loc":{"start":{"line":2,"column":89},"end":{"line":10,"column":1}},"line":2},"1":{"name":"adopt","decl":{"start":{"line":3,"column":13},"end":{"line":3,"column":18}},"loc":{"start":{"line":3,"column":26},"end":{"line":3,"column":112}},"line":3},"2":{"name":"(anonymous_2)","decl":{"start":{"line":3,"column":70},"end":{"line":3,"column":71}},"loc":{"start":{"line":3,"column":89},"end":{"line":3,"column":108}},"line":3},"3":{"name":"(anonymous_3)","decl":{"start":{"line":4,"column":36},"end":{"line":4,"column":37}},"loc":{"start":{"line":4,"column":63},"end":{"line":9,"column":5}},"line":4},"4":{"name":"fulfilled","decl":{"start":{"line":5,"column":17},"end":{"line":5,"column":26}},"loc":{"start":{"line":5,"column":34},"end":{"line":5,"column":99}},"line":5},"5":{"name":"rejected","decl":{"start":{"line":6,"column":17},"end":{"line":6,"column":25}},"loc":{"start":{"line":6,"column":33},"end":{"line":6,"column":102}},"line":6},"6":{"name":"step","decl":{"start":{"line":7,"column":17},"end":{"line":7,"column":21}},"loc":{"start":{"line":7,"column":30},"end":{"line":7,"column":118}},"line":7},"7":{"name":"(anonymous_7)","decl":{"start":{"line":11,"column":56},"end":{"line":11,"column":57}},"loc":{"start":{"line":11,"column":71},"end":{"line":13,"column":1}},"line":11},"8":{"name":"(anonymous_8)","decl":{"start":{"line":19,"column":4},"end":{"line":19,"column":5}},"loc":{"start":{"line":19,"column":18},"end":{"line":23,"column":5}},"line":19},"9":{"name":"(anonymous_9)","decl":{"start":{"line":24,"column":4},"end":{"line":24,"column":5}},"loc":{"start":{"line":24,"column":25},"end":{"line":32,"column":5}},"line":24},"10":{"name":"(anonymous_10)","decl":{"start":{"line":25,"column":47},"end":{"line":25,"column":48}},"loc":{"start":{"line":25,"column":60},"end":{"line":31,"column":9}},"line":25},"11":{"name":"(anonymous_11)","decl":{"start":{"line":33,"column":4},"end":{"line":33,"column":5}},"loc":{"start":{"line":33,"column":31},"end":{"line":45,"column":5}},"line":33},"12":{"name":"(anonymous_12)","decl":{"start":{"line":34,"column":47},"end":{"line":34,"column":48}},"loc":{"start":{"line":34,"column":60},"end":{"line":44,"column":9}},"line":34},"13":{"name":"(anonymous_13)","decl":{"start":{"line":41,"column":40},"end":{"line":41,"column":41}},"loc":{"start":{"line":41,"column":47},"end":{"line":41,"column":162}},"line":41},"14":{"name":"(anonymous_14)","decl":{"start":{"line":41,"column":79},"end":{"line":41,"column":80}},"loc":{"start":{"line":41,"column":92},"end":{"line":41,"column":161}},"line":41},"15":{"name":"(anonymous_15)","decl":{"start":{"line":46,"column":4},"end":{"line":46,"column":5}},"loc":{"start":{"line":46,"column":26},"end":{"line":56,"column":5}},"line":46},"16":{"name":"(anonymous_16)","decl":{"start":{"line":47,"column":47},"end":{"line":47,"column":48}},"loc":{"start":{"line":47,"column":60},"end":{"line":55,"column":9}},"line":47}},"branchMap":{"0":{"loc":{"start":{"line":2,"column":16},"end":{"line":10,"column":1}},"type":"binary-expr","locations":[{"start":{"line":2,"column":17},"end":{"line":2,"column":21}},{"start":{"line":2,"column":25},"end":{"line":2,"column":39}},{"start":{"line":2,"column":44},"end":{"line":10,"column":1}}],"line":2},"1":{"loc":{"start":{"line":3,"column":35},"end":{"line":3,"column":109}},"type":"cond-expr","locations":[{"start":{"line":3,"column":56},"end":{"line":3,"column":61}},{"start":{"line":3,"column":64},"end":{"line":3,"column":109}}],"line":3},"2":{"loc":{"start":{"line":4,"column":16},"end":{"line":4,"column":34}},"type":"binary-expr","locations":[{"start":{"line":4,"column":16},"end":{"line":4,"column":17}},{"start":{"line":4,"column":22},"end":{"line":4,"column":33}}],"line":4},"3":{"loc":{"start":{"line":7,"column":32},"end":{"line":7,"column":115}},"type":"cond-expr","locations":[{"start":{"line":7,"column":46},"end":{"line":7,"column":67}},{"start":{"line":7,"column":70},"end":{"line":7,"column":115}}],"line":7},"4":{"loc":{"start":{"line":8,"column":51},"end":{"line":8,"column":67}},"type":"binary-expr","locations":[{"start":{"line":8,"column":51},"end":{"line":8,"column":61}},{"start":{"line":8,"column":65},"end":{"line":8,"column":67}}],"line":8},"5":{"loc":{"start":{"line":11,"column":22},"end":{"line":13,"column":1}},"type":"binary-expr","locations":[{"start":{"line":11,"column":23},"end":{"line":11,"column":27}},{"start":{"line":11,"column":31},"end":{"line":11,"column":51}},{"start":{"line":11,"column":56},"end":{"line":13,"column":1}}],"line":11},"6":{"loc":{"start":{"line":12,"column":11},"end":{"line":12,"column":61}},"type":"cond-expr","locations":[{"start":{"line":12,"column":37},"end":{"line":12,"column":40}},{"start":{"line":12,"column":43},"end":{"line":12,"column":61}}],"line":12},"7":{"loc":{"start":{"line":12,"column":12},"end":{"line":12,"column":33}},"type":"binary-expr","locations":[{"start":{"line":12,"column":12},"end":{"line":12,"column":15}},{"start":{"line":12,"column":19},"end":{"line":12,"column":33}}],"line":12},"8":{"loc":{"start":{"line":27,"column":12},"end":{"line":29,"column":13}},"type":"if","locations":[{"start":{"line":27,"column":12},"end":{"line":29,"column":13}},{"start":{"line":27,"column":12},"end":{"line":29,"column":13}}],"line":27},"9":{"loc":{"start":{"line":27,"column":16},"end":{"line":27,"column":47}},"type":"binary-expr","locations":[{"start":{"line":27,"column":16},"end":{"line":27,"column":23}},{"start":{"line":27,"column":27},"end":{"line":27,"column":47}}],"line":27},"10":{"loc":{"start":{"line":36,"column":12},"end":{"line":38,"column":13}},"type":"if","locations":[{"start":{"line":36,"column":12},"end":{"line":38,"column":13}},{"start":{"line":36,"column":12},"end":{"line":38,"column":13}}],"line":36},"11":{"loc":{"start":{"line":48,"column":12},"end":{"line":50,"column":13}},"type":"if","locations":[{"start":{"line":48,"column":12},"end":{"line":50,"column":13}},{"start":{"line":48,"column":12},"end":{"line":50,"column":13}}],"line":48},"12":{"loc":{"start":{"line":48,"column":16},"end":{"line":48,"column":114}},"type":"binary-expr","locations":[{"start":{"line":48,"column":16},"end":{"line":48,"column":26}},{"start":{"line":48,"column":30},"end":{"line":48,"column":42}},{"start":{"line":48,"column":46},"end":{"line":48,"column":54}},{"start":{"line":48,"column":58},"end":{"line":48,"column":77}},{"start":{"line":48,"column":81},"end":{"line":48,"column":99}},{"start":{"line":48,"column":103},"end":{"line":48,"column":114}}],"line":48}},"s":{"0":1,"1":11,"2":0,"3":7,"4":11,"5":11,"6":0,"7":0,"8":0,"9":0,"10":18,"11":7,"12":1,"13":3,"14":1,"15":1,"16":1,"17":1,"18":1,"19":1,"20":1,"21":3,"22":3,"23":3,"24":1,"25":2,"26":2,"27":2,"28":2,"29":1,"30":1,"31":1,"32":1,"33":0,"34":0,"35":1,"36":1,"37":2,"38":2,"39":1,"40":1,"41":1,"42":1,"43":1,"44":1},"f":{"0":7,"1":11,"2":0,"3":7,"4":11,"5":0,"6":18,"7":3,"8":1,"9":3,"10":3,"11":2,"12":2,"13":0,"14":0,"15":2,"16":2},"b":{"0":[1,1,1],"1":[11,0],"2":[7,7],"3":[7,11],"4":[7,7],"5":[1,1,1],"6":[3,0],"7":[3,3],"8":[1,2],"9":[3,3],"10":[1,1],"11":[1,1],"12":[2,2,1,1,1,1]},"inputSourceMap":{"version":3,"file":"D:/Usuario/Desktop/projetos/pokeCard_api/services/cardService.ts","sources":["D:/Usuario/Desktop/projetos/pokeCard_api/services/cardService.ts"],"names":[],"mappings":";;;;;;;;;;;;;;AAAA,oEAA2C;AAC3C,gFAAuD;AACvD,oEAA2C;AAG3C,MAAqB,WAAW;IAAhC;QACU,cAAS,GAAG,mBAAS,CAAA;QACrB,oBAAe,GAAG,yBAAe,CAAA;QACjC,cAAS,GAAG,mBAAS,CAAA;IAmC/B,CAAC;IAjCc,YAAY,CAAC,MAAa;;YACrC,MAAM,SAAS,GAAG,MAAM,IAAI,CAAC,SAAS,CAAC,OAAO,CAAC,EAAC,KAAK,EAAC,EAAC,MAAM,EAAC,EAAC,UAAU,EAAE,EAAE,OAAO,EAAE,CAAC,SAAS,EAAC,QAAQ,CAAC,EAAE,EAAC,CAAC,CAAA;YAC9G,IAAG,CAAC,MAAM,IAAI,SAAS,CAAC,MAAM,GAAE,CAAC,EAAC;gBAChC,OAAO,EAAC,IAAI,EAAC,GAAG,EAAC,OAAO,EAAC,iBAAiB,EAAC,CAAA;aAC5C;YACD,OAAM,EAAC,IAAI,EAAC,IAAI,EAAC,OAAO,EAAC,SAAS,EAAC,CAAA;QACrC,CAAC;KAAA;IAEY,UAAU,CAAC,MAAa,EAAC,MAAa;;YAC/C,MAAM,IAAI,GAAG,MAAM,IAAI,CAAC,SAAS,CAAC,OAAO,CAAC,EAAC,KAAK,EAAC,EAAC,MAAM,EAAC,EAAE,EAAC,MAAM,EAAC,EAAC,CAAC,CAAA;YACrE,IAAG,CAAC,IAAI,EAAC;gBACP,OAAM,EAAC,IAAI,EAAC,GAAG,EAAC,OAAO,EAAC,wCAAwC,EAAC,CAAA;aAClE;YACD,MAAM,IAAI,CAAC,SAAS,CAAC,OAAO,CAAC,EAAC,KAAK,EAAC,EAAC,MAAM,EAAC,EAAE,EAAC,MAAM,EAAC,EAAC,CAAC,CAAC;YACzD,MAAM,KAAK,GAAG,MAAM,IAAI,CAAC,eAAe,CAAC,OAAO,CAAC,EAAC,KAAK,EAAC,EAAC,MAAM,EAAC,EAAC,CAAC,CAAC;YACnE,MAAM,OAAO,CAAC,GAAG,CAAC,KAAK,CAAC,GAAG,CAAC,CAAM,CAAC,EAAC,EAAE,gDAAC,OAAA,MAAM,IAAI,CAAC,SAAS,CAAC,OAAO,CAAC,EAAC,KAAK,EAAC,EAAC,EAAE,EAAC,CAAC,CAAC,MAAM,EAAC,EAAC,CAAC,CAAA,GAAA,CAAC,CAAC,CAAA;YAC5F,MAAM,IAAI,CAAC,eAAe,CAAC,OAAO,CAAC,EAAC,KAAK,EAAC,EAAC,MAAM,EAAC,EAAC,CAAC,CAAC;YAErD,OAAO,MAAM,IAAI,CAAC,YAAY,CAAC,MAAM,CAAC,CAAA;QAC1C,CAAC;KAAA;IAEY,OAAO,CAAC,MAAa,EAAC,IAAU;;YAC3C,IAAG,CAAC,IAAI,CAAC,IAAI,IAAI,CAAC,IAAI,CAAC,MAAM,IAAI,CAAC,IAAI,CAAC,EAAE,IAAI,CAAC,IAAI,CAAC,aAAa,IAAI,CAAC,IAAI,CAAC,YAAY,IAAI,CAAC,IAAI,CAAC,KAAK,EAAC;gBACpG,OAAO,EAAC,IAAI,EAAC,GAAG,EAAC,OAAO,EAAC,kCAAkC,EAAC,CAAA;aAC7D;YACD,MAAM,WAAW,mCACZ,IAAI,KACP,MAAM,GACP,CAAA;YACD,MAAM,OAAO,GAAG,IAAI,CAAC,SAAS,CAAC,KAAK,CAAC,WAAW,CAAC,CAAA;YACjD,MAAM,OAAO,CAAC,IAAI,EAAE,CAAA;YACpB,OAAO,EAAC,IAAI,EAAC,IAAI,EAAC,OAAO,EAAC,OAAO,EAAC,CAAA;QACpC,CAAC;KAAA;CACF;AAtCD,8BAsCC","sourcesContent":["import CardModel from '../models/CardModel'\r\nimport CardInDeckModel from '../models/CardInDeckModel'\r\nimport DeckModel from '../models/DeckModel'\r\nimport {SERVER_RETURN,TCard} from '../types/index'\r\n\r\nexport default class CardService {\r\n  private cardModel = CardModel\r\n  private cardInDeckModel = CardInDeckModel\r\n  private deckModel = DeckModel\r\n\r\n  public async getUserCards(userId:number):Promise<SERVER_RETURN>{\r\n    const userCards = await this.cardModel.findAll({where:{userId},attributes: { exclude: ['user_id','userId'] }})\r\n    if(!userId || userCards.length <1){\r\n      return {type:404,message:'dont have cards'}\r\n    }\r\n    return{type:null,message:userCards}\r\n  }\r\n\r\n  public async removeCard(userId:number,cardId:number):Promise<SERVER_RETURN>{\r\n      const card = await this.cardModel.findOne({where:{userId,id:cardId}})\r\n      if(!card){\r\n        return{type:403,message:'it is not possible to remove this card'}\r\n      }\r\n      await this.cardModel.destroy({where:{userId,id:cardId}});\r\n      const decks = await this.cardInDeckModel.findAll({where:{cardId}});\r\n      await Promise.all(decks.map(async(e)=> await this.deckModel.destroy({where:{id:e.deckId}})))\r\n      await this.cardInDeckModel.destroy({where:{cardId}});\r\n      \r\n      return await this.getUserCards(userId)\r\n  }\r\n  \r\n  public async addCard(userId:number,card:TCard):Promise<SERVER_RETURN>{\r\n    if(!card.name || !card.attack || !card.hp || !card.spriteOnBoard || !card.spriteOnCard || !card.types){\r\n      return {type:400,message:'missing values or invalid values'}\r\n    }\r\n    const newCardData = {\r\n      ...card,\r\n      userId,\r\n    }\r\n    const newCard = this.cardModel.build(newCardData)\r\n    await newCard.save()\r\n    return {type:null,message:newCard}\r\n  }\r\n}"]},"_coverageSchema":"1a1c01bbd47fc00a2c39e90264f33305004495a9","hash":"1cf245343dca6ff82aadf83050d5dc2319621ba7","contentHash":"86138f99b95972c125902b397073644274ec34890d94577d3d23b727f645d51f"},"D:\\Usuario\\Desktop\\projetos\\pokeCard_api\\routes\\deckRouter.ts":{"path":"D:\\Usuario\\Desktop\\projetos\\pokeCard_api\\routes\\deckRouter.ts","statementMap":{"0":{"start":{"line":2,"column":22},"end":{"line":4,"column":1}},"1":{"start":{"line":3,"column":4},"end":{"line":3,"column":62}},"2":{"start":{"line":5,"column":0},"end":{"line":5,"column":62}},"3":{"start":{"line":6,"column":18},"end":{"line":6,"column":36}},"4":{"start":{"line":7,"column":25},"end":{"line":7,"column":81}},"5":{"start":{"line":8,"column":19},"end":{"line":8,"column":42}},"6":{"start":{"line":9,"column":23},"end":{"line":9,"column":53}},"7":{"start":{"line":10,"column":0},"end":{"line":10,"column":83}},"8":{"start":{"line":10,"column":49},"end":{"line":10,"column":81}},"9":{"start":{"line":11,"column":0},"end":{"line":11,"column":80}},"10":{"start":{"line":11,"column":41},"end":{"line":11,"column":78}},"11":{"start":{"line":12,"column":0},"end":{"line":12,"column":93}},"12":{"start":{"line":12,"column":52},"end":{"line":12,"column":91}},"13":{"start":{"line":13,"column":0},"end":{"line":13,"column":76}},"14":{"start":{"line":13,"column":42},"end":{"line":13,"column":74}},"15":{"start":{"line":14,"column":0},"end":{"line":14,"column":29}}},"fnMap":{"0":{"name":"(anonymous_0)","decl":{"start":{"line":2,"column":56},"end":{"line":2,"column":57}},"loc":{"start":{"line":2,"column":71},"end":{"line":4,"column":1}},"line":2},"1":{"name":"(anonymous_1)","decl":{"start":{"line":10,"column":35},"end":{"line":10,"column":36}},"loc":{"start":{"line":10,"column":49},"end":{"line":10,"column":81}},"line":10},"2":{"name":"(anonymous_2)","decl":{"start":{"line":11,"column":27},"end":{"line":11,"column":28}},"loc":{"start":{"line":11,"column":41},"end":{"line":11,"column":78}},"line":11},"3":{"name":"(anonymous_3)","decl":{"start":{"line":12,"column":38},"end":{"line":12,"column":39}},"loc":{"start":{"line":12,"column":52},"end":{"line":12,"column":91}},"line":12},"4":{"name":"(anonymous_4)","decl":{"start":{"line":13,"column":28},"end":{"line":13,"column":29}},"loc":{"start":{"line":13,"column":42},"end":{"line":13,"column":74}},"line":13}},"branchMap":{"0":{"loc":{"start":{"line":2,"column":22},"end":{"line":4,"column":1}},"type":"binary-expr","locations":[{"start":{"line":2,"column":23},"end":{"line":2,"column":27}},{"start":{"line":2,"column":31},"end":{"line":2,"column":51}},{"start":{"line":2,"column":56},"end":{"line":4,"column":1}}],"line":2},"1":{"loc":{"start":{"line":3,"column":11},"end":{"line":3,"column":61}},"type":"cond-expr","locations":[{"start":{"line":3,"column":37},"end":{"line":3,"column":40}},{"start":{"line":3,"column":43},"end":{"line":3,"column":61}}],"line":3},"2":{"loc":{"start":{"line":3,"column":12},"end":{"line":3,"column":33}},"type":"binary-expr","locations":[{"start":{"line":3,"column":12},"end":{"line":3,"column":15}},{"start":{"line":3,"column":19},"end":{"line":3,"column":33}}],"line":3}},"s":{"0":1,"1":1,"2":1,"3":1,"4":1,"5":1,"6":1,"7":1,"8":2,"9":1,"10":2,"11":1,"12":2,"13":1,"14":2,"15":1},"f":{"0":1,"1":2,"2":2,"3":2,"4":2},"b":{"0":[1,1,1],"1":[1,0],"2":[1,1]},"inputSourceMap":{"version":3,"file":"D:/Usuario/Desktop/projetos/pokeCard_api/routes/deckRouter.ts","sources":["D:/Usuario/Desktop/projetos/pokeCard_api/routes/deckRouter.ts"],"names":[],"mappings":";;;;;AAAA,qCAAoD;AACpD,kFAA0D;AAE1D,MAAM,UAAU,GAAG,IAAA,gBAAM,GAAE,CAAC;AAE5B,MAAM,cAAc,GAAG,IAAI,wBAAc,EAAE,CAAC;AAE5C,UAAU,CAAC,GAAG,CAAC,kBAAkB,EAAC,CAAC,GAAW,EAAC,GAAY,EAAC,EAAE,CAAC,cAAc,CAAC,OAAO,CAAC,GAAG,EAAC,GAAG,CAAC,CAAC,CAAA;AAC/F,UAAU,CAAC,GAAG,CAAC,UAAU,EAAC,CAAC,GAAW,EAAC,GAAY,EAAC,EAAE,CAAC,cAAc,CAAC,YAAY,CAAC,GAAG,EAAC,GAAG,CAAC,CAAC,CAAA;AAC5F,UAAU,CAAC,MAAM,CAAC,kBAAkB,EAAC,CAAC,GAAW,EAAC,GAAY,EAAC,EAAE,CAAC,cAAc,CAAC,cAAc,CAAC,GAAG,EAAC,GAAG,CAAC,CAAC,CAAA;AACzG,UAAU,CAAC,IAAI,CAAC,UAAU,EAAC,CAAC,GAAW,EAAC,GAAY,EAAC,EAAE,CAAC,cAAc,CAAC,OAAO,CAAC,GAAG,EAAC,GAAG,CAAC,CAAC,CAAA;AAIxF,kBAAe,UAAU,CAAA","sourcesContent":["import { Request, Router, Response } from 'express';\r\nimport DeckController from '../controller/deckController';\r\n\r\nconst deckRouter = Router();\r\n\r\nconst deckController = new DeckController();\r\n\r\ndeckRouter.get('/:userId/:deckId',(req:Request,res:Response)=> deckController.getDeck(req,res))\r\ndeckRouter.get('/:userId',(req:Request,res:Response)=> deckController.getUserDecks(req,res))\r\ndeckRouter.delete('/:userId/:deckId',(req:Request,res:Response)=> deckController.deleteUserDeck(req,res))\r\ndeckRouter.post('/:userId',(req:Request,res:Response)=> deckController.addDeck(req,res))\r\n\r\n\r\n\r\nexport default deckRouter"]},"_coverageSchema":"1a1c01bbd47fc00a2c39e90264f33305004495a9","hash":"25f64f76be4856abf74428f34d793df3f55fbf8f","contentHash":"30e6e8ec72cc303c29cf1fdad4f38a5b42d8b48da63d9b703db216c57902ee10"},"D:\\Usuario\\Desktop\\projetos\\pokeCard_api\\controller\\deckController.ts":{"path":"D:\\Usuario\\Desktop\\projetos\\pokeCard_api\\controller\\deckController.ts","statementMap":{"0":{"start":{"line":2,"column":16},"end":{"line":10,"column":1}},"1":{"start":{"line":3,"column":28},"end":{"line":3,"column":110}},"2":{"start":{"line":3,"column":91},"end":{"line":3,"column":106}},"3":{"start":{"line":4,"column":4},"end":{"line":9,"column":7}},"4":{"start":{"line":5,"column":36},"end":{"line":5,"column":97}},"5":{"start":{"line":5,"column":42},"end":{"line":5,"column":70}},"6":{"start":{"line":5,"column":85},"end":{"line":5,"column":95}},"7":{"start":{"line":6,"column":35},"end":{"line":6,"column":100}},"8":{"start":{"line":6,"column":41},"end":{"line":6,"column":73}},"9":{"start":{"line":6,"column":88},"end":{"line":6,"column":98}},"10":{"start":{"line":7,"column":32},"end":{"line":7,"column":116}},"11":{"start":{"line":8,"column":8},"end":{"line":8,"column":78}},"12":{"start":{"line":11,"column":22},"end":{"line":13,"column":1}},"13":{"start":{"line":12,"column":4},"end":{"line":12,"column":62}},"14":{"start":{"line":14,"column":0},"end":{"line":14,"column":62}},"15":{"start":{"line":15,"column":22},"end":{"line":15,"column":73}},"16":{"start":{"line":18,"column":8},"end":{"line":18,"column":39}},"17":{"start":{"line":21,"column":8},"end":{"line":28,"column":11}},"18":{"start":{"line":22,"column":31},"end":{"line":22,"column":41}},"19":{"start":{"line":23,"column":38},"end":{"line":23,"column":82}},"20":{"start":{"line":24,"column":12},"end":{"line":26,"column":13}},"21":{"start":{"line":25,"column":16},"end":{"line":25,"column":58}},"22":{"start":{"line":27,"column":12},"end":{"line":27,"column":49}},"23":{"start":{"line":31,"column":8},"end":{"line":38,"column":11}},"24":{"start":{"line":32,"column":39},"end":{"line":32,"column":49}},"25":{"start":{"line":33,"column":38},"end":{"line":33,"column":89}},"26":{"start":{"line":34,"column":12},"end":{"line":36,"column":13}},"27":{"start":{"line":35,"column":16},"end":{"line":35,"column":58}},"28":{"start":{"line":37,"column":12},"end":{"line":37,"column":49}},"29":{"start":{"line":41,"column":8},"end":{"line":49,"column":11}},"30":{"start":{"line":42,"column":31},"end":{"line":42,"column":41}},"31":{"start":{"line":43,"column":36},"end":{"line":43,"column":44}},"32":{"start":{"line":44,"column":38},"end":{"line":44,"column":90}},"33":{"start":{"line":45,"column":12},"end":{"line":47,"column":13}},"34":{"start":{"line":46,"column":16},"end":{"line":46,"column":58}},"35":{"start":{"line":48,"column":12},"end":{"line":48,"column":49}},"36":{"start":{"line":52,"column":8},"end":{"line":59,"column":11}},"37":{"start":{"line":53,"column":39},"end":{"line":53,"column":49}},"38":{"start":{"line":54,"column":38},"end":{"line":54,"column":86}},"39":{"start":{"line":55,"column":12},"end":{"line":57,"column":13}},"40":{"start":{"line":56,"column":16},"end":{"line":56,"column":58}},"41":{"star
[...]
,"end":{"line":3,"column":109}}],"line":3},"2":{"loc":{"start":{"line":4,"column":16},"end":{"line":4,"column":34}},"type":"binary-expr","locations":[{"start":{"line":4,"column":16},"end":{"line":4,"column":17}},{"start":{"line":4,"column":22},"end":{"line":4,"column":33}}],"line":4},"3":{"loc":{"start":{"line":7,"column":32},"end":{"line":7,"column":115}},"type":"cond-expr","locations":[{"start":{"line":7,"column":46},"end":{"line":7,"column":67}},{"start":{"line":7,"column":70},"end":{"line":7,"column":115}}],"line":7},"4":{"loc":{"start":{"line":8,"column":51},"end":{"line":8,"column":67}},"type":"binary-expr","locations":[{"start":{"line":8,"column":51},"end":{"line":8,"column":61}},{"start":{"line":8,"column":65},"end":{"line":8,"column":67}}],"line":8},"5":{"loc":{"start":{"line":11,"column":22},"end":{"line":13,"column":1}},"type":"binary-expr","locations":[{"start":{"line":11,"column":23},"end":{"line":11,"column":27}},{"start":{"line":11,"column":31},"end":{"line":11,"column":51}},{"start":{"line":11,"column":56},"end":{"line":13,"column":1}}],"line":11},"6":{"loc":{"start":{"line":12,"column":11},"end":{"line":12,"column":61}},"type":"cond-expr","locations":[{"start":{"line":12,"column":37},"end":{"line":12,"column":40}},{"start":{"line":12,"column":43},"end":{"line":12,"column":61}}],"line":12},"7":{"loc":{"start":{"line":12,"column":12},"end":{"line":12,"column":33}},"type":"binary-expr","locations":[{"start":{"line":12,"column":12},"end":{"line":12,"column":15}},{"start":{"line":12,"column":19},"end":{"line":12,"column":33}}],"line":12}},"s":{"0":1,"1":8,"2":8,"3":8,"4":8,"5":8,"6":0,"7":0,"8":0,"9":0,"10":16,"11":8,"12":1,"13":2,"14":1,"15":1,"16":1,"17":1,"18":1,"19":1,"20":1,"21":1,"22":1,"23":1,"24":1,"25":1,"26":1,"27":1,"28":1,"29":1,"30":1,"31":1,"32":1,"33":1,"34":1,"35":1,"36":1,"37":1,"38":1,"39":1,"40":1,"41":1,"42":1,"43":1,"44":1,"45":1,"46":1,"47":1,"48":1,"49":1,"50":1,"51":1,"52":1,"53":1,"54":1,"55":1,"56":1,"57":1,"58":1,"59":1,"60":1,"61":1,"62":1},"f":{"0":8,"1":8,"2":8,"3":8,"4":8,"5":0,"6":16,"7":2,"8":1,"9":1,"10":1,"11":1,"12":1,"13":1,"14":1,"15":1,"16":1,"17":1,"18":1,"19":1,"20":1,"21":1,"22":1,"23":1,"24":1,"25":1},"b":{"0":[1,1,1],"1":[0,8],"2":[8,8],"3":[8,8],"4":[8,8],"5":[1,1,1],"6":[0,2],"7":[2,2]},"inputSourceMap":{"version":3,"file":"D:/Usuario/Desktop/projetos/pokeCard_api/tests/deck.test.ts","sources":["D:/Usuario/Desktop/projetos/pokeCard_api/tests/deck.test.ts"],"names":[],"mappings":";;;;;;;;;;;;;;AAAA,+BAA8B;AAC9B,gCAAqC;AACrC,gDAAwB;AACxB,0DAAiC;AACjC,mCAAwD;AAExD,cAAI,CAAC,GAAG,CAAC,mBAAQ,CAAC,CAAC;AAEnB,MAAM,EAAC,GAAG,EAAC,GAAG,iBAAW,CAAA;AAEzB,QAAQ,CAAC,OAAO,EAAC,GAAE,EAAE;IACjB,EAAE,CAAC,sBAAsB,EAAC;;YACtB,MAAM,EAAC,MAAM,EAAC,IAAI,EAAC,GAAG,MAAM,cAAI,CAAC,OAAO,CAAC,GAAG,CAAC,CAAC,GAAG,CAAC,WAAW,CAAC,CAAA;YAC9D,IAAA,aAAM,EAAC,MAAM,CAAC,CAAC,EAAE,CAAC,IAAI,CAAC,KAAK,CAAC,GAAG,CAAC,CAAA;YACjC,IAAA,aAAM,EAAC,IAAI,CAAC,CAAC,EAAE,CAAC,IAAI,CAAC,KAAK,CAAC,eAAO,CAAC,CAAA;QACvC,CAAC;KAAA,CAAC,CAAA;IACF,EAAE,CAAC,cAAc,EAAE;;YACf,MAAM,EAAC,MAAM,EAAC,IAAI,EAAC,GAAG,MAAM,cAAI,CAAC,OAAO,CAAC,GAAG,CAAC,CAAC,GAAG,CAAC,SAAS,CAAC,CAAA;YAC5D,IAAA,aAAM,EAAC,MAAM,CAAC,CAAC,EAAE,CAAC,IAAI,CAAC,KAAK,CAAC,GAAG,CAAC,CAAA;YACjC,IAAA,aAAM,EAAC,IAAI,CAAC,CAAC,EAAE,CAAC,IAAI,CAAC,KAAK,CAAC,gBAAQ,CAAC,CAAA;QAExC,CAAC;KAAA,CAAC,CAAA;IACF,EAAE,CAAC,eAAe,EAAC;;YACf,MAAM,EAAC,MAAM,EAAC,IAAI,EAAC,GAAG,MAAM,cAAI,CAAC,OAAO,CAAC,GAAG,CAAC,CAAC,IAAI,CAAC,SAAS,CAAC,CAAC,IAAI,CAAC,eAAO,CAAC,CAAA;YAC3E,IAAA,aAAM,EAAC,MAAM,CAAC,CAAC,EAAE,CAAC,IAAI,CAAC,KAAK,CAAC,GAAG,CAAC,CAAA;YACjC,IAAA,aAAM,EAAC,IAAI,CAAC,CAAC,EAAE,CAAC,EAAE,CAAC,IAAI,CAAC,KAAK,CAAC,eAAO,CAAC,CAAA;QAE1C,CAAC;KAAA,CAAC,CAAA;IAEF,EAAE,CAAC,yBAAyB,EAAC;;YACzB,MAAM,EAAC,MAAM,EAAC,GAAG,MAAM,cAAI,CAAC,OAAO,CAAC,GAAG,CAAC,CAAC,MAAM,CAAC,WAAW,CAAC,CAAA;YAC5D,IAAA,aAAM,EAAC,MAAM,CAAC,CAAC,EAAE,CAAC,IAAI,CAAC,KAAK,CAAC,GAAG,CAAC,CAAA;QACrC,CAAC;KAAA,CAAC,CAAA;AACN,CAAC,CAAC,CAAA;AAEF,QAAQ,CAAC,cAAc,EAAC,GAAE,EAAE;IACxB,EAAE,CAAC,sBAAsB,EAAC;;YACtB,MAAM,EAAC,MAAM,EAAC,IAAI,EAAC,GAAG,MAAM,cAAI,CAAC,OAAO,CAAC,GAAG,CAAC,CAAC,GAAG,CAAC,YAAY,CAAC,CAAA;YAC/D,IAAA,aAAM,EAAC,MAAM,CAAC,CAAC,EAAE,CAAC,IAAI,CAAC,KAAK,CAAC,GAAG,CAAC,CAAA;YACjC,IAAA,aAAM,EAAC,IAAI,CAAC,CAAC,EAAE,CAAC,IAAI,CAAC,KAAK,CAAC,EAAC,OAAO,EAAC,kCAAkC,EAAC,CAAC,CAAA;QAC5E,CAAC;KAAA,CAAC,CAAA;IACF,EAAE,CAAC,cAAc,EAAE;;YACf,MAAM,EAAC,MAAM,EAAC,IAAI,EAAC,GAAG,MAAM,cAAI,CAAC,OAAO,CAAC,GAAG,CAAC,CAAC,GAAG,CAAC,UAAU,CAAC,CAAA;YAC7D,IAAA,aAAM,EAAC,MAAM,CAAC,CAAC,EAAE,CAAC,IAAI,CAAC,KAAK,CAAC,GAAG,CAAC,CAAA;YACjC,IAAA,aAAM,EAAC,IAAI,CAAC,CAAC,EAAE,CAAC,IAAI,CAAC,KAAK,CAAC,EAAC,OAAO,EAAC,kCAAkC,EAAC,CAAC,CAAA;QAE5E,CAAC;KAAA,CAAC,CAAA;IACF,EAAE,CAAC,eAAe,EAAC;;YACf,MAAM,EAAC,MAAM,EAAC,IAAI,EAAC,GAAG,MAAM,cAAI,CAAC,OAAO,CAAC,GAAG,CAAC,CAAC,IAAI,CAAC,SAAS,CAAC,CAAC,IAAI,CAAC,EAAC,KAAK,EAAC,EAAE,EAAC,CAAC,CAAA;YAC9E,IAAA,aAAM,EAAC,MAAM,CAAC,CAAC,EAAE,CAAC,IAAI,CAAC,KAAK,CAAC,GAAG,CAAC,CAAA;YACjC,IAAA,aAAM,EAAC,IAAI,CAAC,CAAC,EAAE,CAAC,EAAE,CAAC,IAAI,CAAC,KAAK,CAAC,EAAC,OAAO,EAAC,kDAAkD,EAAC,CAAC,CAAA;QAE/F,CAAC;KAAA,CAAC,CAAA;IACF,EAAE,CAAC,yBAAyB,EAAC;;YACzB,MAAM,EAAC,MAAM,EAAC,IAAI,EAAC,GAAG,MAAM,cAAI,CAAC,OAAO,CAAC,GAAG,CAAC,CAAC,MAAM,CAAC,YAAY,CAAC,CAAA;YAClE,IAAA,aAAM,EAAC,MAAM,CAAC,CAAC,EAAE,CAAC,IAAI,CAAC,KAAK,CAAC,GAAG,CAAC,CAAA;YACjC,IAAA,aAAM,EAAC,IAAI,CAAC,CAAC,EAAE,CAAC,EAAE,CAAC,IAAI,CAAC,KAAK,CAAC,EAAC,OAAO,EAAC,qBAAqB,EAAC,CAAC,CAAA;QAAA,CAAC;KAAA,CAAC,CAAA;AACxE,CAAC,CAAC,CAAA","sourcesContent":["import { expect } from 'chai';\r\nimport { appInstance } from '../app';\r\nimport chai from 'chai';\r\nimport chaiHttp from 'chai-http';\r\nimport {getDeck,allDecks,addDeck,newDeck} from './mocks'\r\n\r\nchai.use(chaiHttp);\r\n\r\nconst {app} = appInstance\r\n\r\ndescribe('/deck',()=>{\r\n    it('GET /:userId/:deckId',async function(){\r\n        const {status,body} = await chai.request(app).get('/deck/1/1')\r\n        expect(status).to.deep.equal(200)\r\n        expect(body).to.deep.equal(getDeck)\r\n    })\r\n    it('GET /:userId', async function(){\r\n        const {status,body} = await chai.request(app).get('/deck/1')\r\n        expect(status).to.deep.equal(200)\r\n        expect(body).to.deep.equal(allDecks)\r\n\r\n    })\r\n    it('POST /:userId',async function(){\r\n        const {status,body} = await chai.request(app).post('/deck/1').send(newDeck)\r\n        expect(status).to.deep.equal(201)\r\n        expect(body).to.be.deep.equal(addDeck)\r\n\r\n    })\r\n\r\n    it('DELETE /:userId/:deckId',async function(){\r\n        const {status} = await chai.request(app).delete('/deck/1/4')\r\n        expect(status).to.deep.equal(200)\r\n    })\r\n})\r\n\r\ndescribe('/deck errors',()=>{\r\n    it('GET /:userId/:deckId',async function(){\r\n        const {status,body} = await chai.request(app).get('/deck/1/99')\r\n        expect(status).to.deep.equal(404)\r\n        expect(body).to.deep.equal({message:'There are no decks for this user'})\r\n    })\r\n    it('GET /:userId', async function(){\r\n        const {status,body} = await chai.request(app).get('/deck/99')\r\n        expect(status).to.deep.equal(404)\r\n        expect(body).to.deep.equal({message:'There are no decks for this user'})\r\n\r\n    })\r\n    it('POST /:userId',async function(){\r\n        const {status,body} = await chai.request(app).post('/deck/1').send({cards:[]})\r\n        expect(status).to.deep.equal(400)\r\n        expect(body).to.be.deep.equal({message:'there are missing cards or there are extra cards'})\r\n\r\n    })\r\n    it('DELETE /:userId/:deckId',async function(){\r\n        const {status,body} = await chai.request(app).delete('/deck/1/99')\r\n        expect(status).to.deep.equal(404)\r\n        expect(body).to.be.deep.equal({message:'it was not possible'})})\r\n})"]},"_coverageSchema":"1a1c01bbd47fc00a2c39e90264f33305004495a9","hash":"6cebfd7241bdd9bcead7406132afe9f1c47487e9","contentHash":"a570dab41e716ac4fab2847fc2f0298a7c343f0bf0fd4832f4479a925a6309cc"},"D:\\Usuario\\Desktop\\projetos\\pokeCard_api\\tests\\login.test.ts":{"path":"D:\\Usuario\\Desktop\\projetos\\pokeCard_api\\tests\\login.test.ts","statementMap":{"0":{"start":{"line":2,"column":16},"end":{"line":10,"column":1}},"1":{"start":{"line":3,"column":28},"end":{"line":3,"column":110}},"2":{"start":{"line":3,"column":91},"end":{"line":3,"column":106}},"3":{"start":{"line":4,"column":4},"end":{"line":9,"column":7}},"4":{"start":{"line":5,"column":36},"end":{"line":5,"column":97}},"5":{"start":{"line":5,"column":42},"end":{"line":5,"column":70}},"6":{"start":{"line":5,"column":85},"end":{"line":5,"column":95}},"7":{"start":{"line":6,"column":35},"end":{"line":6,"column":100}},"8":{"start":{"line":6,"column":41},"end":{"line":6,"column":73}},"9":{"start":{"line":6,"column":88},"end":{"line":6,"column":98}},"10":{"start":{"line":7,"column":32},"end":{"line":7,"column":116}},"11":{"start":{"line":8,"column":8},"end":{"line":8,"column":78}},"12":{"start":{"line":11,"column":22},"end":{"line":13,"column":1}},"13":{"start":{"line":12,"column":4},"end":{"line":12,"column":62}},"14":{"start":{"line":14,"column":0},"end":{"line":14,"column":62}},"15":{"start":{"line":15,"column":15},"end":{"line":15,"column":30}},"16":{"start":{"line":16,"column":14},"end":{"line":16,"column":31}},"17":{"start":{"line":17,"column":15},"end":{"line":17,"column":47}},"18":{"start":{"line":18,"column":20},"end":{"line":18,"column":57}},"19":{"start":{"line":19,"column":16},"end":{"line":19,"column":34}},"20":{"start":{"line":20,"column":0},"end":{"line":20,"column":40}},"21":{"start":{"line":21,"column":16},"end":{"line":21,"column":33}},"22":{"start":{"line":22,"column":0},"end":{"line":35,"column":3}},"23":{"start":{"line":23,"column":4},"end":{"line":28,"column":7}},"24":{"start":{"line":24,"column":8},"end":{"line":27,"column":11}},"25":{"start":{"line":25,"column":31},"end":{"line":25,"column":108}},"26":{"start":{"line":26,"column":12},"end":{"line":26,"column":61}},"27":{"start":{"line":29,"column":4},"end":{"line":34,"column":7}},"28":{"start":{"line":30,"column":8},"end":{"line":33,"column":11}},"29":{"start":{"line":31,"column":31},"end":{"line":31,"column":99}},"30":{"start":{"line":32,"column":12},"end":{"line":32,"column":61}},"31":{"start":{"line":36,"column":0},"end":{"line":51,"column":3}},"32":{"start":{"line":37,"column":4},"end":{"line":43,"column":7}},"33":{"start":{"line":38,"column":8},"end":{"line":42,"column":11}},"34":{"start":{"line":39,"column":37},"end":{"line":39,"column":114}},"35":{"start":{"line":40,"column":12},"end":{"line":40,"column":61}},"36":{"start":{"line":41,"column":12},"end":{"line":41,"column":87}},"37":{"start":{"line":44,"column":4},"end":{"line":50,"column":7}},"38":{"start":{"line":45,"column":8},"end":{"line":49,"column":11}},"39":{"start":{"line":46,"column":37},"end":{"line":46,"column":124}},"40":{"start":{"line":47,"column":12},"end":{"line":47,"column":61}},"41":{"start":{"line":48,"column":12},"end":{"line":48,"column":99}}},"fnMap":{"0":{"name":"(anonymous_0)","decl":{"start":{"line":2,"column":44},"end":{"line":2,"column":45}},"loc":{"start":{"line":2,"column":89},"end":{"line":10,"column":1}},"line":2},"1":{"name":"adopt","decl":{"start":{"line":3,"column":13},"end":{"line":3,"column":18}},"loc":{"start":{"line":3,"column":26},"end":{"line":3,"column":112}},"line":3},"2":{"name":"(anonymous_2)","decl":{"start":{"line":3,"column":70},"end":{"line":3,"column":71}},"loc":{"start":{"line":3,"column":89},"end":{"line":3,"column":108}},"line":3},"3":{"name":"(anonymous_3)","decl":{"start":{"line":4,"column":36},"end":{"line":4,"column":37}},"loc":{"start":{"line":4,"column":63},"end":{"line":9,"column":5}},"line":4},"4":{"name":"fulfilled","decl":{"start":{"line":5,"column":17},"end":{"line":5,"column":26}},"loc":{"start":{"line":5,"column":34},"end":{"line":5,"column":99}},"line":5},"5":{"name":"rejected","decl":{"start":{"line":6,"column":17},"end":{"line":6,"column":25}},"loc":{"start":{"line":6,"column":33},"end":{"line":6,"column":102}},"line":6},"6":{"name":"step","decl":{"start":{"line":7,"column":17},"end":{"line":7,"column":21}},"loc":{"start":{"line":7,"column":30},"end":{"line":7,"column":118}},"line":7},"7":{"name":"(anonymous_7)","decl":{"start":{"line":11,"column":56},"end":{"line":11,"column":57}},"loc":{"start":{"line":11,"column":71},"end":{"line":13,"column":1}},"line":11},"8":{"name":"(anonymous_8)","decl":{"start":{"line":22,"column":19},"end":{"line":22,"column":20}},"loc":{"start":{"line":22,"column":25},"end":{"line":35,"column":1}},"line":22},"9":{"name":"(anonymous_9)","decl":{"start":{"line":23,"column":26},"end":{"line":23,"column":27}},"loc":{"start":{"line":23,"column":38},"end":{"line":28,"column":5}},"line":23},"10":{"name":"(anonymous_10)","decl":{"start":{"line":24,"column":47},"end":{"line":24,"column":48}},"loc":{"start":{"line":24,"column":60},"end":{"line":27,"column":9}},"line":24},"11":{"name":"(anonymous_11)","decl":{"start":{"line":29,"column":16},"end":{"line":29,"column":17}},"loc":{"start":{"line":29,"column":28},"end":{"line":34,"column":5}},"line":29},"12":{"name":"(anonymous_12)","decl":{"start":{"line":30,"column":47},"end":{"line":30,"column":48}},"loc":{"start":{"line":30,"column":60},"end":{"line":33,"column":9}},"line":30},"13":{"name":"(anonymous_13)","decl":{"start":{"line":36,"column":26},"end":{"line":36,"column":27}},"loc":{"start":{"line":36,"column":32},"end":{"line":51,"column":1}},"line":36},"14":{"name":"(anonymous_14)","decl":{"start":{"line":37,"column":26},"end":{"line":37,"column":27}},"loc":{"start":{"line":37,"column":38},"end":{"line":43,"column":5}},"line":37},"15":{"name":"(anonymous_15)","decl":{"start":{"line":38,"column":47},"end":{"line":38,"column":48}},"loc":{"start":{"line":38,"column":60},"end":{"line":42,"column":9}},"line":38},"16":{"name":"(anonymous_16)","decl":{"start":{"line":44,"column":16},"end":{"line":44,"column":17}},"loc":{"start":{"line":44,"column":28},"end":{"line":50,"column":5}},"line":44},"17":{"name":"(anonymous_17)","decl":{"start":{"line":45,"column":47},"end":{"line":45,"column":48}},"loc":{"start":{"line":45,"column":60},"end":{"line":49,"column":9}},"line":45}},"branchMap":{"0":{"loc":{"start":{"line":2,"column":16},"end":{"line":10,"column":1}},"type":"binary-expr","locations":[{"start":{"line":2,"column":17},"end":{"line":2,"column":21}},{"start":{"line":2,"column":25},"end":{"line":2,"column":39}},{"start":{"line":2,"column":44},"end":{"line":10,"column":1}}],"line":2},"1":{"loc":{"start":{"line":3,"column":35},"end":{"line":3,"column":109}},"type":"cond-expr","locations":[{"start":{"line":3,"column":56},"end":{"line":3,"column":61}},{"start":{"line":3,"column":64},"end":{"line":3,"column":109}}],"line":3},"2":{"loc":{"start":{"line":4,"column":16},"end":{"line":4,"column":34}},"type":"binary-expr","locations":[{"start":{"line":4,"column":16},"end":{"line":4,"column":17}},{"start":{"line":4,"column":22},"end":{"line":4,"column":33}}],"line":4},"3":{"loc":{"start":{"line":7,"column":32},"end":{"line":7,"column":115}},"type":"cond-expr","locations":[{"start":{"line":7,"column":46},"end":{"line":7,"column":67}},{"start":{"line":7,"column":70},"end":{"line":7,"column":115}}],"line":7},"4":{"loc":{"start":{"line":8,"column":51},"end":{"line":8,"column":67}},"type":"binary-expr","locations":[{"start":{"line":8,"column":51},"end":{"line":8,"column":61}},{"start":{"line":8,"column":65},"end":{"line":8,"column":67}}],"line":8},"5":{"loc":{"start":{"line":11,"column":22},"end":{"line":13,"column":1}},"type":"binary-expr","locations":[{"start":{"line":11,"column":23},"end":{"line":11,"column":27}},{"start":{"line":11,"column":31},"end":{"line":11,"column":51}},{"start":{"line":11,"column":56},"end":{"line":13,"column":1}}],"line":11},"6":{"loc":{"start":{"line":12,"column":11},"end":{"line":12,"column":61}},"type":"cond-expr","locations":[{"start":{"line":12,"column":37},"end":{"line":12,"column":40}},{"start":{"line":12,"column":43},"end":{"line":12,"column":61}}],"line":12},"7":{"loc":{"start":{"line":12,"column":12},"end":{"line":12,"column":33}},"type":"binary-expr","locations":[{"start":{"line":12,"column":12},"end":{"line":12,"column":15}},{"start":{"line":12,"column":19},"end":{"line":12,"column":33}}],"line":12}},"s":{"0":1,"1":4,"2":4,"3":4,"4":4,"5":4,"6":0,"7":0,"8":0,"9":0,"10":8,"11":4,"12":1,"13":2,"14":1,"15":1,"16":1,"17":1,"18":1,"19":1,"20":1,"21":1,"22":1,"23":1,"24":1,"25":1,"26":1,"27":1,"28":1,"29":1,"30":1,"31":1,"32":1,"33":1,"34":1,"35":1,"36":1,"37":1,"38":1,"39":1,"40":1,"41":1},"f":{"0":4,"1":4,"2":4,"3":4,"4":4,"5":0,"6":8,"7":2,"8":1,"9":1,"10":1,"11":1,"12":1,"13":1,"14":1,"15":1,"16":1,"17":1},"b":{"0":[1,1,1],"1":[0,4],"2":[4,4],"3":[4,4],"4":[4,4],"5":[1,1,1],"6":[0,2],"7":[2,2]},"inputSourceMap":{"version":3,"file":"D:/Usuario/Desktop/projetos/pokeCard_api/tests/login.test.ts","sources":["D:/Usuario/Desktop/projetos/pokeCard_api/tests/login.test.ts"],"names":[],"mappings":";;;;;;;;;;;;;;AAAA,+BAA8B;AAC9B,gCAAqC;AACrC,gDAAwB;AACxB,0DAAiC;AACjC,mCAAgC;AAEhC,cAAI,CAAC,GAAG,CAAC,mBAAQ,CAAC,CAAC;AAEnB,MAAM,EAAC,GAAG,EAAC,GAAG,iBAAW,CAAA;AAEzB,QAAQ,CAAC,QAAQ,EAAE,GAAG,EAAE;IACpB,EAAE,CAAC,iBAAiB,EAAC;;YACjB,MAAM,EAAC,MAAM,EAAC,GAAG,MAAM,cAAI,CAAC,OAAO,CAAC,GAAG,CAAC,CAAC,IAAI,CAAC,iBAAiB,CAAC,CAAC,IAAI,CAAC,aAAK,CAAC,CAAC;YAC7E,IAAA,aAAM,EAAC,MAAM,CAAC,CAAC,EAAE,CAAC,EAAE,CAAC,IAAI,CAAC,KAAK,CAAC,GAAG,CAAC,CAAA;QACxC,CAAC;KAAA,CAAC,CAAA;IACF,EAAE,CAAC,OAAO,EAAC;;YACP,MAAM,EAAC,MAAM,EAAC,GAAG,MAAM,cAAI,CAAC,OAAO,CAAC,GAAG,CAAC,CAAC,IAAI,CAAC,QAAQ,CAAC,CAAC,IAAI,CAAC,aAAK,CAAC,CAAC;YACpE,IAAA,aAAM,EAAC,MAAM,CAAC,CAAC,EAAE,CAAC,EAAE,CAAC,IAAI,CAAC,KAAK,CAAC,GAAG,CAAC,CAAA;QACxC,CAAC;KAAA,CAAC,CAAA;AACN,CAAC,CAAC,CAAC;AACH,QAAQ,CAAC,eAAe,EAAE,GAAG,EAAE;IAC3B,EAAE,CAAC,iBAAiB,EAAC;;YACjB,MAAM,EAAC,MAAM,EAAC,IAAI,EAAC,GAAG,MAAM,cAAI,CAAC,OAAO,CAAC,GAAG,CAAC,CAAC,IAAI,CAAC,iBAAiB,CAAC,CAAC,IAAI,CAAC,aAAK,CAAC,CAAC;YAClF,IAAA,aAAM,EAAC,MAAM,CAAC,CAAC,EAAE,CAAC,EAAE,CAAC,IAAI,CAAC,KAAK,CAAC,GAAG,CAAC,CAAA;YACpC,IAAA,aAAM,EAAC,IAAI,CAAC,CAAC,EAAE,CAAC,EAAE,CAAC,IAAI,CAAC,KAAK,CAAC,EAAC,OAAO,EAAC,kBAAkB,EAAC,CAAC,CAAA;QAC/D,CAAC;KAAA,CAAC,CAAA;IACF,EAAE,CAAC,OAAO,EAAC;;YACP,MAAM,EAAC,MAAM,EAAC,IAAI,EAAC,GAAG,MAAM,cAAI,CAAC,OAAO,CAAC,GAAG,CAAC,CAAC,IAAI,CAAC,QAAQ,CAAC,CAAC,IAAI,CAAC,EAAC,QAAQ,EAAC,GAAG,EAAC,QAAQ,EAAC,GAAG,EAAC,CAAC,CAAC;YAC/F,IAAA,aAAM,EAAC,MAAM,CAAC,CAAC,EAAE,CAAC,EAAE,CAAC,IAAI,CAAC,KAAK,CAAC,GAAG,CAAC,CAAA;YACpC,IAAA,aAAM,EAAC,IAAI,CAAC,CAAC,EAAE,CAAC,EAAE,CAAC,IAAI,CAAC,KAAK,CAAC,EAAC,OAAO,EAAC,8BAA8B,EAAC,CAAC,CAAA;QAC3E,CAAC;KAAA,CAAC,CAAA;AACN,CAAC,CAAC,CAAC","sourcesContent":["import { expect } from 'chai';\r\nimport { appInstance } from '../app';\r\nimport chai from 'chai';\r\nimport chaiHttp from 'chai-http';\r\nimport { login } from './mocks';\r\n\r\nchai.use(chaiHttp);\r\n\r\nconst {app} = appInstance\r\n\r\ndescribe('/login', () => {\r\n    it('/login/register',async function(){\r\n        const {status} = await chai.request(app).post('/login/register').send(login);\r\n        expect(status).to.be.deep.equal(201)\r\n    })\r\n    it('login',async function(){\r\n        const {status} = await chai.request(app).post('/login').send(login);\r\n        expect(status).to.be.deep.equal(200)\r\n    })\r\n});\r\ndescribe('/login errors', () => {\r\n    it('/login/register',async function(){\r\n        const {status,body} = await chai.request(app).post('/login/register').send(login);\r\n        expect(status).to.be.deep.equal(401)\r\n        expect(body).to.be.deep.equal({message:'username invalid'})\r\n    })\r\n    it('login',async function(){\r\n        const {status,body} = await chai.request(app).post('/login').send({userName:'a',password:'b'});\r\n        expect(status).to.be.deep.equal(404)\r\n        expect(body).to.be.deep.equal({message:'userName or password invalid'})\r\n    })\r\n});\r\n"]},"_coverageSchema":"1a1c01bbd47fc00a2c39e90264f33305004495a9","hash":"06d8b0866d10a95689aa905d331a99b54df79d6f","contentHash":"f8bebeb4ee21b2582897ad9e8870da0febbb357fd679d0b7501991219e82ea8c"}}