{"D:\\Usuario\\Desktop\\projetos\\pokeCard_api\\app.ts":{"path":"D:\\Usuario\\Desktop\\projetos\\pokeCard_api\\app.ts","statementMap":{"0":{"start":{"line":2,"column":22},"end":{"line":4,"column":1}},"1":{"start":{"line":3,"column":4},"end":{"line":3,"column":62}},"2":{"start":{"line":5,"column":0},"end":{"line":5,"column":62}},"3":{"start":{"line":6,"column":0},"end":{"line":6,"column":43}},"4":{"start":{"line":7,"column":18},"end":{"line":7,"column":53}},"5":{"start":{"line":8,"column":17},"end":{"line":8,"column":53}},"6":{"start":{"line":11,"column":8},"end":{"line":11,"column":44}},"7":{"start":{"line":12,"column":8},"end":{"line":12,"column":22}},"8":{"start":{"line":13,"column":8},"end":{"line":13,"column":64}},"9":{"start":{"line":13,"column":40},"end":{"line":13,"column":62}},"10":{"start":{"line":14,"column":8},"end":{"line":14,"column":22}},"11":{"start":{"line":17,"column":30},"end":{"line":22,"column":9}},"12":{"start":{"line":18,"column":12},"end":{"line":18,"column":59}},"13":{"start":{"line":19,"column":12},"end":{"line":19,"column":92}},"14":{"start":{"line":20,"column":12},"end":{"line":20,"column":60}},"15":{"start":{"line":21,"column":12},"end":{"line":21,"column":19}},"16":{"start":{"line":23,"column":8},"end":{"line":23,"column":47}},"17":{"start":{"line":24,"column":8},"end":{"line":24,"column":36}},"18":{"start":{"line":27,"column":8},"end":{"line":27,"column":76}},"19":{"start":{"line":27,"column":36},"end":{"line":27,"column":74}},"20":{"start":{"line":30,"column":8},"end":{"line":30,"column":39}},"21":{"start":{"line":33,"column":0},"end":{"line":33,"column":18}},"22":{"start":{"line":35,"column":0},"end":{"line":35,"column":32}}},"fnMap":{"0":{"name":"(anonymous_0)","decl":{"start":{"line":2,"column":56},"end":{"line":2,"column":57}},"loc":{"start":{"line":2,"column":71},"end":{"line":4,"column":1}},"line":2},"1":{"name":"(anonymous_1)","decl":{"start":{"line":10,"column":4},"end":{"line":10,"column":5}},"loc":{"start":{"line":10,"column":18},"end":{"line":15,"column":5}},"line":10},"2":{"name":"(anonymous_2)","decl":{"start":{"line":13,"column":26},"end":{"line":13,"column":27}},"loc":{"start":{"line":13,"column":40},"end":{"line":13,"column":62}},"line":13},"3":{"name":"(anonymous_3)","decl":{"start":{"line":16,"column":4},"end":{"line":16,"column":5}},"loc":{"start":{"line":16,"column":13},"end":{"line":25,"column":5}},"line":16},"4":{"name":"(anonymous_4)","decl":{"start":{"line":17,"column":30},"end":{"line":17,"column":31}},"loc":{"start":{"line":17,"column":51},"end":{"line":22,"column":9}},"line":17},"5":{"name":"(anonymous_5)","decl":{"start":{"line":26,"column":4},"end":{"line":26,"column":5}},"loc":{"start":{"line":26,"column":16},"end":{"line":28,"column":5}},"line":26},"6":{"name":"(anonymous_6)","decl":{"start":{"line":27,"column":30},"end":{"line":27,"column":31}},"loc":{"start":{"line":27,"column":36},"end":{"line":27,"column":74}},"line":27},"7":{"name":"(anonymous_7)","decl":{"start":{"line":29,"column":4},"end":{"line":29,"column":5}},"loc":{"start":{"line":29,"column":13},"end":{"line":31,"column":5}},"line":29}},"branchMap":{"0":{"loc":{"start":{"line":2,"column":22},"end":{"line":4,"column":1}},"type":"binary-expr","locations":[{"start":{"line":2,"column":23},"end":{"line":2,"column":27}},{"start":{"line":2,"column":31},"end":{"line":2,"column":51}},{"start":{"line":2,"column":56},"end":{"line":4,"column":1}}],"line":2},"1":{"loc":{"start":{"line":3,"column":11},"end":{"line":3,"column":61}},"type":"cond-expr","locations":[{"start":{"line":3,"column":37},"end":{"line":3,"column":40}},{"start":{"line":3,"column":43},"end":{"line":3,"column":61}}],"line":3},"2":{"loc":{"start":{"line":3,"column":12},"end":{"line":3,"column":33}},"type":"binary-expr","locations":[{"start":{"line":3,"column":12},"end":{"line":3,"column":15}},{"start":{"line":3,"column":19},"end":{"line":3,"column":33}}],"line":3}},"s":{"0":1,"1":2,"2":1,"3":1,"4":1,"5":1,"6":1,"7":1,"8":1,"9":0,"10":1,"11":1,"12":9,"13":9,"14":9,"15":9,"16":1,"17":1,"18":0,"19":0,"20":1,"21":1,"22":1},"f":{"0":2,"1":1,"2":0,"3":1,"4":9,"5":0,"6":0,"7":1},"b":{"0":[1,1,1],"1":[1,1],"2":[2,2]},"inputSourceMap":{"version":3,"file":"D:/Usuario/Desktop/projetos/pokeCard_api/app.ts","sources":["D:/Usuario/Desktop/projetos/pokeCard_api/app.ts"],"names":[],"mappings":";;;;;;AAAA,sDAA2D;AAC3D,sDAA8B;AAE9B,MAAM,GAAG;IAGP;QACE,IAAI,CAAC,GAAG,GAAG,IAAA,iBAAO,GAAE,CAAC;QAErB,IAAI,CAAC,MAAM,EAAE,CAAC;QACd,IAAI,CAAC,GAAG,CAAC,GAAG,CAAC,GAAG,EAAE,CAAC,GAAG,EAAE,GAAG,EAAE,EAAE,CAAC,GAAG,CAAC,IAAI,CAAC,EAAE,EAAE,EAAE,IAAI,EAAE,CAAC,CAAC,CAAC;QACxD,IAAI,CAAC,MAAM,EAAE,CAAC;IAChB,CAAC;IAEO,MAAM;QACZ,MAAM,aAAa,GAAmB,CAAC,IAAI,EAAE,GAAG,EAAE,IAAI,EAAE,EAAE;YACxD,GAAG,CAAC,MAAM,CAAC,6BAA6B,EAAE,GAAG,CAAC,CAAC;YAC/C,GAAG,CAAC,MAAM,CAAC,8BAA8B,EAAE,mCAAmC,CAAC,CAAC;YAChF,GAAG,CAAC,MAAM,CAAC,8BAA8B,EAAE,GAAG,CAAC,CAAC;YAChD,IAAI,EAAE,CAAC;QACT,CAAC,CAAC;QAEF,IAAI,CAAC,GAAG,CAAC,GAAG,CAAC,iBAAO,CAAC,IAAI,EAAE,CAAC,CAAC;QAC7B,IAAI,CAAC,GAAG,CAAC,GAAG,CAAC,aAAa,CAAC,CAAC;IAC9B,CAAC;IAEM,KAAK,CAAC,IAAqB;QAChC,IAAI,CAAC,GAAG,CAAC,MAAM,CAAC,IAAI,EAAE,GAAG,EAAE,CAAC,OAAO,CAAC,GAAG,CAAC,mBAAmB,IAAI,EAAE,CAAC,CAAC,CAAC;IACtE,CAAC;IAEO,MAAM;QACZ,IAAI,CAAC,GAAG,CAAC,GAAG,CAAC,gBAAM,CAAC,CAAC;IACvB,CAAC;CACF;AAEQ,kBAAG;AAEZ,2FAA2F;AAC9E,QAAA,WAAW,GAAG,IAAI,GAAG,EAAE,CAAC","sourcesContent":["import express, { Express, RequestHandler } from 'express';\r\nimport router from './routes';\r\n\r\nclass App {\r\n  public app: Express;\r\n\r\n  constructor() {\r\n    this.app = express();\r\n\r\n    this.config();\r\n    this.app.get('/', (req, res) => res.json({ ok: true }));\r\n    this.routes();\r\n  }\r\n\r\n  private config(): void {\r\n    const accessControl: RequestHandler = (_req, res, next) => {\r\n      res.header('Access-Control-Allow-Origin', '*');\r\n      res.header('Access-Control-Allow-Methods', 'GET,POST,DELETE,OPTIONS,PUT,PATCH');\r\n      res.header('Access-Control-Allow-Headers', '*');\r\n      next();\r\n    };\r\n\r\n    this.app.use(express.json());\r\n    this.app.use(accessControl);\r\n  }\r\n\r\n  public start(PORT: string | number): void {\r\n    this.app.listen(PORT, () => console.log(`Running on port ${PORT}`));\r\n  }\r\n\r\n  private routes(): void {\r\n    this.app.use(router);\r\n  }\r\n}\r\n\r\nexport { App };\r\n\r\n// Essa segunda exportação é estratégica, e a execução dos testes de cobertura depende dela\r\nexport const appInstance = new App();\r\n"]},"_coverageSchema":"1a1c01bbd47fc00a2c39e90264f33305004495a9","hash":"a40885ab0b223c573994abcbdac56a7cf75a731f","contentHash":"ad16ca536c59e9697cc1bb05952107bb98c2d89d35ff63eaad2c0d280c46c993"},"D:\\Usuario\\Desktop\\projetos\\pokeCard_api\\routes\\index.ts":{"path":"D:\\Usuario\\Desktop\\projetos\\pokeCard_api\\routes\\index.ts","statementMap":{"0":{"start":{"line":2,"column":22},"end":{"line":4,"column":1}},"1":{"start":{"line":3,"column":4},"end":{"line":3,"column":62}},"2":{"start":{"line":5,"column":0},"end":{"line":5,"column":62}},"3":{"start":{"line":6,"column":18},"end":{"line":6,"column":36}},"4":{"start":{"line":7,"column":22},"end":{"line":7,"column":63}},"5":{"start":{"line":8,"column":21},"end":{"line":8,"column":61}},"6":{"start":{"line":9,"column":21},"end":{"line":9,"column":61}},"7":{"start":{"line":10,"column":15},"end":{"line":10,"column":38}},"8":{"start":{"line":11,"column":0},"end":{"line":11,"column":44}},"9":{"start":{"line":12,"column":0},"end":{"line":12,"column":42}},"10":{"start":{"line":13,"column":0},"end":{"line":13,"column":42}},"11":{"start":{"line":14,"column":0},"end":{"line":14,"column":25}}},"fnMap":{"0":{"name":"(anonymous_0)","decl":{"start":{"line":2,"column":56},"end":{"line":2,"column":57}},"loc":{"start":{"line":2,"column":71},"end":{"line":4,"column":1}},"line":2}},"branchMap":{"0":{"loc":{"start":{"line":2,"column":22},"end":{"line":4,"column":1}},"type":"binary-expr","locations":[{"start":{"line":2,"column":23},"end":{"line":2,"column":27}},{"start":{"line":2,"column":31},"end":{"line":2,"column":51}},{"start":{"line":2,"column":56},"end":{"line":4,"column":1}}],"line":2},"1":{"loc":{"start":{"line":3,"column":11},"end":{"line":3,"column":61}},"type":"cond-expr","locations":[{"start":{"line":3,"column":37},"end":{"line":3,"column":40}},{"start":{"line":3,"column":43},"end":{"line":3,"column":61}}],"line":3},"2":{"loc":{"start":{"line":3,"column":12},"end":{"line":3,"column":33}},"type":"binary-expr","locations":[{"start":{"line":3,"column":12},"end":{"line":3,"column":15}},{"start":{"line":3,"column":19},"end":{"line":3,"column":33}}],"line":3}},"s":{"0":1,"1":3,"2":1,"3":1,"4":1,"5":1,"6":1,"7":1,"8":1,"9":1,"10":1,"11":1},"f":{"0":3},"b":{"0":[1,1,1],"1":[3,0],"2":[3,3]},"inputSourceMap":{"version":3,"file":"D:/Usuario/Desktop/projetos/pokeCard_api/routes/index.ts","sources":["D:/Usuario/Desktop/projetos/pokeCard_api/routes/index.ts"],"names":[],"mappings":";;;;;AAAA,qCAAiC;AACjC,gEAAwC;AACxC,8DAAsC;AACtC,8DAAsC;AAEtC,MAAM,MAAM,GAAG,IAAA,gBAAM,GAAE,CAAC;AAExB,MAAM,CAAC,GAAG,CAAC,QAAQ,EAAC,qBAAW,CAAC,CAAA;AAChC,MAAM,CAAC,GAAG,CAAC,OAAO,EAAC,oBAAU,CAAC,CAAA;AAC9B,MAAM,CAAC,GAAG,CAAC,OAAO,EAAC,oBAAU,CAAC,CAAA;AAE9B,kBAAe,MAAM,CAAC","sourcesContent":["import { Router } from 'express';\r\nimport loginRouter from './loginRouter';\r\nimport cardRouter from './cardRouter';\r\nimport deckRouter from './deckRouter';\r\n\r\nconst router = Router();\r\n\r\nrouter.use('/login',loginRouter)\r\nrouter.use('/card',cardRouter)\r\nrouter.use('/deck',deckRouter)\r\n\r\nexport default router;"]},"_coverageSchema":"1a1c01bbd47fc00a2c39e90264f33305004495a9","hash":"3254497c7a40535568737eba015bbbdc51afc9bf","contentHash":"ad8b509919b82da06c9e7a000d01edf6738ec6e7f67815a8d8d22c90e46c3de3"},"D:\\Usuario\\Desktop\\projetos\\pokeCard_api\\routes\\loginRouter.ts":{"path":"D:\\Usuario\\Desktop\\projetos\\pokeCard_api\\routes\\loginRouter.ts","statementMap":{"0":{"start":{"line":2,"column":22},"end":{"line":4,"column":1}},"1":{"start":{"line":3,"column":4},"end":{"line":3,"column":62}},"2":{"start":{"line":5,"column":0},"end":{"line":5,"column":62}},"3":{"start":{"line":6,"column":18},"end":{"line":6,"column":36}},"4":{"start":{"line":7,"column":26},"end":{"line":7,"column":83}},"5":{"start":{"line":8,"column":20},"end":{"line":8,"column":43}},"6":{"start":{"line":9,"column":24},"end":{"line":9,"column":55}},"7":{"start":{"line":10,"column":0},"end":{"line":10,"column":69}},"8":{"start":{"line":10,"column":36},"end":{"line":10,"column":67}},"9":{"start":{"line":11,"column":0},"end":{"line":11,"column":80}},"10":{"start":{"line":11,"column":44},"end":{"line":11,"column":78}},"11":{"start":{"line":12,"column":0},"end":{"line":12,"column":30}}},"fnMap":{"0":{"name":"(anonymous_0)","decl":{"start":{"line":2,"column":56},"end":{"line":2,"column":57}},"loc":{"start":{"line":2,"column":71},"end":{"line":4,"column":1}},"line":2},"1":{"name":"(anonymous_1)","decl":{"start":{"line":10,"column":22},"end":{"line":10,"column":23}},"loc":{"start":{"line":10,"column":36},"end":{"line":10,"column":67}},"line":10},"2":{"name":"(anonymous_2)","decl":{"start":{"line":11,"column":30},"end":{"line":11,"column":31}},"loc":{"start":{"line":11,"column":44},"end":{"line":11,"column":78}},"line":11}},"branchMap":{"0":{"loc":{"start":{"line":2,"column":22},"end":{"line":4,"column":1}},"type":"binary-expr","locations":[{"start":{"line":2,"column":23},"end":{"line":2,"column":27}},{"start":{"line":2,"column":31},"end":{"line":2,"column":51}},{"start":{"line":2,"column":56},"end":{"line":4,"column":1}}],"line":2},"1":{"loc":{"start":{"line":3,"column":11},"end":{"line":3,"column":61}},"type":"cond-expr","locations":[{"start":{"line":3,"column":37},"end":{"line":3,"column":40}},{"start":{"line":3,"column":43},"end":{"line":3,"column":61}}],"line":3},"2":{"loc":{"start":{"line":3,"column":12},"end":{"line":3,"column":33}},"type":"binary-expr","locations":[{"start":{"line":3,"column":12},"end":{"line":3,"column":15}},{"start":{"line":3,"column":19},"end":{"line":3,"column":33}}],"line":3}},"s":{"0":1,"1":1,"2":1,"3":1,"4":1,"5":1,"6":1,"7":1,"8":1,"9":1,"10":1,"11":1},"f":{"0":1,"1":1,"2":1},"b":{"0":[1,1,1],"1":[1,0],"2":[1,1]},"inputSourceMap":{"version":3,"file":"D:/Usuario/Desktop/projetos/pokeCard_api/routes/loginRouter.ts","sources":["D:/Usuario/Desktop/projetos/pokeCard_api/routes/loginRouter.ts"],"names":[],"mappings":";;;;;AAAA,qCAAoD;AACpD,oFAA4D;AAE5D,MAAM,WAAW,GAAG,IAAA,gBAAM,GAAE,CAAC;AAE7B,MAAM,eAAe,GAAG,IAAI,yBAAe,EAAE,CAAC;AAE9C,WAAW,CAAC,IAAI,CAAC,GAAG,EAAE,CAAC,GAAY,EAAE,GAAa,EAAE,EAAE,CAAC,eAAe,CAAC,KAAK,CAAC,GAAG,EAAE,GAAG,CAAC,CAAC,CAAC;AACxF,WAAW,CAAC,IAAI,CAAC,WAAW,EAAC,CAAC,GAAY,EAAE,GAAa,EAAE,EAAE,CAAC,eAAe,CAAC,QAAQ,CAAC,GAAG,EAAE,GAAG,CAAC,CAAC,CAAA;AAEjG,kBAAe,WAAW,CAAC","sourcesContent":["import { Request, Router, Response } from 'express';\r\nimport LoginController from '../controller/loginController';\r\n\r\nconst loginRouter = Router();\r\n\r\nconst loginController = new LoginController();\r\n\r\nloginRouter.post('/', (req: Request, res: Response) => loginController.login(req, res));\r\nloginRouter.post('/register',(req: Request, res: Response) => loginController.register(req, res))\r\n\r\nexport default loginRouter;"]},"_coverageSchema":"1a1c01bbd47fc00a2c39e90264f33305004495a9","hash":"9347b798326889b010edefe63b29fb18d49522d4","contentHash":"b4242729e8a8c12982fe45fef83ac3193bf44733cb799a021632a82109cc8f45"},"D:\\Usuario\\Desktop\\projetos\\pokeCard_api\\controller\\loginController.ts":{"path":"D:\\Usuario\\Desktop\\projetos\\pokeCard_api\\controller\\loginController.ts","statementMap":{"0":{"start":{"line":2,"column":16},"end":{"line":10,"column":1}},"1":{"start":{"line":3,"column":28},"end":{"line":3,"column":110}},"2":{"start":{"line":3,"column":91},"end":{"line":3,"column":106}},"3":{"start":{"line":4,"column":4},"end":{"line":9,"column":7}},"4":{"start":{"line":5,"column":36},"end":{"line":5,"column":97}},"5":{"start":{"line":5,"column":42},"end":{"line":5,"column":70}},"6":{"start":{"line":5,"column":85},"end":{"line":5,"column":95}},"7":{"start":{"line":6,"column":35},"end":{"line":6,"column":100}},"8":{"start":{"line":6,"column":41},"end":{"line":6,"column":73}},"9":{"start":{"line":6,"column":88},"end":{"line":6,"column":98}},"10":{"start":{"line":7,"column":32},"end":{"line":7,"column":116}},"11":{"start":{"line":8,"column":8},"end":{"line":8,"column":78}},"12":{"start":{"line":11,"column":22},"end":{"line":13,"column":1}},"13":{"start":{"line":12,"column":4},"end":{"line":12,"column":62}},"14":{"start":{"line":14,"column":0},"end":{"line":14,"column":62}},"15":{"start":{"line":15,"column":23},"end":{"line":15,"column":75}},"16":{"start":{"line":18,"column":8},"end":{"line":18,"column":41}},"17":{"start":{"line":21,"column":8},"end":{"line":28,"column":11}},"18":{"start":{"line":22,"column":43},"end":{"line":22,"column":51}},"19":{"start":{"line":23,"column":38},"end":{"line":23,"column":87}},"20":{"start":{"line":24,"column":12},"end":{"line":26,"column":13}},"21":{"start":{"line":25,"column":16},"end":{"line":25,"column":58}},"22":{"start":{"line":27,"column":12},"end":{"line":27,"column":49}},"23":{"start":{"line":31,"column":8},"end":{"line":38,"column":11}},"24":{"start":{"line":32,"column":43},"end":{"line":32,"column":51}},"25":{"start":{"line":33,"column":38},"end":{"line":33,"column":90}},"26":{"start":{"line":34,"column":12},"end":{"line":36,"column":13}},"27":{"start":{"line":35,"column":16},"end":{"line":35,"column":58}},"28":{"start":{"line":37,"column":12},"end":{"line":37,"column":49}},"29":{"start":{"line":41,"column":0},"end":{"line":41,"column":34}}},"fnMap":{"0":{"name":"(anonymous_0)","decl":{"start":{"line":2,"column":44},"end":{"line":2,"column":45}},"loc":{"start":{"line":2,"column":89},"end":{"line":10,"column":1}},"line":2},"1":{"name":"adopt","decl":{"start":{"line":3,"column":13},"end":{"line":3,"column":18}},"loc":{"start":{"line":3,"column":26},"end":{"line":3,"column":112}},"line":3},"2":{"name":"(anonymous_2)","decl":{"start":{"line":3,"column":70},"end":{"line":3,"column":71}},"loc":{"start":{"line":3,"column":89},"end":{"line":3,"column":108}},"line":3},"3":{"name":"(anonymous_3)","decl":{"start":{"line":4,"column":36},"end":{"line":4,"column":37}},"loc":{"start":{"line":4,"column":63},"end":{"line":9,"column":5}},"line":4},"4":{"name":"fulfilled","decl":{"start":{"line":5,"column":17},"end":{"line":5,"column":26}},"loc":{"start":{"line":5,"column":34},"end":{"line":5,"column":99}},"line":5},"5":{"name":"rejected","decl":{"start":{"line":6,"column":17},"end":{"line":6,"column":25}},"loc":{"start":{"line":6,"column":33},"end":{"line":6,"column":102}},"line":6},"6":{"name":"step","decl":{"start":{"line":7,"column":17},"end":{"line":7,"column":21}},"loc":{"start":{"line":7,"column":30},"end":{"line":7,"column":118}},"line":7},"7":{"name":"(anonymous_7)","decl":{"start":{"line":11,"column":56},"end":{"line":11,"column":57}},"loc":{"start":{"line":11,"column":71},"end":{"line":13,"column":1}},"line":11},"8":{"name":"(anonymous_8)","decl":{"start":{"line":17,"column":4},"end":{"line":17,"column":5}},"loc":{"start":{"line":17,"column":61},"end":{"line":19,"column":5}},"line":17},"9":{"name":"(anonymous_9)","decl":{"start":{"line":20,"column":4},"end":{"line":20,"column":5}},"loc":{"start":{"line":20,"column":20},"end":{"line":29,"column":5}},"line":20},"10":{"name":"(anonymous_10)","decl":{"start":{"line":21,"column":47},"end":{"line":21,"column":48}},"loc":{"start":{"line":21,"column":60},"end":{"line":28,"column":9}},"line":21},"11":{"name":"(anonymous_11)","decl":{"start":{"line":30,"column":4},"end":{"line":30,"column":5}},"loc":{"start":{"line":30,"column":23},"end":{"line":39,"column":5}},"line":30},"12":{"name":"(anonymous_12)","decl":{"start":{"line":31,"column":47},"end":{"line":31,"column":48}},"loc":{"start":{"line":31,"column":60},"end":{"line":38,"column":9}},"line":31}},"branchMap":{"0":{"loc":{"start":{"line":2,"column":16},"end":{"line":10,"column":1}},"type":"binary-expr","locations":[{"start":{"line":2,"column":17},"end":{"line":2,"column":21}},{"start":{"line":2,"column":25},"end":{"line":2,"column":39}},{"start":{"line":2,"column":44},"end":{"line":10,"column":1}}],"line":2},"1":{"loc":{"start":{"line":3,"column":35},"end":{"line":3,"column":109}},"type":"cond-expr","locations":[{"start":{"line":3,"column":56},"end":{"line":3,"column":61}},{"start":{"line":3,"column":64},"end":{"line":3,"column":109}}],"line":3},"2":{"loc":{"start":{"line":4,"column":16},"end":{"line":4,"column":34}},"type":"binary-expr","locations":[{"start":{"line":4,"column":16},"end":{"line":4,"column":17}},{"start":{"line":4,"column":22},"end":{"line":4,"column":33}}],"line":4},"3":{"loc":{"start":{"line":7,"column":32},"end":{"line":7,"column":115}},"type":"cond-expr","locations":[{"start":{"line":7,"column":46},"end":{"line":7,"column":67}},{"start":{"line":7,"column":70},"end":{"line":7,"column":115}}],"line":7},"4":{"loc":{"start":{"line":8,"column":51},"end":{"line":8,"column":67}},"type":"binary-expr","locations":[{"start":{"line":8,"column":51},"end":{"line":8,"column":61}},{"start":{"line":8,"column":65},"end":{"line":8,"column":67}}],"line":8},"5":{"loc":{"start":{"line":11,"column":22},"end":{"line":13,"column":1}},"type":"binary-expr","locations":[{"start":{"line":11,"column":23},"end":{"line":11,"column":27}},{"start":{"line":11,"column":31},"end":{"line":11,"column":51}},{"start":{"line":11,"column":56},"end":{"line":13,"column":1}}],"line":11},"6":{"loc":{"start":{"line":12,"column":11},"end":{"line":12,"column":61}},"type":"cond-expr","locations":[{"start":{"line":12,"column":37},"end":{"line":12,"column":40}},{"start":{"line":12,"column":43},"end":{"line":12,"column":61}}],"line":12},"7":{"loc":{"start":{"line":12,"column":12},"end":{"line":12,"column":33}},"type":"binary-expr","locations":[{"start":{"line":12,"column":12},"end":{"line":12,"column":15}},{"start":{"line":12,"column":19},"end":{"line":12,"column":33}}],"line":12},"8":{"loc":{"start":{"line":17,"column":16},"end":{"line":17,"column":59}},"type":"default-arg","locations":[{"start":{"line":17,"column":31},"end":{"line":17,"column":59}}],"line":17},"9":{"loc":{"start":{"line":24,"column":12},"end":{"line":26,"column":13}},"type":"if","locations":[{"start":{"line":24,"column":12},"end":{"line":26,"column":13}},{"start":{"line":24,"column":12},"end":{"line":26,"column":13}}],"line":24},"10":{"loc":{"start":{"line":34,"column":12},"end":{"line":36,"column":13}},"type":"if","locations":[{"start":{"line":34,"column":12},"end":{"line":36,"column":13}},{"start":{"line":34,"column":12},"end":{"line":36,"column":13}}],"line":34}},"s":{"0":1,"1":2,"2":0,"3":2,"4":2,"5":2,"6":0,"7":0,"8":0,"9":0,"10":4,"11":2,"12":1,"13":1,"14":1,"15":1,"16":1,"17":1,"18":1,"19":1,"20":1,"21":0,"22":1,"23":1,"24":1,"25":1,"26":1,"27":0,"28":1,"29":1},"f":{"0":2,"1":2,"2":0,"3":2,"4":2,"5":0,"6":4,"7":1,"8":1,"9":1,"10":1,"11":1,"12":1},"b":{"0":[1,1,1],"1":[2,0],"2":[2,2],"3":[2,2],"4":[2,2],"5":[1,1,1],"6":[1,0],"7":[1,1],"8":[1],"9":[0,1],"10":[0,1]},"inputSourceMap":{"version":3,"file":"D:/Usuario/Desktop/projetos/pokeCard_api/controller/loginController.ts","sources":["D:/Usuario/Desktop/projetos/pokeCard_api/controller/loginController.ts"],"names":[],"mappings":";;;;;;;;;;;;;;AACA,4EAAoD;AAEpD,MAAqB,eAAe;IAClC,YAAoB,eAAmB,IAAI,sBAAY,EAAE;QAArC,iBAAY,GAAZ,YAAY,CAAyB;IAAI,CAAC;IACjD,KAAK,CAAC,GAAW,EAAC,GAAY;;YACzC,MAAM,EAAC,QAAQ,EAAC,QAAQ,EAAC,GAAG,GAAG,CAAC,IAAI,CAAC;YACrC,MAAM,EAAC,IAAI,EAAC,OAAO,EAAC,GAAG,MAAM,IAAI,CAAC,YAAY,CAAC,KAAK,CAAC,QAAQ,EAAC,QAAQ,CAAC,CAAC;YACxE,IAAG,IAAI,EAAC;gBACN,OAAO,GAAG,CAAC,MAAM,CAAC,IAAI,CAAC,CAAC,IAAI,CAAC,EAAC,OAAO,EAAC,CAAC,CAAA;aACxC;YACD,OAAO,GAAG,CAAC,MAAM,CAAC,GAAG,CAAC,CAAC,IAAI,CAAC,OAAO,CAAC,CAAA;QACtC,CAAC;KAAA;IACY,QAAQ,CAAC,GAAW,EAAC,GAAY;;YAC5C,MAAM,EAAC,QAAQ,EAAC,QAAQ,EAAC,GAAG,GAAG,CAAC,IAAI,CAAC;YACrC,MAAM,EAAC,IAAI,EAAC,OAAO,EAAC,GAAG,MAAM,IAAI,CAAC,YAAY,CAAC,QAAQ,CAAC,QAAQ,EAAC,QAAQ,CAAC,CAAC;YAC3E,IAAG,IAAI,EAAC;gBACN,OAAO,GAAG,CAAC,MAAM,CAAC,IAAI,CAAC,CAAC,IAAI,CAAC,EAAC,OAAO,EAAC,CAAC,CAAA;aACxC;YACD,OAAO,GAAG,CAAC,MAAM,CAAC,GAAG,CAAC,CAAC,IAAI,CAAC,OAAO,CAAC,CAAA;QACtC,CAAC;KAAA;CACF;AAlBD,kCAkBC","sourcesContent":["import { Request, Response } from 'express';\r\nimport LoginService from '../services/loginService';\r\n\r\nexport default class LoginController {\r\n  constructor(private loginService:any = new LoginService()) { }\r\n  public async login(req:Request,res:Response){\r\n    const {userName,password} = req.body;\r\n    const {type,message} = await this.loginService.login(userName,password);\r\n    if(type){\r\n      return res.status(type).json({message})\r\n    }\r\n    return res.status(200).json(message)\r\n  }\r\n  public async register(req:Request,res:Response){\r\n    const {userName,password} = req.body;\r\n    const {type,message} = await this.loginService.register(userName,password);\r\n    if(type){\r\n      return res.status(type).json({message})\r\n    }\r\n    return res.status(201).json(message)\r\n  }\r\n}"]},"_coverageSchema":"1a1c01bbd47fc00a2c39e90264f33305004495a9","hash":"a7a42e6ead70bde7f48a1bae1392ad88f6cec9f9","contentHash":"0cfbe99967c850c0eed052a1df88a9664ad6b83f9ad73e9a195cbba9e6e7ff1e"},"D:\\Usuario\\Desktop\\projetos\\pokeCard_api\\services\\loginService.ts":{"path":"D:\\Usuario\\Desktop\\projetos\\pokeCard_api\\services\\loginService.ts","statementMap":{"0":{"start":{"line":2,"column":16},"end":{"line":10,"column":1}},"1":{"start":{"line":3,"column":28},"end":{"line":3,"column":110}},"2":{"start":{"line":3,"column":91},"end":{"line":3,"column":106}},"3":{"start":{"line":4,"column":4},"end":{"line":9,"column":7}},"4":{"start":{"line":5,"column":36},"end":{"line":5,"column":97}},"5":{"start":{"line":5,"column":42},"end":{"line":5,"column":70}},"6":{"start":{"line":5,"column":85},"end":{"line":5,"column":95}},"7":{"start":{"line":6,"column":35},"end":{"line":6,"column":100}},"8":{"start":{"line":6,"column":41},"end":{"line":6,"column":73}},"9":{"start":{"line":6,"column":88},"end":{"line":6,"column":98}},"10":{"start":{"line":7,"column":32},"end":{"line":7,"column":116}},"11":{"start":{"line":8,"column":8},"end":{"line":8,"column":78}},"12":{"start":{"line":11,"column":22},"end":{"line":13,"column":1}},"13":{"start":{"line":12,"column":4},"end":{"line":12,"column":62}},"14":{"start":{"line":14,"column":0},"end":{"line":14,"column":62}},"15":{"start":{"line":15,"column":20},"end":{"line":15,"column":67}},"16":{"start":{"line":18,"column":8},"end":{"line":18,"column":45}},"17":{"start":{"line":21,"column":8},"end":{"line":29,"column":11}},"18":{"start":{"line":22,"column":25},"end":{"line":22,"column":98}},"19":{"start":{"line":23,"column":12},"end":{"line":28,"column":13}},"20":{"start":{"line":24,"column":16},"end":{"line":24,"column":89}},"21":{"start":{"line":27,"column":16},"end":{"line":27,"column":78}},"22":{"start":{"line":32,"column":8},"end":{"line":39,"column":11}},"23":{"start":{"line":33,"column":25},"end":{"line":33,"column":88}},"24":{"start":{"line":34,"column":12},"end":{"line":37,"column":13}},"25":{"start":{"line":35,"column":32},"end":{"line":35,"column":93}},"26":{"start":{"line":36,"column":16},"end":{"line":36,"column":95}},"27":{"start":{"line":38,"column":12},"end":{"line":38,"column":62}},"28":{"start":{"line":42,"column":0},"end":{"line":42,"column":31}}},"fnMap":{"0":{"name":"(anonymous_0)","decl":{"start":{"line":2,"column":44},"end":{"line":2,"column":45}},"loc":{"start":{"line":2,"column":89},"end":{"line":10,"column":1}},"line":2},"1":{"name":"adopt","decl":{"start":{"line":3,"column":13},"end":{"line":3,"column":18}},"loc":{"start":{"line":3,"column":26},"end":{"line":3,"column":112}},"line":3},"2":{"name":"(anonymous_2)","decl":{"start":{"line":3,"column":70},"end":{"line":3,"column":71}},"loc":{"start":{"line":3,"column":89},"end":{"line":3,"column":108}},"line":3},"3":{"name":"(anonymous_3)","decl":{"start":{"line":4,"column":36},"end":{"line":4,"column":37}},"loc":{"start":{"line":4,"column":63},"end":{"line":9,"column":5}},"line":4},"4":{"name":"fulfilled","decl":{"start":{"line":5,"column":17},"end":{"line":5,"column":26}},"loc":{"start":{"line":5,"column":34},"end":{"line":5,"column":99}},"line":5},"5":{"name":"rejected","decl":{"start":{"line":6,"column":17},"end":{"line":6,"column":25}},"loc":{"start":{"line":6,"column":33},"end":{"line":6,"column":102}},"line":6},"6":{"name":"step","decl":{"start":{"line":7,"column":17},"end":{"line":7,"column":21}},"loc":{"start":{"line":7,"column":30},"end":{"line":7,"column":118}},"line":7},"7":{"name":"(anonymous_7)","decl":{"start":{"line":11,"column":56},"end":{"line":11,"column":57}},"loc":{"start":{"line":11,"column":71},"end":{"line":13,"column":1}},"line":11},"8":{"name":"(anonymous_8)","decl":{"start":{"line":17,"column":4},"end":{"line":17,"column":5}},"loc":{"start":{"line":17,"column":18},"end":{"line":19,"column":5}},"line":17},"9":{"name":"(anonymous_9)","decl":{"start":{"line":20,"column":4},"end":{"line":20,"column":5}},"loc":{"start":{"line":20,"column":30},"end":{"line":30,"column":5}},"line":20},"10":{"name":"(anonymous_10)","decl":{"start":{"line":21,"column":47},"end":{"line":21,"column":48}},"loc":{"start":{"line":21,"column":60},"end":{"line":29,"column":9}},"line":21},"11":{"name":"(anonymous_11)","decl":{"start":{"line":31,"column":4},"end":{"line":31,"column":5}},"loc":{"start":{"line":31,"column":33},"end":{"line":40,"column":5}},"line":31},"12":{"name":"(anonymous_12)","decl":{"start":{"line":32,"column":47},"end":{"line":32,"column":48}},"loc":{"start":{"line":32,"column":60},"end":{"line":39,"column":9}},"line":32}},"branchMap":{"0":{"loc":{"start":{"line":2,"column":16},"end":{"line":10,"column":1}},"type":"binary-expr","locations":[{"start":{"line":2,"column":17},"end":{"line":2,"column":21}},{"start":{"line":2,"column":25},"end":{"line":2,"column":39}},{"start":{"line":2,"column":44},"end":{"line":10,"column":1}}],"line":2},"1":{"loc":{"start":{"line":3,"column":35},"end":{"line":3,"column":109}},"type":"cond-expr","locations":[{"start":{"line":3,"column":56},"end":{"line":3,"column":61}},{"start":{"line":3,"column":64},"end":{"line":3,"column":109}}],"line":3},"2":{"loc":{"start":{"line":4,"column":16},"end":{"line":4,"column":34}},"type":"binary-expr","locations":[{"start":{"line":4,"column":16},"end":{"line":4,"column":17}},{"start":{"line":4,"column":22},"end":{"line":4,"column":33}}],"line":4},"3":{"loc":{"start":{"line":7,"column":32},"end":{"line":7,"column":115}},"type":"cond-expr","locations":[{"start":{"line":7,"column":46},"end":{"line":7,"column":67}},{"start":{"line":7,"column":70},"end":{"line":7,"column":115}}],"line":7},"4":{"loc":{"start":{"line":8,"column":51},"end":{"line":8,"column":67}},"type":"binary-expr","locations":[{"start":{"line":8,"column":51},"end":{"line":8,"column":61}},{"start":{"line":8,"column":65},"end":{"line":8,"column":67}}],"line":8},"5":{"loc":{"start":{"line":11,"column":22},"end":{"line":13,"column":1}},"type":"binary-expr","locations":[{"start":{"line":11,"column":23},"end":{"line":11,"column":27}},{"start":{"line":11,"column":31},"end":{"line":11,"column":51}},{"start":{"line":11,"column":56},"end":{"line":13,"column":1}}],"line":11},"6":{"loc":{"start":{"line":12,"column":11},"end":{"line":12,"column":61}},"type":"cond-expr","locations":[{"start":{"line":12,"column":37},"end":{"line":12,"column":40}},{"start":{"line":12,"column":43},"end":{"line":12,"column":61}}],"line":12},"7":{"loc":{"start":{"line":12,"column":12},"end":{"line":12,"column":33}},"type":"binary-expr","locations":[{"start":{"line":12,"column":12},"end":{"line":12,"column":15}},{"start":{"line":12,"column":19},"end":{"line":12,"column":33}}],"line":12},"8":{"loc":{"start":{"line":23,"column":12},"end":{"line":28,"column":13}},"type":"if","locations":[{"start":{"line":23,"column":12},"end":{"line":28,"column":13}},{"start":{"line":23,"column":12},"end":{"line":28,"column":13}}],"line":23},"9":{"loc":{"start":{"line":34,"column":12},"end":{"line":37,"column":13}},"type":"if","locations":[{"start":{"line":34,"column":12},"end":{"line":37,"column":13}},{"start":{"line":34,"column":12},"end":{"line":37,"column":13}}],"line":34},"10":{"loc":{"start":{"line":34,"column":16},"end":{"line":34,"column":67}},"type":"binary-expr","locations":[{"start":{"line":34,"column":16},"end":{"line":34,"column":21}},{"start":{"line":34,"column":25},"end":{"line":34,"column":44}},{"start":{"line":34,"column":48},"end":{"line":34,"column":67}}],"line":34}},"s":{"0":1,"1":3,"2":0,"3":2,"4":3,"5":3,"6":0,"7":0,"8":0,"9":0,"10":5,"11":2,"12":1,"13":1,"14":1,"15":1,"16":1,"17":1,"18":1,"19":1,"20":1,"21":0,"22":1,"23":1,"24":1,"25":1,"26":1,"27":0,"28":1},"f":{"0":2,"1":3,"2":0,"3":2,"4":3,"5":0,"6":5,"7":1,"8":1,"9":1,"10":1,"11":1,"12":1},"b":{"0":[1,1,1],"1":[3,0],"2":[2,2],"3":[2,3],"4":[2,2],"5":[1,1,1],"6":[1,0],"7":[1,1],"8":[1,0],"9":[1,0],"10":[1,1,1]},"inputSourceMap":{"version":3,"file":"D:/Usuario/Desktop/projetos/pokeCard_api/services/loginService.ts","sources":["D:/Usuario/Desktop/projetos/pokeCard_api/services/loginService.ts"],"names":[],"mappings":";;;;;;;;;;;;;;AAAA,oEAA2C;AAG3C,MAAqB,YAAY;IAAjC;QACU,cAAS,GAAG,mBAAS,CAAC;IAiBhC,CAAC;IAhBc,KAAK,CAAC,QAAe,EAAC,QAAe;;YAChD,MAAM,IAAI,GAAG,MAAM,IAAI,CAAC,SAAS,CAAC,OAAO,CAAC,EAAC,KAAK,EAAC,EAAC,QAAQ,EAAC,QAAQ,EAAC,QAAQ,EAAC,EAAC,CAAC,CAAA;YAC/E,IAAG,IAAI,EAAC;gBACN,OAAO,EAAC,IAAI,EAAC,IAAI,EAAC,OAAO,EAAC,EAAC,EAAE,EAAC,IAAI,CAAC,EAAE,EAAC,QAAQ,EAAC,IAAI,CAAC,QAAQ,EAAC,EAAC,CAAA;aAC/D;iBAAI;gBACH,OAAO,EAAC,IAAI,EAAC,GAAG,EAAC,OAAO,EAAC,8BAA8B,EAAC,CAAA;aACzD;QACH,CAAC;KAAA;IACY,QAAQ,CAAC,QAAe,EAAC,QAAe;;YACnD,MAAM,IAAI,GAAG,MAAM,IAAI,CAAC,SAAS,CAAC,OAAO,CAAC,EAAC,KAAK,EAAC,EAAC,QAAQ,EAAC,QAAQ,EAAC,EAAC,CAAC,CAAC;YACvE,IAAG,CAAC,IAAI,IAAI,QAAQ,CAAC,MAAM,GAAE,CAAC,IAAI,QAAQ,CAAC,MAAM,GAAE,CAAC,EAAC;gBACnD,MAAM,OAAO,GAAG,MAAM,IAAI,CAAC,SAAS,CAAC,MAAM,CAAC,EAAC,QAAQ,EAAC,QAAQ,EAAC,QAAQ,EAAC,CAAE,CAAA;gBAC1E,OAAM,EAAC,IAAI,EAAC,IAAI,EAAC,OAAO,EAAC,EAAC,EAAE,EAAC,OAAO,CAAC,EAAE,EAAC,QAAQ,EAAC,OAAO,CAAC,QAAQ,EAAC,EAAC,CAAA;aACpE;YACD,OAAO,EAAC,IAAI,EAAC,GAAG,EAAC,OAAO,EAAC,kBAAkB,EAAC,CAAA;QAC9C,CAAC;KAAA;CACF;AAlBD,+BAkBC","sourcesContent":["import UserModel from '../models/UserModel'\r\nimport {SERVER_RETURN} from '../types/index'\r\n\r\nexport default class LoginService {\r\n  private usermodel = UserModel;\r\n  public async login(username:string,password:string):Promise<SERVER_RETURN>{\r\n    const user = await this.usermodel.findOne({where:{userName:username,password}})\r\n    if(user){\r\n      return {type:null,message:{id:user.id,userName:user.userName}}\r\n    }else{\r\n      return {type:404,message:'userName or password invalid'}\r\n    }\r\n  }\r\n  public async register(username:string,password:string):Promise<SERVER_RETURN>{\r\n    const user = await this.usermodel.findOne({where:{userName:username}});\r\n    if(!user && username.length >3 && password.length >3){\r\n      const newUser = await this.usermodel.create({userName:username,password},)\r\n      return{type:null,message:{id:newUser.id,userName:newUser.userName}}\r\n    }\r\n    return {type:401,message:'username invalid'}\r\n  }\r\n}"]},"_coverageSchema":"1a1c01bbd47fc00a2c39e90264f33305004495a9","hash":"7bc932f0137531dee9067dcd07c3700e254d23bb","contentHash":"767863a351cd6608daaed817cee955899020cde01b5f6bb7d9c6d2d648955d53"},"D:\\Usuario\\Desktop\\projetos\\pokeCard_api\\models\\UserModel.ts":{"path":"D:\\Usuario\\Desktop\\projetos\\pokeCard_api\\models\\UserModel.ts","statementMap":{"0":{"start":{"line":2,"column":22},"end":{"line":4,"column":1}},"1":{"start":{"line":3,"column":4},"end":{"line":3,"column":62}},"2":{"start":{"line":5,"column":0},"end":{"line":5,"column":62}},"3":{"start":{"line":6,"column":20},"end":{"line":6,"column":40}},"4":{"start":{"line":7,"column":16},"end":{"line":7,"column":51}},"5":{"start":{"line":10,"column":0},"end":{"line":29,"column":3}},"6":{"start":{"line":30,"column":0},"end":{"line":30,"column":28}}},"fnMap":{"0":{"name":"(anonymous_0)","decl":{"start":{"line":2,"column":56},"end":{"line":2,"column":57}},"loc":{"start":{"line":2,"column":71},"end":{"line":4,"column":1}},"line":2}},"branchMap":{"0":{"loc":{"start":{"line":2,"column":22},"end":{"line":4,"column":1}},"type":"binary-expr","locations":[{"start":{"line":2,"column":23},"end":{"line":2,"column":27}},{"start":{"line":2,"column":31},"end":{"line":2,"column":51}},{"start":{"line":2,"column":56},"end":{"line":4,"column":1}}],"line":2},"1":{"loc":{"start":{"line":3,"column":11},"end":{"line":3,"column":61}},"type":"cond-expr","locations":[{"start":{"line":3,"column":37},"end":{"line":3,"column":40}},{"start":{"line":3,"column":43},"end":{"line":3,"column":61}}],"line":3},"2":{"loc":{"start":{"line":3,"column":12},"end":{"line":3,"column":33}},"type":"binary-expr","locations":[{"start":{"line":3,"column":12},"end":{"line":3,"column":15}},{"start":{"line":3,"column":19},"end":{"line":3,"column":33}}],"line":3}},"s":{"0":1,"1":1,"2":1,"3":1,"4":1,"5":1,"6":1},"f":{"0":1},"b":{"0":[1,1,1],"1":[1,0],"2":[1,1]},"inputSourceMap":{"version":3,"file":"D:/Usuario/Desktop/projetos/pokeCard_api/models/UserModel.ts","sources":["D:/Usuario/Desktop/projetos/pokeCard_api/models/UserModel.ts"],"names":[],"mappings":";;;;;AAAA,yCAMmB;AACnB,oDAAyB;AAEzB,MAAM,SAAU,SAAQ,iBACW;CAIlC;AACD,SAAS,CAAC,IAAI,CAAC;IACb,EAAE,EAAE;QACF,IAAI,EAAE,qBAAS,CAAC,OAAO;QACvB,SAAS,EAAE,KAAK;QAChB,UAAU,EAAE,IAAI;QAChB,aAAa,EAAE,IAAI;KACpB;IACD,QAAQ,EAAE;QACR,IAAI,EAAE,qBAAS,CAAC,MAAM;QACtB,SAAS,EAAE,KAAK;KACjB;IACD,QAAQ,EAAE;QACR,IAAI,EAAE,qBAAS,CAAC,MAAM;KACvB;CACF,EAAE;IACD,SAAS,EAAE,eAAE;IACb,WAAW,EAAE,IAAI;IACjB,SAAS,EAAE,OAAO;IAClB,UAAU,EAAE,KAAK;CAClB,CAAC,CAAC;AAEH,kBAAe,SAAS,CAAC","sourcesContent":["import {\r\n  DataTypes,\r\n  Model,\r\n  InferAttributes,\r\n  InferCreationAttributes,\r\n  CreationOptional,\r\n} from 'sequelize';\r\nimport db from './index';\r\n\r\nclass UserModel extends Model<InferAttributes<UserModel>,\r\nInferCreationAttributes<UserModel>> {\r\n  declare id: CreationOptional<number>;\r\n  declare userName :string;\r\n  declare password :string;\r\n}\r\nUserModel.init({\r\n  id: {\r\n    type: DataTypes.INTEGER,\r\n    allowNull: false,\r\n    primaryKey: true,\r\n    autoIncrement: true,\r\n  },\r\n  userName: {\r\n    type: DataTypes.STRING,\r\n    allowNull: false,\r\n  },\r\n  password: {\r\n    type: DataTypes.STRING,\r\n  }\r\n}, {\r\n  sequelize: db,\r\n  underscored: true,\r\n  modelName: 'users',\r\n  timestamps: false,\r\n});\r\n\r\nexport default UserModel;"]},"_coverageSchema":"1a1c01bbd47fc00a2c39e90264f33305004495a9","hash":"03077f3bba308190a421435db39ca58b75ee19a7","contentHash":"9651f35791d5bcebeafdf2227b3d0282546b3952a78e59f696194212ebe7e4fd"},"D:\\Usuario\\Desktop\\projetos\\pokeCard_api\\models\\index.ts":{"path":"D:\\Usuario\\Desktop\\projetos\\pokeCard_api\\models\\index.ts","statementMap":{"0":{"start":{"line":2,"column":22},"end":{"line":12,"column":3}},"1":{"start":{"line":3,"column":4},"end":{"line":3,"column":33}},"2":{"start":{"line":3,"column":26},"end":{"line":3,"column":33}},"3":{"start":{"line":4,"column":15},"end":{"line":4,"column":52}},"4":{"start":{"line":5,"column":4},"end":{"line":7,"column":5}},"5":{"start":{"line":6,"column":6},"end":{"line":6,"column":68}},"6":{"start":{"line":6,"column":51},"end":{"line":6,"column":63}},"7":{"start":{"line":8,"column":4},"end":{"line":8,"column":39}},"8":{"start":{"line":10,"column":4},"end":{"line":10,"column":33}},"9":{"start":{"line":10,"column":26},"end":{"line":10,"column":33}},"10":{"start":{"line":11,"column":4},"end":{"line":11,"column":17}},"11":{"start":{"line":13,"column":25},"end":{"line":17,"column":2}},"12":{"start":{"line":14,"column":4},"end":{"line":14,"column":72}},"13":{"start":{"line":16,"column":4},"end":{"line":16,"column":21}},"14":{"start":{"line":18,"column":19},"end":{"line":24,"column":1}},"15":{"start":{"line":19,"column":4},"end":{"line":19,"column":42}},"16":{"start":{"line":19,"column":31},"end":{"line":19,"column":42}},"17":{"start":{"line":20,"column":17},"end":{"line":20,"column":19}},"18":{"start":{"line":21,"column":4},"end":{"line":21,"column":141}},"19":{"start":{"line":21,"column":21},"end":{"line":21,"column":141}},"20":{"start":{"line":21,"column":40},"end":{"line":21,"column":141}},"21":{"start":{"line":21,"column":109},"end":{"line":21,"column":141}},"22":{"start":{"line":22,"column":4},"end":{"line":22,"column":36}},"23":{"start":{"line":23,"column":4},"end":{"line":23,"column":18}},"24":{"start":{"line":25,"column":0},"end":{"line":25,"column":62}},"25":{"start":{"line":26,"column":20},"end":{"line":26,"column":40}},"26":{"start":{"line":27,"column":15},"end":{"line":27,"column":56}},"27":{"start":{"line":28,"column":18},"end":{"line":28,"column":51}},"28":{"start":{"line":29,"column":0},"end":{"line":29,"column":28}}},"fnMap":{"0":{"name":"(anonymous_0)","decl":{"start":{"line":2,"column":74},"end":{"line":2,"column":75}},"loc":{"start":{"line":2,"column":96},"end":{"line":9,"column":1}},"line":2},"1":{"name":"(anonymous_1)","decl":{"start":{"line":6,"column":38},"end":{"line":6,"column":39}},"loc":{"start":{"line":6,"column":49},"end":{"line":6,"column":65}},"line":6},"2":{"name":"(anonymous_2)","decl":{"start":{"line":9,"column":6},"end":{"line":9,"column":7}},"loc":{"start":{"line":9,"column":28},"end":{"line":12,"column":1}},"line":9},"3":{"name":"(anonymous_3)","decl":{"start":{"line":13,"column":80},"end":{"line":13,"column":81}},"loc":{"start":{"line":13,"column":95},"end":{"line":15,"column":1}},"line":13},"4":{"name":"(anonymous_4)","decl":{"start":{"line":15,"column":5},"end":{"line":15,"column":6}},"loc":{"start":{"line":15,"column":20},"end":{"line":17,"column":1}},"line":15},"5":{"name":"(anonymous_5)","decl":{"start":{"line":18,"column":50},"end":{"line":18,"column":51}},"loc":{"start":{"line":18,"column":65},"end":{"line":24,"column":1}},"line":18}},"branchMap":{"0":{"loc":{"start":{"line":2,"column":22},"end":{"line":12,"column":3}},"type":"binary-expr","locations":[{"start":{"line":2,"column":23},"end":{"line":2,"column":27}},{"start":{"line":2,"column":31},"end":{"line":2,"column":51}},{"start":{"line":2,"column":57},"end":{"line":12,"column":2}}],"line":2},"1":{"loc":{"start":{"line":2,"column":57},"end":{"line":12,"column":2}},"type":"cond-expr","locations":[{"start":{"line":2,"column":74},"end":{"line":9,"column":1}},{"start":{"line":9,"column":6},"end":{"line":12,"column":1}}],"line":2},"2":{"loc":{"start":{"line":3,"column":4},"end":{"line":3,"column":33}},"type":"if","locations":[{"start":{"line":3,"column":4},"end":{"line":3,"column":33}},{"start":{"line":3,"column":4},"end":{"line":3,"column":33}}],"line":3},"3":{"loc":{"start":{"line":5,"column":4},"end":{"line":7,"column":5}},"type":"if","locations":[{"start":{"line":5,"column":4},"end":{"line":7,"column":5}},{"start":{"line":5,"column":4},"end":{"line":7,"column":5}}],"line":5},"4":{"loc":{"start":{"line":5,"column":8},"end":{"line":5,"column":85}},"type":"binary-expr","locations":[{"start":{"line":5,"column":8},"end":{"line":5,"column":13}},{"start":{"line":5,"column":18},"end":{"line":5,"column":84}}],"line":5},"5":{"loc":{"start":{"line":5,"column":18},"end":{"line":5,"column":84}},"type":"cond-expr","locations":[{"start":{"line":5,"column":34},"end":{"line":5,"column":47}},{"start":{"line":5,"column":50},"end":{"line":5,"column":84}}],"line":5},"6":{"loc":{"start":{"line":5,"column":50},"end":{"line":5,"column":84}},"type":"binary-expr","locations":[{"start":{"line":5,"column":50},"end":{"line":5,"column":63}},{"start":{"line":5,"column":67},"end":{"line":5,"column":84}}],"line":5},"7":{"loc":{"start":{"line":10,"column":4},"end":{"line":10,"column":33}},"type":"if","locations":[{"start":{"line":10,"column":4},"end":{"line":10,"column":33}},{"start":{"line":10,"column":4},"end":{"line":10,"column":33}}],"line":10},"8":{"loc":{"start":{"line":13,"column":25},"end":{"line":17,"column":2}},"type":"binary-expr","locations":[{"start":{"line":13,"column":26},"end":{"line":13,"column":30}},{"start":{"line":13,"column":34},"end":{"line":13,"column":57}},{"start":{"line":13,"column":63},"end":{"line":17,"column":1}}],"line":13},"9":{"loc":{"start":{"line":13,"column":63},"end":{"line":17,"column":1}},"type":"cond-expr","locations":[{"start":{"line":13,"column":80},"end":{"line":15,"column":1}},{"start":{"line":15,"column":5},"end":{"line":17,"column":1}}],"line":13},"10":{"loc":{"start":{"line":18,"column":19},"end":{"line":24,"column":1}},"type":"binary-expr","locations":[{"start":{"line":18,"column":20},"end":{"line":18,"column":24}},{"start":{"line":18,"column":28},"end":{"line":18,"column":45}},{"start":{"line":18,"column":50},"end":{"line":24,"column":1}}],"line":18},"11":{"loc":{"start":{"line":19,"column":4},"end":{"line":19,"column":42}},"type":"if","locations":[{"start":{"line":19,"column":4},"end":{"line":19,"column":42}},{"start":{"line":19,"column":4},"end":{"line":19,"column":42}}],"line":19},"12":{"loc":{"start":{"line":19,"column":8},"end":{"line":19,"column":29}},"type":"binary-expr","locations":[{"start":{"line":19,"column":8},"end":{"line":19,"column":11}},{"start":{"line":19,"column":15},"end":{"line":19,"column":29}}],"line":19},"13":{"loc":{"start":{"line":21,"column":4},"end":{"line":21,"column":141}},"type":"if","locations":[{"start":{"line":21,"column":4},"end":{"line":21,"column":141}},{"start":{"line":21,"column":4},"end":{"line":21,"column":141}}],"line":21},"14":{"loc":{"start":{"line":21,"column":40},"end":{"line":21,"column":141}},"type":"if","locations":[{"start":{"line":21,"column":40},"end":{"line":21,"column":141}},{"start":{"line":21,"column":40},"end":{"line":21,"column":141}}],"line":21},"15":{"loc":{"start":{"line":21,"column":44},"end":{"line":21,"column":107}},"type":"binary-expr","locations":[{"start":{"line":21,"column":44},"end":{"line":21,"column":59}},{"start":{"line":21,"column":63},"end":{"line":21,"column":107}}],"line":21}},"s":{"0":1,"1":8,"2":8,"3":8,"4":8,"5":8,"6":18,"7":8,"8":0,"9":0,"10":0,"11":1,"12":1,"13":0,"14":1,"15":1,"16":0,"17":1,"18":1,"19":1,"20":8,"21":8,"22":1,"23":1,"24":1,"25":1,"26":1,"27":1,"28":1},"f":{"0":8,"1":18,"2":0,"3":1,"4":0,"5":1},"b":{"0":[1,1,1],"1":[1,0],"2":[8,0],"3":[8,0],"4":[8,8],"5":[0,8],"6":[8,0],"7":[0,0],"8":[1,1,1],"9":[1,0],"10":[1,1,1],"11":[0,1],"12":[1,1],"13":[1,0],"14":[8,0],"15":[8,8]},"inputSourceMap":{"version":3,"file":"D:/Usuario/Desktop/projetos/pokeCard_api/models/index.ts","sources":["D:/Usuario/Desktop/projetos/pokeCard_api/models/index.ts"],"names":[],"mappings":";;;;;;;;;;;;;;;;;;;;;;;;;AAAA,yCAAsC;AACtC,yDAA2C;AAE3C,MAAM,SAAS,GAAG,IAAI,qBAAS,CAAC,MAAM,CAAC,CAAC;AAExC,kBAAe,SAAS,CAAC","sourcesContent":["import { Sequelize } from 'sequelize';\r\nimport * as config from '../config/config';\r\n\r\nconst sequelize = new Sequelize(config);\r\n\r\nexport default sequelize;"]},"_coverageSchema":"1a1c01bbd47fc00a2c39e90264f33305004495a9","hash":"04280fa9fdc4cb11b4362e019fa7843edb19f9be","contentHash":"71ce08458e4d999adb08833458904370b93119473a81dc7c08a96dc068554631"},"D:\\Usuario\\Desktop\\projetos\\pokeCard_api\\routes\\cardRouter.ts":{"path":"D:\\Usuario\\Desktop\\projetos\\pokeCard_api\\routes\\cardRouter.ts","statementMap":{"0":{"start":{"line":2,"column":22},"end":{"line":4,"column":1}},"1":{"start":{"line":3,"column":4},"end":{"line":3,"column":62}},"2":{"start":{"line":5,"column":0},"end":{"line":5,"column":62}},"3":{"start":{"line":6,"column":18},"end":{"line":6,"column":36}},"4":{"start":{"line":7,"column":25},"end":{"line":7,"column":81}},"5":{"start":{"line":8,"column":19},"end":{"line":8,"column":42}},"6":{"start":{"line":9,"column":23},"end":{"line":9,"column":53}},"7":{"start":{"line":10,"column":0},"end":{"line":10,"column":80}},"8":{"start":{"line":10,"column":41},"end":{"line":10,"column":78}},"9":{"start":{"line":11,"column":0},"end":{"line":11,"column":89}},"10":{"start":{"line":11,"column":52},"end":{"line":11,"column":87}},"11":{"start":{"line":12,"column":0},"end":{"line":12,"column":76}},"12":{"start":{"line":12,"column":42},"end":{"line":12,"column":74}},"13":{"start":{"line":13,"column":0},"end":{"line":13,"column":29}}},"fnMap":{"0":{"name":"(anonymous_0)","decl":{"start":{"line":2,"column":56},"end":{"line":2,"column":57}},"loc":{"start":{"line":2,"column":71},"end":{"line":4,"column":1}},"line":2},"1":{"name":"(anonymous_1)","decl":{"start":{"line":10,"column":27},"end":{"line":10,"column":28}},"loc":{"start":{"line":10,"column":41},"end":{"line":10,"column":78}},"line":10},"2":{"name":"(anonymous_2)","decl":{"start":{"line":11,"column":38},"end":{"line":11,"column":39}},"loc":{"start":{"line":11,"column":52},"end":{"line":11,"column":87}},"line":11},"3":{"name":"(anonymous_3)","decl":{"start":{"line":12,"column":28},"end":{"line":12,"column":29}},"loc":{"start":{"line":12,"column":42},"end":{"line":12,"column":74}},"line":12}},"branchMap":{"0":{"loc":{"start":{"line":2,"column":22},"end":{"line":4,"column":1}},"type":"binary-expr","locations":[{"start":{"line":2,"column":23},"end":{"line":2,"column":27}},{"start":{"line":2,"column":31},"end":{"line":2,"column":51}},{"start":{"line":2,"column":56},"end":{"line":4,"column":1}}],"line":2},"1":{"loc":{"start":{"line":3,"column":11},"end":{"line":3,"column":61}},"type":"cond-expr","locations":[{"start":{"line":3,"column":37},"end":{"line":3,"column":40}},{"start":{"line":3,"column":43},"end":{"line":3,"column":61}}],"line":3},"2":{"loc":{"start":{"line":3,"column":12},"end":{"line":3,"column":33}},"type":"binary-expr","locations":[{"start":{"line":3,"column":12},"end":{"line":3,"column":15}},{"start":{"line":3,"column":19},"end":{"line":3,"column":33}}],"line":3}},"s":{"0":1,"1":1,"2":1,"3":1,"4":1,"5":1,"6":1,"7":1,"8":1,"9":1,"10":1,"11":1,"12":1,"13":1},"f":{"0":1,"1":1,"2":1,"3":1},"b":{"0":[1,1,1],"1":[1,0],"2":[1,1]},"inputSourceMap":{"version":3,"file":"D:/Usuario/Desktop/projetos/pokeCard_api/routes/cardRouter.ts","sources":["D:/Usuario/Desktop/projetos/pokeCard_api/routes/cardRouter.ts"],"names":[],"mappings":";;;;;AAAA,qCAAoD;AACpD,kFAA0D;AAE1D,MAAM,UAAU,GAAG,IAAA,gBAAM,GAAE,CAAC;AAE5B,MAAM,cAAc,GAAG,IAAI,wBAAc,EAAE,CAAC;AAE5C,UAAU,CAAC,GAAG,CAAC,UAAU,EAAC,CAAC,GAAY,EAAE,GAAa,EAAE,EAAE,CAAC,cAAc,CAAC,YAAY,CAAC,GAAG,EAAE,GAAG,CAAC,CAAC,CAAA;AACjG,UAAU,CAAC,MAAM,CAAC,kBAAkB,EAAC,CAAC,GAAY,EAAE,GAAa,EAAE,EAAE,CAAC,cAAc,CAAC,UAAU,CAAC,GAAG,EAAE,GAAG,CAAC,CAAC,CAAA;AAC1G,UAAU,CAAC,IAAI,CAAC,UAAU,EAAC,CAAC,GAAY,EAAE,GAAa,EAAE,EAAE,CAAC,cAAc,CAAC,OAAO,CAAC,GAAG,EAAE,GAAG,CAAC,CAAC,CAAA;AAE7F,kBAAe,UAAU,CAAC","sourcesContent":["import { Request, Router, Response } from 'express';\r\nimport CardController from '../controller/cardController';\r\n\r\nconst cardRouter = Router();\r\n\r\nconst cardController = new CardController();\r\n\r\ncardRouter.get('/:userId',(req: Request, res: Response) => cardController.getUserCards(req, res))\r\ncardRouter.delete('/:userId/:cardId',(req: Request, res: Response) => cardController.removeCard(req, res))\r\ncardRouter.post('/:userId',(req: Request, res: Response) => cardController.addCard(req, res))\r\n\r\nexport default cardRouter;"]},"_coverageSchema":"1a1c01bbd47fc00a2c39e90264f33305004495a9","hash":"bf1eff26ee33254c315610c78102403261d3d8bc","contentHash":"bf8a0d02512ee867c56bb2485e04c07d2a92cedf04cd6348746e890e07bd6815"},"D:\\Usuario\\Desktop\\projetos\\pokeCard_api\\controller\\cardController.ts":{"path":"D:\\Usuario\\Desktop\\projetos\\pokeCard_api\\controller\\cardController.ts","statementMap":{"0":{"start":{"line":2,"column":16},"end":{"line":10,"column":1}},"1":{"start":{"line":3,"column":28},"end":{"line":3,"column":110}},"2":{"start":{"line":3,"column":91},"end":{"line":3,"column":106}},"3":{"start":{"line":4,"column":4},"end":{"line":9,"column":7}},"4":{"start":{"line":5,"column":36},"end":{"line":5,"column":97}},"5":{"start":{"line":5,"column":42},"end":{"line":5,"column":70}},"6":{"start":{"line":5,"column":85},"end":{"line":5,"column":95}},"7":{"start":{"line":6,"column":35},"end":{"line":6,"column":100}},"8":{"start":{"line":6,"column":41},"end":{"line":6,"column":73}},"9":{"start":{"line":6,"column":88},"end":{"line":6,"column":98}},"10":{"start":{"line":7,"column":32},"end":{"line":7,"column":116}},"11":{"start":{"line":8,"column":8},"end":{"line":8,"column":78}},"12":{"start":{"line":11,"column":22},"end":{"line":13,"column":1}},"13":{"start":{"line":12,"column":4},"end":{"line":12,"column":62}},"14":{"start":{"line":14,"column":0},"end":{"line":14,"column":62}},"15":{"start":{"line":15,"column":22},"end":{"line":15,"column":73}},"16":{"start":{"line":18,"column":8},"end":{"line":18,"column":39}},"17":{"start":{"line":21,"column":8},"end":{"line":28,"column":11}},"18":{"start":{"line":22,"column":31},"end":{"line":22,"column":41}},"19":{"start":{"line":23,"column":38},"end":{"line":23,"column":82}},"20":{"start":{"line":24,"column":12},"end":{"line":26,"column":13}},"21":{"start":{"line":25,"column":16},"end":{"line":25,"column":58}},"22":{"start":{"line":27,"column":12},"end":{"line":27,"column":49}},"23":{"start":{"line":31,"column":8},"end":{"line":38,"column":11}},"24":{"start":{"line":32,"column":39},"end":{"line":32,"column":49}},"25":{"start":{"line":33,"column":38},"end":{"line":33,"column":89}},"26":{"start":{"line":34,"column":12},"end":{"line":36,"column":13}},"27":{"start":{"line":35,"column":16},"end":{"line":35,"column":58}},"28":{"start":{"line":37,"column":12},"end":{"line":37,"column":49}},"29":{"start":{"line":41,"column":8},"end":{"line":49,"column":11}},"30":{"start":{"line":42,"column":31},"end":{"line":42,"column":41}},"31":{"start":{"line":43,"column":25},"end":{"line":43,"column":33}},"32":{"start":{"line":44,"column":38},"end":{"line":44,"column":83}},"33":{"start":{"line":45,"column":12},"end":{"line":47,"column":13}},"34":{"start":{"line":46,"column":16},"end":{"line":46,"column":58}},"35":{"start":{"line":48,"column":12},"end":{"line":48,"column":49}},"36":{"start":{"line":52,"column":0},"end":{"line":52,"column":33}}},"fnMap":{"0":{"name":"(anonymous_0)","decl":{"start":{"line":2,"column":44},"end":{"line":2,"column":45}},"loc":{"start":{"line":2,"column":89},"end":{"line":10,"column":1}},"line":2},"1":{"name":"adopt","decl":{"start":{"line":3,"column":13},"end":{"line":3,"column":18}},"loc":{"start":{"line":3,"column":26},"end":{"line":3,"column":112}},"line":3},"2":{"name":"(anonymous_2)","decl":{"start":{"line":3,"column":70},"end":{"line":3,"column":71}},"loc":{"start":{"line":3,"column":89},"end":{"line":3,"column":108}},"line":3},"3":{"name":"(anonymous_3)","decl":{"start":{"line":4,"column":36},"end":{"line":4,"column":37}},"loc":{"start":{"line":4,"column":63},"end":{"line":9,"column":5}},"line":4},"4":{"name":"fulfilled","decl":{"start":{"line":5,"column":17},"end":{"line":5,"column":26}},"loc":{"start":{"line":5,"column":34},"end":{"line":5,"column":99}},"line":5},"5":{"name":"rejected","decl":{"start":{"line":6,"column":17},"end":{"line":6,"column":25}},"loc":{"start":{"line":6,"column":33},"end":{"line":6,"column":102}},"line":6},"6":{"name":"step","decl":{"start":{"line":7,"column":17},"end":{"line":7,"column":21}},"loc":{"start":{"line":7,"column":30},"end":{"line":7,"column":118}},"line":7},"7":{"name":"(anonymous_7)","decl":{"start":{"line":11,"column":56},"end":{"line":11,"column":57}},"loc":{"start":{"line":11,"column":71},"end":{"line":13,"column":1}},"line":11},"8":{"name":"(anonymous_8)","decl":{"start":{"line":17,"column":4},"end":{"line":17,"column":5}},"loc":{"start":{"line":17,"column":59},"end":{"line":19,"column":5}},"line":17},"9":{"name":"(anonymous_9)","decl":{"start":{"line":20,"column":4},"end":{"line":20,"column":5}},"loc":{"start":{"line":20,"column":27},"end":{"line":29,"column":5}},"line":20},"10":{"name":"(anonymous_10)","decl":{"start":{"line":21,"column":47},"end":{"line":21,"column":48}},"loc":{"start":{"line":21,"column":60},"end":{"line":28,"column":9}},"line":21},"11":{"name":"(anonymous_11)","decl":{"start":{"line":30,"column":4},"end":{"line":30,"column":5}},"loc":{"start":{"line":30,"column":25},"end":{"line":39,"column":5}},"line":30},"12":{"name":"(anonymous_12)","decl":{"start":{"line":31,"column":47},"end":{"line":31,"column":48}},"loc":{"start":{"line":31,"column":60},"end":{"line":38,"column":9}},"line":31},"13":{"name":"(anonymous_13)","decl":{"start":{"line":40,"column":4},"end":{"line":40,"column":5}},"loc":{"start":{"line":40,"column":22},"end":{"line":50,"column":5}},"line":40},"14":{"name":"(anonymous_14)","decl":{"start":{"line":41,"column":47},"end":{"line":41,"column":48}},"loc":{"start":{"line":41,"column":60},"end":{"line":49,"column":9}},"line":41}},"branchMap":{"0":{"loc":{"start":{"line":2,"column":16},"end":{"line":10,"column":1}},"type":"binary-expr","locations":[{"start":{"line":2,"column":17},"end":{"line":2,"column":21}},{"start":{"line":2,"column":25},"end":{"line":2,"column":39}},{"start":{"line":2,"column":44},"end":{"line":10,"column":1}}],"line":2},"1":{"loc":{"start":{"line":3,"column":35},"end":{"line":3,"column":109}},"type":"cond-expr","locations":[{"start":{"line":3,"column":56},"end":{"line":3,"column":61}},{"start":{"line":3,"column":64},"end":{"line":3,"column":109}}],"line":3},"2":{"loc":{"start":{"line":4,"column":16},"end":{"line":4,"column":34}},"type":"binary-expr","locations":[{"start":{"line":4,"column":16},"end":{"line":4,"column":17}},{"start":{"line":4,"column":22},"end":{"line":4,"column":33}}],"line":4},"3":{"loc":{"start":{"line":7,"column":32},"end":{"line":7,"column":115}},"type":"cond-expr","locations":[{"start":{"line":7,"column":46},"end":{"line":7,"column":67}},{"start":{"line":7,"column":70},"end":{"line":7,"column":115}}],"line":7},"4":{"loc":{"start":{"line":8,"column":51},"end":{"line":8,"column":67}},"type":"binary-expr","locations":[{"start":{"line":8,"column":51},"end":{"line":8,"column":61}},{"start":{"line":8,"column":65},"end":{"line":8,"column":67}}],"line":8},"5":{"loc":{"start":{"line":11,"column":22},"end":{"line":13,"column":1}},"type":"binary-expr","locations":[{"start":{"line":11,"column":23},"end":{"line":11,"column":27}},{"start":{"line":11,"column":31},"end":{"line":11,"column":51}},{"start":{"line":11,"column":56},"end":{"line":13,"column":1}}],"line":11},"6":{"loc":{"start":{"line":12,"column":11},"end":{"line":12,"column":61}},"type":"cond-expr","locations":[{"start":{"line":12,"column":37},"end":{"line":12,"column":40}},{"start":{"line":12,"column":43},"end":{"line":12,"column":61}}],"line":12},"7":{"loc":{"start":{"line":12,"column":12},"end":{"line":12,"column":33}},"type":"binary-expr","locations":[{"start":{"line":12,"column":12},"end":{"line":12,"column":15}},{"start":{"line":12,"column":19},"end":{"line":12,"column":33}}],"line":12},"8":{"loc":{"start":{"line":17,"column":16},"end":{"line":17,"column":57}},"type":"default-arg","locations":[{"start":{"line":17,"column":30},"end":{"line":17,"column":57}}],"line":17},"9":{"loc":{"start":{"line":24,"column":12},"end":{"line":26,"column":13}},"type":"if","locations":[{"start":{"line":24,"column":12},"end":{"line":26,"column":13}},{"start":{"line":24,"column":12},"end":{"line":26,"column":13}}],"line":24},"10":{"loc":{"start":{"line":34,"column":12},"end":{"line":36,"column":13}},"type":"if","locations":[{"start":{"line":34,"column":12},"end":{"line":36,"column":13}},{"start":{"line":34,"column":12},"end":{"line":36,"column":13}}],"line":34},"11":{"loc":{"start":{"line":45,"column":12},"end":{"line":47,"column":13}},"type":"if","locations":[{"start":{"line":45,"column":12},"end":{"line":47,"column":13}},{"start":{"line":45,"column":12},"end":{"line":47,"column":13}}],"line":45}},"s":{"0":1,"1":3,"2":0,"3":3,"4":3,"5":3,"6":0,"7":0,"8":0,"9":0,"10":6,"11":3,"12":1,"13":1,"14":1,"15":1,"16":1,"17":1,"18":1,"19":1,"20":1,"21":0,"22":1,"23":1,"24":1,"25":1,"26":1,"27":0,"28":1,"29":1,"30":1,"31":1,"32":1,"33":1,"34":0,"35":1,"36":1},"f":{"0":3,"1":3,"2":0,"3":3,"4":3,"5":0,"6":6,"7":1,"8":1,"9":1,"10":1,"11":1,"12":1,"13":1,"14":1},"b":{"0":[1,1,1],"1":[3,0],"2":[3,3],"3":[3,3],"4":[3,3],"5":[1,1,1],"6":[1,0],"7":[1,1],"8":[1],"9":[0,1],"10":[0,1],"11":[0,1]},"inputSourceMap":{"version":3,"file":"D:/Usuario/Desktop/projetos/pokeCard_api/controller/cardController.ts","sources":["D:/Usuario/Desktop/projetos/pokeCard_api/controller/cardController.ts"],"names":[],"mappings":";;;;;;;;;;;;;;AACA,0EAAkD;AAElD,MAAqB,cAAc;IACjC,YAAoB,cAAkB,IAAI,qBAAW,EAAE;QAAnC,gBAAW,GAAX,WAAW,CAAwB;IAAI,CAAC;IAC/C,YAAY,CAAC,GAAW,EAAC,GAAY;;YAChD,MAAM,EAAC,MAAM,EAAC,GAAE,GAAG,CAAC,MAAM,CAAA;YAC1B,MAAM,EAAC,IAAI,EAAC,OAAO,EAAC,GAAG,MAAM,IAAI,CAAC,WAAW,CAAC,YAAY,CAAC,CAAC,MAAM,CAAC,CAAA;YACnE,IAAG,IAAI,EAAC;gBACN,OAAO,GAAG,CAAC,MAAM,CAAC,IAAI,CAAC,CAAC,IAAI,CAAC,EAAC,OAAO,EAAC,CAAC,CAAA;aACxC;YACD,OAAO,GAAG,CAAC,MAAM,CAAC,GAAG,CAAC,CAAC,IAAI,CAAC,OAAO,CAAC,CAAA;QACtC,CAAC;KAAA;IACY,UAAU,CAAC,GAAW,EAAC,GAAY;;YAC9C,MAAK,EAAC,MAAM,EAAC,MAAM,EAAC,GAAC,GAAG,CAAC,MAAM,CAAA;YAC/B,MAAM,EAAC,IAAI,EAAC,OAAO,EAAC,GAAG,MAAM,IAAI,CAAC,WAAW,CAAC,UAAU,CAAC,CAAC,MAAM,EAAC,CAAC,MAAM,CAAC,CAAA;YACzE,IAAG,IAAI,EAAC;gBACN,OAAO,GAAG,CAAC,MAAM,CAAC,IAAI,CAAC,CAAC,IAAI,CAAC,EAAC,OAAO,EAAC,CAAC,CAAA;aACxC;YACD,OAAO,GAAG,CAAC,MAAM,CAAC,GAAG,CAAC,CAAC,IAAI,CAAC,OAAO,CAAC,CAAA;QACtC,CAAC;KAAA;IACY,OAAO,CAAC,GAAW,EAAC,GAAY;;YAC3C,MAAK,EAAC,MAAM,EAAC,GAAG,GAAG,CAAC,MAAM,CAAA;YAC1B,MAAM,IAAI,GAAG,GAAG,CAAC,IAAI,CAAA;YACrB,MAAM,EAAC,IAAI,EAAC,OAAO,EAAC,GAAG,MAAM,IAAI,CAAC,WAAW,CAAC,OAAO,CAAC,CAAC,MAAM,EAAC,IAAI,CAAC,CAAA;YACnE,IAAG,IAAI,EAAC;gBACN,OAAO,GAAG,CAAC,MAAM,CAAC,IAAI,CAAC,CAAC,IAAI,CAAC,EAAC,OAAO,EAAC,CAAC,CAAA;aACxC;YACD,OAAO,GAAG,CAAC,MAAM,CAAC,GAAG,CAAC,CAAC,IAAI,CAAC,OAAO,CAAC,CAAA;QACtC,CAAC;KAAA;CACF;AA3BD,iCA2BC","sourcesContent":["import { Request, Response } from 'express';\r\nimport CardService from '../services/cardService';\r\n\r\nexport default class CardController {\r\n  constructor(private cardService:any = new CardService()) { }\r\n  public async getUserCards(req:Request,res:Response){\r\n    const {userId} =req.params\r\n    const {type,message} = await this.cardService.getUserCards(+userId)\r\n    if(type){\r\n      return res.status(type).json({message})\r\n    }\r\n    return res.status(200).json(message)\r\n  }\r\n  public async removeCard(req:Request,res:Response){\r\n    const{userId,cardId}=req.params\r\n    const {type,message} = await this.cardService.removeCard(+userId,+cardId)\r\n    if(type){\r\n      return res.status(type).json({message})\r\n    }\r\n    return res.status(200).json(message)\r\n  }\r\n  public async addCard(req:Request,res:Response){\r\n    const{userId} = req.params\r\n    const card = req.body\r\n    const {type,message} = await this.cardService.addCard(+userId,card)\r\n    if(type){\r\n      return res.status(type).json({message})\r\n    }\r\n    return res.status(201).json(message)\r\n  }\r\n}"]},"_coverageSchema":"1a1c01bbd47fc00a2c39e90264f33305004495a9","hash":"9ed62fac2fd7f7795128a60bab50d6e41cb6ab2f","contentHash":"117d5f7ade018fb394d3d4dcd013f7702e8b615fb5b88c114ea05b8365da1fe1"},"D:\\Usuario\\Desktop\\projetos\\pokeCard_api\\services\\cardService.ts":{"path":"D:\\Usuario\\Desktop\\projetos\\pokeCard_api\\services\\cardService.ts","statementMap":{"0":{"start":{"line":2,"column":16},"end":{"line":10,"column":1}},"1":{"start":{"line":3,"column":28},"end":{"line":3,"column":110}},"2":{"start":{"line":3,"column":91},"end":{"line":3,"column":106}},"3":{"start":{"line":4,"column":4},"end":{"line":9,"column":7}},"4":{"start":{"line":5,"column":36},"end":{"line":5,"column":97}},"5":{"start":{"line":5,"column":42},"end":{"line":5,"column":70}},"6":{"start":{"line":5,"column":85},"end":{"line":5,"column":95}},"7":{"start":{"line":6,"column":35},"end":{"line":6,"column":100}},"8":{"start":{"line":6,"column":41},"end":{"line":6,"column":73}},"9":{"start":{"line":6,"column":88},"end":{"line":6,"column":98}},"10":{"start":{"line":7,"column":32},"end":{"line":7,"column":116}},"11":{"start":{"line":8,"column":8},"end":{"line":8,"column":78}},"12":{"start":{"line":11,"column":22},"end":{"line":13,"column":1}},"13":{"start":{"line":12,"column":4},"end":{"line":12,"column":62}},"14":{"start":{"line":14,"column":0},"end":{"line":14,"column":62}},"15":{"start":{"line":15,"column":20},"end":{"line":15,"column":67}},"16":{"start":{"line":16,"column":26},"end":{"line":16,"column":79}},"17":{"start":{"line":17,"column":20},"end":{"line":17,"column":67}},"18":{"start":{"line":20,"column":8},"end":{"line":20,"column":45}},"19":{"start":{"line":21,"column":8},"end":{"line":21,"column":57}},"20":{"start":{"line":22,"column":8},"end":{"line":22,"column":45}},"21":{"start":{"line":25,"column":8},"end":{"line":31,"column":11}},"22":{"start":{"line":26,"column":30},"end":{"line":26,"column":129}},"23":{"start":{"line":27,"column":12},"end":{"line":29,"column":13}},"24":{"start":{"line":28,"column":16},"end":{"line":28,"column":65}},"25":{"start":{"line":30,"column":12},"end":{"line":30,"column":54}},"26":{"start":{"line":34,"column":8},"end":{"line":44,"column":11}},"27":{"start":{"line":35,"column":25},"end":{"line":35,"column":88}},"28":{"start":{"line":36,"column":12},"end":{"line":38,"column":13}},"29":{"start":{"line":37,"column":16},"end":{"line":37,"column":88}},"30":{"start":{"line":39,"column":12},"end":{"line":39,"column":76}},"31":{"start":{"line":40,"column":26},"end":{"line":40,"column":83}},"32":{"start":{"line":41,"column":12},"end":{"line":41,"column":165}},"33":{"start":{"line":41,"column":47},"end":{"line":41,"column":162}},"34":{"start":{"line":41,"column":94},"end":{"line":41,"column":159}},"35":{"start":{"line":42,"column":12},"end":{"line":42,"column":70}},"36":{"start":{"line":43,"column":12},"end":{"line":43,"column":51}},"37":{"start":{"line":47,"column":8},"end":{"line":55,"column":11}},"38":{"start":{"line":48,"column":12},"end":{"line":50,"column":13}},"39":{"start":{"line":49,"column":16},"end":{"line":49,"column":82}},"40":{"start":{"line":51,"column":32},"end":{"line":51,"column":82}},"41":{"start":{"line":52,"column":28},"end":{"line":52,"column":61}},"42":{"start":{"line":53,"column":12},"end":{"line":53,"column":33}},"43":{"start":{"line":54,"column":12},"end":{"line":54,"column":52}},"44":{"start":{"line":58,"column":0},"end":{"line":58,"column":30}}},"fnMap":{"0":{"name":"(anonymous_0)","decl":{"start":{"line":2,"column":44},"end":{"line":2,"column":45}},"loc":{"start":{"line":2,"column":89},"end":{"line":10,"column":1}},"line":2},"1":{"name":"adopt","decl":{"start":{"line":3,"column":13},"end":{"line":3,"column":18}},"loc":{"start":{"line":3,"column":26},"end":{"line":3,"column":112}},"line":3},"2":{"name":"(anonymous_2)","decl":{"start":{"line":3,"column":70},"end":{"line":3,"column":71}},"loc":{"start":{"line":3,"column":89},"end":{"line":3,"column":108}},"line":3},"3":{"name":"(anonymous_3)","decl":{"start":{"line":4,"column":36},"end":{"line":4,"column":37}},"loc":{"start":{"line":4,"column":63},"end":{"line":9,"column":5}},"line":4},"4":{"name":"fulfilled","decl":{"start":{"line":5,"column":17},"end":{"line":5,"column":26}},"loc":{"start":{"line":5,"column":34},"end":{"line":5,"column":99}},"line":5},"5":{"name":"rejected","decl":{"start":{"line":6,"column":17},"end":{"line":6,"column":25}},"loc":{"start":{"line":6,"column":33},"end":{"line":6,"column":102}},"line":6},"6":{"name":"step","decl":{"start":{"line":7,"column":17},"end":{"line":7,"column":21}},"loc":{"start":{"line":7,"column":30},"end":{"line":7,"column":118}},"line":7},"7":{"name":"(anonymous_7)","decl":{"start":{"line":11,"column":56},"end":{"line":11,"column":57}},"loc":{"start":{"line":11,"column":71},"end":{"line":13,"column":1}},"line":11},"8":{"name":"(anonymous_8)","decl":{"start":{"line":19,"column":4},"end":{"line":19,"column":5}},"loc":{"start":{"line":19,"column":18},"end":{"line":23,"column":5}},"line":19},"9":{"name":"(anonymous_9)","decl":{"start":{"line":24,"column":4},"end":{"line":24,"column":5}},"loc":{"start":{"line":24,"column":25},"end":{"line":32,"column":5}},"line":24},"10":{"name":"(anonymous_10)","decl":{"start":{"line":25,"column":47},"end":{"line":25,"column":48}},"loc":{"start":{"line":25,"column":60},"end":{"line":31,"column":9}},"line":25},"11":{"name":"(anonymous_11)","decl":{"start":{"line":33,"column":4},"end":{"line":33,"column":5}},"loc":{"start":{"line":33,"column":31},"end":{"line":45,"column":5}},"line":33},"12":{"name":"(anonymous_12)","decl":{"start":{"line":34,"column":47},"end":{"line":34,"column":48}},"loc":{"start":{"line":34,"column":60},"end":{"line":44,"column":9}},"line":34},"13":{"name":"(anonymous_13)","decl":{"start":{"line":41,"column":40},"end":{"line":41,"column":41}},"loc":{"start":{"line":41,"column":47},"end":{"line":41,"column":162}},"line":41},"14":{"name":"(anonymous_14)","decl":{"start":{"line":41,"column":79},"end":{"line":41,"column":80}},"loc":{"start":{"line":41,"column":92},"end":{"line":41,"column":161}},"line":41},"15":{"name":"(anonymous_15)","decl":{"start":{"line":46,"column":4},"end":{"line":46,"column":5}},"loc":{"start":{"line":46,"column":26},"end":{"line":56,"column":5}},"line":46},"16":{"name":"(anonymous_16)","decl":{"start":{"line":47,"column":47},"end":{"line":47,"column":48}},"loc":{"start":{"line":47,"column":60},"end":{"line":55,"column":9}},"line":47}},"branchMap":{"0":{"loc":{"start":{"line":2,"column":16},"end":{"line":10,"column":1}},"type":"binary-expr","locations":[{"start":{"line":2,"column":17},"end":{"line":2,"column":21}},{"start":{"line":2,"column":25},"end":{"line":2,"column":39}},{"start":{"line":2,"column":44},"end":{"line":10,"column":1}}],"line":2},"1":{"loc":{"start":{"line":3,"column":35},"end":{"line":3,"column":109}},"type":"cond-expr","locations":[{"start":{"line":3,"column":56},"end":{"line":3,"column":61}},{"start":{"line":3,"column":64},"end":{"line":3,"column":109}}],"line":3},"2":{"loc":{"start":{"line":4,"column":16},"end":{"line":4,"column":34}},"type":"binary-expr","locations":[{"start":{"line":4,"column":16},"end":{"line":4,"column":17}},{"start":{"line":4,"column":22},"end":{"line":4,"column":33}}],"line":4},"3":{"loc":{"start":{"line":7,"column":32},"end":{"line":7,"column":115}},"type":"cond-expr","locations":[{"start":{"line":7,"column":46},"end":{"line":7,"column":67}},{"start":{"line":7,"column":70},"end":{"line":7,"column":115}}],"line":7},"4":{"loc":{"start":{"line":8,"column":51},"end":{"line":8,"column":67}},"type":"binary-expr","locations":[{"start":{"line":8,"column":51},"end":{"line":8,"column":61}},{"start":{"line":8,"column":65},"end":{"line":8,"column":67}}],"line":8},"5":{"loc":{"start":{"line":11,"column":22},"end":{"line":13,"column":1}},"type":"binary-expr","locations":[{"start":{"line":11,"column":23},"end":{"line":11,"column":27}},{"start":{"line":11,"column":31},"end":{"line":11,"column":51}},{"start":{"line":11,"column":56},"end":{"line":13,"column":1}}],"line":11},"6":{"loc":{"start":{"line":12,"column":11},"end":{"line":12,"column":61}},"type":"cond-expr","locations":[{"start":{"line":12,"column":37},"end":{"line":12,"column":40}},{"start":{"line":12,"column":43},"end":{"line":12,"column":61}}],"line":12},"7":{"loc":{"start":{"line":12,"column":12},"end":{"line":12,"column":33}},"type":"binary-expr","locations":[{"start":{"line":12,"column":12},"end":{"line":12,"column":15}},{"start":{"line":12,"column":19},"end":{"line":12,"column":33}}],"line":12},"8":{"loc":{"start":{"line":27,"column":12},"end":{"line":29,"column":13}},"type":"if","locations":[{"start":{"line":27,"column":12},"end":{"line":29,"column":13}},{"start":{"line":27,"column":12},"end":{"line":29,"column":13}}],"line":27},"9":{"loc":{"start":{"line":27,"column":16},"end":{"line":27,"column":47}},"type":"binary-expr","locations":[{"start":{"line":27,"column":16},"end":{"line":27,"column":23}},{"start":{"line":27,"column":27},"end":{"line":27,"column":47}}],"line":27},"10":{"loc":{"start":{"line":36,"column":12},"end":{"line":38,"column":13}},"type":"if","locations":[{"start":{"line":36,"column":12},"end":{"line":38,"column":13}},{"start":{"line":36,"column":12},"end":{"line":38,"column":13}}],"line":36},"11":{"loc":{"start":{"line":48,"column":12},"end":{"line":50,"column":13}},"type":"if","locations":[{"start":{"line":48,"column":12},"end":{"line":50,"column":13}},{"start":{"line":48,"column":12},"end":{"line":50,"column":13}}],"line":48},"12":{"loc":{"start":{"line":48,"column":16},"end":{"line":48,"column":114}},"type":"binary-expr","locations":[{"start":{"line":48,"column":16},"end":{"line":48,"column":26}},{"start":{"line":48,"column":30},"end":{"line":48,"column":42}},{"start":{"line":48,"column":46},"end":{"line":48,"column":54}},{"start":{"line":48,"column":58},"end":{"line":48,"column":77}},{"start":{"line":48,"column":81},"end":{"line":48,"column":99}},{"start":{"line":48,"column":103},"end":{"line":48,"column":114}}],"line":48}},"s":{"0":1,"1":9,"2":0,"3":4,"4":9,"5":9,"6":0,"7":0,"8":0,"9":0,"10":13,"11":4,"12":1,"13":3,"14":1,"15":1,"16":1,"17":1,"18":1,"19":1,"20":1,"21":2,"22":2,"23":2,"24":0,"25":2,"26":1,"27":1,"28":1,"29":0,"30":1,"31":1,"32":1,"33":0,"34":0,"35":1,"36":1,"37":1,"38":1,"39":0,"40":1,"41":1,"42":1,"43":1,"44":1},"f":{"0":4,"1":9,"2":0,"3":4,"4":9,"5":0,"6":13,"7":3,"8":1,"9":2,"10":2,"11":1,"12":1,"13":0,"14":0,"15":1,"16":1},"b":{"0":[1,1,1],"1":[9,0],"2":[4,4],"3":[4,9],"4":[4,4],"5":[1,1,1],"6":[3,0],"7":[3,3],"8":[0,2],"9":[2,2],"10":[0,1],"11":[0,1],"12":[1,1,1,1,1,1]},"inputSourceMap":{"version":3,"file":"D:/Usuario/Desktop/projetos/pokeCard_api/services/cardService.ts","sources":["D:/Usuario/Desktop/projetos/pokeCard_api/services/cardService.ts"],"names":[],"mappings":";;;;;;;;;;;;;;AAAA,oEAA2C;AAC3C,gFAAuD;AACvD,oEAA2C;AAG3C,MAAqB,WAAW;IAAhC;QACU,cAAS,GAAG,mBAAS,CAAA;QACrB,oBAAe,GAAG,yBAAe,CAAA;QACjC,cAAS,GAAG,mBAAS,CAAA;IAmC/B,CAAC;IAjCc,YAAY,CAAC,MAAa;;YACrC,MAAM,SAAS,GAAG,MAAM,IAAI,CAAC,SAAS,CAAC,OAAO,CAAC,EAAC,KAAK,EAAC,EAAC,MAAM,EAAC,EAAC,UAAU,EAAE,EAAE,OAAO,EAAE,CAAC,SAAS,EAAC,QAAQ,CAAC,EAAE,EAAC,CAAC,CAAA;YAC9G,IAAG,CAAC,MAAM,IAAI,SAAS,CAAC,MAAM,GAAE,CAAC,EAAC;gBAChC,OAAO,EAAC,IAAI,EAAC,GAAG,EAAC,OAAO,EAAC,iBAAiB,EAAC,CAAA;aAC5C;YACD,OAAM,EAAC,IAAI,EAAC,IAAI,EAAC,OAAO,EAAC,SAAS,EAAC,CAAA;QACrC,CAAC;KAAA;IAEY,UAAU,CAAC,MAAa,EAAC,MAAa;;YAC/C,MAAM,IAAI,GAAG,MAAM,IAAI,CAAC,SAAS,CAAC,OAAO,CAAC,EAAC,KAAK,EAAC,EAAC,MAAM,EAAC,EAAE,EAAC,MAAM,EAAC,EAAC,CAAC,CAAA;YACrE,IAAG,CAAC,IAAI,EAAC;gBACP,OAAM,EAAC,IAAI,EAAC,GAAG,EAAC,OAAO,EAAC,wCAAwC,EAAC,CAAA;aAClE;YACD,MAAM,IAAI,CAAC,SAAS,CAAC,OAAO,CAAC,EAAC,KAAK,EAAC,EAAC,MAAM,EAAC,EAAE,EAAC,MAAM,EAAC,EAAC,CAAC,CAAC;YACzD,MAAM,KAAK,GAAG,MAAM,IAAI,CAAC,eAAe,CAAC,OAAO,CAAC,EAAC,KAAK,EAAC,EAAC,MAAM,EAAC,EAAC,CAAC,CAAC;YACnE,MAAM,OAAO,CAAC,GAAG,CAAC,KAAK,CAAC,GAAG,CAAC,CAAM,CAAC,EAAC,EAAE,gDAAC,OAAA,MAAM,IAAI,CAAC,SAAS,CAAC,OAAO,CAAC,EAAC,KAAK,EAAC,EAAC,EAAE,EAAC,CAAC,CAAC,MAAM,EAAC,EAAC,CAAC,CAAA,GAAA,CAAC,CAAC,CAAA;YAC5F,MAAM,IAAI,CAAC,eAAe,CAAC,OAAO,CAAC,EAAC,KAAK,EAAC,EAAC,MAAM,EAAC,EAAC,CAAC,CAAC;YAErD,OAAO,MAAM,IAAI,CAAC,YAAY,CAAC,MAAM,CAAC,CAAA;QAC1C,CAAC;KAAA;IAEY,OAAO,CAAC,MAAa,EAAC,IAAU;;YAC3C,IAAG,CAAC,IAAI,CAAC,IAAI,IAAI,CAAC,IAAI,CAAC,MAAM,IAAI,CAAC,IAAI,CAAC,EAAE,IAAI,CAAC,IAAI,CAAC,aAAa,IAAI,CAAC,IAAI,CAAC,YAAY,IAAI,CAAC,IAAI,CAAC,KAAK,EAAC;gBACpG,OAAO,EAAC,IAAI,EAAC,GAAG,EAAC,OAAO,EAAC,kCAAkC,EAAC,CAAA;aAC7D;YACD,MAAM,WAAW,mCACZ,IAAI,KACP,MAAM,GACP,CAAA;YACD,MAAM,OAAO,GAAG,IAAI,CAAC,SAAS,CAAC,KAAK,CAAC,WAAW,CAAC,CAAA;YACjD,MAAM,OAAO,CAAC,IAAI,EAAE,CAAA;YACpB,OAAO,EAAC,IAAI,EAAC,IAAI,EAAC,OAAO,EAAC,OAAO,EAAC,CAAA;QACpC,CAAC;KAAA;CACF;AAtCD,8BAsCC","sourcesContent":["import CardModel from '../models/CardModel'\r\nimport CardInDeckModel from '../models/CardInDeckModel'\r\nimport DeckModel from '../models/DeckModel'\r\nimport {SERVER_RETURN,TCard} from '../types/index'\r\n\r\nexport default class CardService {\r\n  private cardModel = CardModel\r\n  private cardInDeckModel = CardInDeckModel\r\n  private deckModel = DeckModel\r\n\r\n  public async getUserCards(userId:number):Promise<SERVER_RETURN>{\r\n    const userCards = await this.cardModel.findAll({where:{userId},attributes: { exclude: ['user_id','userId'] }})\r\n    if(!userId || userCards.length <1){\r\n      return {type:404,message:'dont have cards'}\r\n    }\r\n    return{type:null,message:userCards}\r\n  }\r\n\r\n  public async removeCard(userId:number,cardId:number):Promise<SERVER_RETURN>{\r\n      const card = await this.cardModel.findOne({where:{userId,id:cardId}})\r\n      if(!card){\r\n        return{type:403,message:'it is not possible to remove this card'}\r\n      }\r\n      await this.cardModel.destroy({where:{userId,id:cardId}});\r\n      const decks = await this.cardInDeckModel.findAll({where:{cardId}});\r\n      await Promise.all(decks.map(async(e)=> await this.deckModel.destroy({where:{id:e.deckId}})))\r\n      await this.cardInDeckModel.destroy({where:{cardId}});\r\n      \r\n      return await this.getUserCards(userId)\r\n  }\r\n  \r\n  public async addCard(userId:number,card:TCard):Promise<SERVER_RETURN>{\r\n    if(!card.name || !card.attack || !card.hp || !card.spriteOnBoard || !card.spriteOnCard || !card.types){\r\n      return {type:400,message:'missing values or invalid values'}\r\n    }\r\n    const newCardData = {\r\n      ...card,\r\n      userId,\r\n    }\r\n    const newCard = this.cardModel.build(newCardData)\r\n    await newCard.save()\r\n    return {type:null,message:newCard}\r\n  }\r\n}"]},"_coverageSchema":"1a1c01bbd47fc00a2c39e90264f33305004495a9","hash":"1cf245343dca6ff82aadf83050d5dc2319621ba7","contentHash":"86138f99b95972c125902b397073644274ec34890d94577d3d23b727f645d51f"},"D:\\Usuario\\Desktop\\projetos\\pokeCard_api\\models\\CardModel.ts":{"path":"D:\\Usuario\\Desktop\\projetos\\pokeCard_api\\models\\CardModel.ts","statementMap":{"0":{"start":{"line":2,"column":22},"end":{"line":4,"column":1}},"1":{"start":{"line":3,"column":4},"end":{"line":3,"column":62}},"2":{"start":{"line":5,"column":0},"end":{"line":5,"column":62}},"3":{"start":{"line":6,"column":20},"end":{"line":6,"column":40}},"4":{"start":{"line":7,"column":16},"end":{"line":7,"column":51}},"5":{"start":{"line":8,"column":20},"end":{"line":8,"column":59}},"6":{"start":{"line":11,"column":0},"end":{"line":46,"column":3}},"7":{"start":{"line":47,"column":0},"end":{"line":47,"column":68}},"8":{"start":{"line":48,"column":0},"end":{"line":48,"column":28}}},"fnMap":{"0":{"name":"(anonymous_0)","decl":{"start":{"line":2,"column":56},"end":{"line":2,"column":57}},"loc":{"start":{"line":2,"column":71},"end":{"line":4,"column":1}},"line":2}},"branchMap":{"0":{"loc":{"start":{"line":2,"column":22},"end":{"line":4,"column":1}},"type":"binary-expr","locations":[{"start":{"line":2,"column":23},"end":{"line":2,"column":27}},{"start":{"line":2,"column":31},"end":{"line":2,"column":51}},{"start":{"line":2,"column":56},"end":{"line":4,"column":1}}],"line":2},"1":{"loc":{"start":{"line":3,"column":11},"end":{"line":3,"column":61}},"type":"cond-expr","locations":[{"start":{"line":3,"column":37},"end":{"line":3,"column":40}},{"start":{"line":3,"column":43},"end":{"line":3,"column":61}}],"line":3},"2":{"loc":{"start":{"line":3,"column":12},"end":{"line":3,"column":33}},"type":"binary-expr","locations":[{"start":{"line":3,"column":12},"end":{"line":3,"column":15}},{"start":{"line":3,"column":19},"end":{"line":3,"column":33}}],"line":3}},"s":{"0":1,"1":2,"2":1,"3":1,"4":1,"5":1,"6":1,"7":1,"8":1},"f":{"0":2},"b":{"0":[1,1,1],"1":[2,0],"2":[2,2]},"inputSourceMap":{"version":3,"file":"D:/Usuario/Desktop/projetos/pokeCard_api/models/CardModel.ts","sources":["D:/Usuario/Desktop/projetos/pokeCard_api/models/CardModel.ts"],"names":[],"mappings":";;;;;AAAA,yCAMmB;AACnB,oDAAyB;AACzB,4DAAoC;AAEpC,MAAM,SAAU,SAAQ,iBACW;CASlC;AACD,SAAS,CAAC,IAAI,CAAC;IACb,EAAE,EAAE;QACF,IAAI,EAAE,qBAAS,CAAC,OAAO;QACvB,SAAS,EAAE,KAAK;QAChB,UAAU,EAAE,IAAI;QAChB,aAAa,EAAE,IAAI;KACpB;IACD,IAAI,EAAE;QACJ,IAAI,EAAE,qBAAS,CAAC,MAAM;QACtB,SAAS,EAAE,KAAK;KACjB;IACD,MAAM,EAAC;QACL,IAAI,EAAE,qBAAS,CAAC,OAAO;QACvB,SAAS,EAAC,KAAK;KAChB;IACD,MAAM,EAAE;QACN,IAAI,EAAE,qBAAS,CAAC,OAAO;KACxB;IACD,EAAE,EAAE;QACF,IAAI,EAAE,qBAAS,CAAC,OAAO;KACxB;IACD,aAAa,EAAE;QACb,IAAI,EAAE,qBAAS,CAAC,MAAM;KACvB;IACD,YAAY,EAAE;QACZ,IAAI,EAAE,qBAAS,CAAC,MAAM;KACvB;IACD,KAAK,EAAC;QACJ,IAAI,EAAE,qBAAS,CAAC,MAAM;KACvB;CACF,EAAE;IACD,SAAS,EAAE,eAAE;IACb,WAAW,EAAE,IAAI;IACjB,SAAS,EAAE,OAAO;IAClB,UAAU,EAAE,KAAK;CAClB,CAAC,CAAC;AAEH,SAAS,CAAC,SAAS,CAAC,mBAAS,EAAC,EAAC,UAAU,EAAC,SAAS,EAAC,CAAC,CAAA;AAErD,kBAAe,SAAS,CAAC","sourcesContent":["import {\r\n  DataTypes,\r\n  Model,\r\n  InferAttributes,\r\n  InferCreationAttributes,\r\n  CreationOptional,\r\n} from 'sequelize';\r\nimport db from './index';\r\nimport UserModel from './UserModel';\r\n\r\nclass CardModel extends Model<InferAttributes<CardModel>,\r\nInferCreationAttributes<CardModel>> {\r\n  declare id: CreationOptional<number>;\r\n  declare name :string;\r\n  declare userId :number;\r\n  declare attack :number;\r\n  declare hp :number;\r\n  declare spriteOnBoard:string;\r\n  declare spriteOnCard:string;\r\n  declare types:string;\r\n}\r\nCardModel.init({\r\n  id: {\r\n    type: DataTypes.INTEGER,\r\n    allowNull: false,\r\n    primaryKey: true,\r\n    autoIncrement: true,\r\n  },\r\n  name: {\r\n    type: DataTypes.STRING,\r\n    allowNull: false,\r\n  },\r\n  userId:{\r\n    type: DataTypes.INTEGER,\r\n    allowNull:false\r\n  },\r\n  attack: {\r\n    type: DataTypes.INTEGER,\r\n  },\r\n  hp: {\r\n    type: DataTypes.INTEGER,\r\n  },\r\n  spriteOnBoard: {\r\n    type: DataTypes.STRING\r\n  },\r\n  spriteOnCard: {\r\n    type: DataTypes.STRING\r\n  },\r\n  types:{\r\n    type: DataTypes.STRING\r\n  }\r\n}, {\r\n  sequelize: db,\r\n  underscored: true,\r\n  modelName: 'cards',\r\n  timestamps: false,\r\n});\r\n\r\nCardModel.belongsTo(UserModel,{foreignKey:'user_id'})\r\n\r\nexport default CardModel;"]},"_coverageSchema":"1a1c01bbd47fc00a2c39e90264f33305004495a9","hash":"7718fcc6e622856c31471372d706d6e2a916e28f","conten
[...]
sage} = await this.deckService.removeDeck(+userId,+deckId)\r\n    if(type){\r\n      return res.status(type).json({message})\r\n    }\r\n    return res.status(200).json(message)\r\n  }\r\n\r\n  public async addDeck(req:Request,res:Response){\r\n    const{userId}=req.params;\r\n    const{name,cards}= req.body;\r\n    const {type,message} = await this.deckService.addDeck(+userId,name,cards)\r\n    if(type){\r\n      return res.status(type).json({message})\r\n    }\r\n    return res.status(201).json(message)\r\n  }\r\n\r\n  public async getDeck(req:Request,res:Response){\r\n    const{userId,deckId}=req.params;\r\n    const {type,message} = await this.deckService.getDeck(+userId,+deckId)\r\n    if(type){\r\n      return res.status(type).json({message})\r\n    }\r\n    return res.status(200).json(message)\r\n  }\r\n}"]},"_coverageSchema":"1a1c01bbd47fc00a2c39e90264f33305004495a9","hash":"c63d5b5bb746fd6e27ae8fa964295e986595fff0","contentHash":"f1ccfcfa0387347caec6ab5cd282aabd9303a1628e7d4aea5293f40fdbc26761"},"D:\\Usuario\\Desktop\\projetos\\pokeCard_api\\services\\deckService.ts":{"path":"D:\\Usuario\\Desktop\\projetos\\pokeCard_api\\services\\deckService.ts","statementMap":{"0":{"start":{"line":2,"column":16},"end":{"line":10,"column":1}},"1":{"start":{"line":3,"column":28},"end":{"line":3,"column":110}},"2":{"start":{"line":3,"column":91},"end":{"line":3,"column":106}},"3":{"start":{"line":4,"column":4},"end":{"line":9,"column":7}},"4":{"start":{"line":5,"column":36},"end":{"line":5,"column":97}},"5":{"start":{"line":5,"column":42},"end":{"line":5,"column":70}},"6":{"start":{"line":5,"column":85},"end":{"line":5,"column":95}},"7":{"start":{"line":6,"column":35},"end":{"line":6,"column":100}},"8":{"start":{"line":6,"column":41},"end":{"line":6,"column":73}},"9":{"start":{"line":6,"column":88},"end":{"line":6,"column":98}},"10":{"start":{"line":7,"column":32},"end":{"line":7,"column":116}},"11":{"start":{"line":8,"column":8},"end":{"line":8,"column":78}},"12":{"start":{"line":11,"column":22},"end":{"line":13,"column":1}},"13":{"start":{"line":12,"column":4},"end":{"line":12,"column":62}},"14":{"start":{"line":14,"column":0},"end":{"line":14,"column":62}},"15":{"start":{"line":15,"column":20},"end":{"line":15,"column":67}},"16":{"start":{"line":16,"column":26},"end":{"line":16,"column":79}},"17":{"start":{"line":17,"column":20},"end":{"line":17,"column":67}},"18":{"start":{"line":20,"column":8},"end":{"line":20,"column":45}},"19":{"start":{"line":21,"column":8},"end":{"line":21,"column":45}},"20":{"start":{"line":22,"column":8},"end":{"line":22,"column":57}},"21":{"start":{"line":25,"column":8},"end":{"line":36,"column":11}},"22":{"start":{"line":26,"column":30},"end":{"line":26,"column":129}},"23":{"start":{"line":27,"column":26},"end":{"line":31,"column":16}},"24":{"start":{"line":27,"column":65},"end":{"line":31,"column":14}},"25":{"start":{"line":28,"column":30},"end":{"line":28,"column":93}},"26":{"start":{"line":29,"column":33},"end":{"line":29,"column":229}},"27":{"start":{"line":29,"column":68},"end":{"line":29,"column":227}},"28":{"start":{"line":29,"column":115},"end":{"line":29,"column":224}},"29":{"start":{"line":30,"column":16},"end":{"line":30,"column":52}},"30":{"start":{"line":32,"column":12},"end":{"line":34,"column":13}},"31":{"start":{"line":33,"column":16},"end":{"line":33,"column":82}},"32":{"start":{"line":35,"column":12},"end":{"line":35,"column":50}},"33":{"start":{"line":39,"column":8},"end":{"line":47,"column":11}},"34":{"start":{"line":40,"column":25},"end":{"line":40,"column":88}},"35":{"start":{"line":41,"column":12},"end":{"line":43,"column":13}},"36":{"start":{"line":42,"column":16},"end":{"line":42,"column":69}},"37":{"start":{"line":44,"column":12},"end":{"line":44,"column":76}},"38":{"start":{"line":45,"column":12},"end":{"line":45,"column":70}},"39":{"start":{"line":46,"column":12},"end":{"line":46,"column":51}},"40":{"start":{"line":50,"column":8},"end":{"line":65,"column":11}},"41":{"start":{"line":51,"column":32},"end":{"line":54,"column":13}},"42":{"start":{"line":55,"column":12},"end":{"line":57,"column":13}},"43":{"start":{"line":56,"column":16},"end":{"line":56,"column":98}},"44":{"start":{"line":58,"column":28},"end":{"line":58,"column":61}},"45":{"start":{"line":59,"column":12},"end":{"line":59,"column":33}},"46":{"start":{"line":60,"column":12},"end":{"line":63,"column":17}},"47":{"start":{"line":60,"column":47},"end":{"line":63,"column":14}},"48":{"start":{"line":61,"column":29},"end":{"line":61,"column":93}},"49":{"start":{"line":62,"column":16},"end":{"line":62,"column":34}},"50":{"start":{"line":64,"column":12},"end":{"line":64,"column":58}},"51":{"start":{"line":68,"column":8},"end":{"line":77,"column":11}},"52":{"start":{"line":69,"column":29},"end":{"line":69,"column":140}},"53":{"start":{"line":70,"column":26},"end":{"line":70,"column":83}},"54":{"start":{"line":71,"column":29},"end":{"line":71,"column":225}},"55":{"start":{"line":71,"column":64},"end":{"line":71,"column":223}},"56":{"start":{"line":71,"column":111},"end":{"line":71,"column":220}},"57":{"start":{"line":72,"column":12},"end":{"line":74,"column":13}},"58":{"start":{"line":73,"column":16},"end":{"line":73,"column":82}},"59":{"start":{"line":75,"column":27},"end":{"line":75,"column":62}},"60":{"start":{"line":76,"column":12},"end":{"line":76,"column":51}},"61":{"start":{"line":80,"column":0},"end":{"line":80,"column":30}}},"fnMap":{"0":{"name":"(anonymous_0)","decl":{"start":{"line":2,"column":44},"end":{"line":2,"column":45}},"loc":{"start":{"line":2,"column":89},"end":{"line":10,"column":1}},"line":2},"1":{"name":"adopt","decl":{"start":{"line":3,"column":13},"end":{"line":3,"column":18}},"loc":{"start":{"line":3,"column":26},"end":{"line":3,"column":112}},"line":3},"2":{"name":"(anonymous_2)","decl":{"start":{"line":3,"column":70},"end":{"line":3,"column":71}},"loc":{"start":{"line":3,"column":89},"end":{"line":3,"column":108}},"line":3},"3":{"name":"(anonymous_3)","decl":{"start":{"line":4,"column":36},"end":{"line":4,"column":37}},"loc":{"start":{"line":4,"column":63},"end":{"line":9,"column":5}},"line":4},"4":{"name":"fulfilled","decl":{"start":{"line":5,"column":17},"end":{"line":5,"column":26}},"loc":{"start":{"line":5,"column":34},"end":{"line":5,"column":99}},"line":5},"5":{"name":"rejected","decl":{"start":{"line":6,"column":17},"end":{"line":6,"column":25}},"loc":{"start":{"line":6,"column":33},"end":{"line":6,"column":102}},"line":6},"6":{"name":"step","decl":{"start":{"line":7,"column":17},"end":{"line":7,"column":21}},"loc":{"start":{"line":7,"column":30},"end":{"line":7,"column":118}},"line":7},"7":{"name":"(anonymous_7)","decl":{"start":{"line":11,"column":56},"end":{"line":11,"column":57}},"loc":{"start":{"line":11,"column":71},"end":{"line":13,"column":1}},"line":11},"8":{"name":"(anonymous_8)","decl":{"start":{"line":19,"column":4},"end":{"line":19,"column":5}},"loc":{"start":{"line":19,"column":18},"end":{"line":23,"column":5}},"line":19},"9":{"name":"(anonymous_9)","decl":{"start":{"line":24,"column":4},"end":{"line":24,"column":5}},"loc":{"start":{"line":24,"column":25},"end":{"line":37,"column":5}},"line":24},"10":{"name":"(anonymous_10)","decl":{"start":{"line":25,"column":47},"end":{"line":25,"column":48}},"loc":{"start":{"line":25,"column":60},"end":{"line":36,"column":9}},"line":25},"11":{"name":"(anonymous_11)","decl":{"start":{"line":27,"column":58},"end":{"line":27,"column":59}},"loc":{"start":{"line":27,"column":65},"end":{"line":31,"column":14}},"line":27},"12":{"name":"(anonymous_12)","decl":{"start":{"line":27,"column":97},"end":{"line":27,"column":98}},"loc":{"start":{"line":27,"column":110},"end":{"line":31,"column":13}},"line":27},"13":{"name":"(anonymous_13)","decl":{"start":{"line":29,"column":61},"end":{"line":29,"column":62}},"loc":{"start":{"line":29,"column":68},"end":{"line":29,"column":227}},"line":29},"14":{"name":"(anonymous_14)","decl":{"start":{"line":29,"column":100},"end":{"line":29,"column":101}},"loc":{"start":{"line":29,"column":113},"end":{"line":29,"column":226}},"line":29},"15":{"name":"(anonymous_15)","decl":{"start":{"line":38,"column":4},"end":{"line":38,"column":5}},"loc":{"start":{"line":38,"column":31},"end":{"line":48,"column":5}},"line":38},"16":{"name":"(anonymous_16)","decl":{"start":{"line":39,"column":47},"end":{"line":39,"column":48}},"loc":{"start":{"line":39,"column":60},"end":{"line":47,"column":9}},"line":39},"17":{"name":"(anonymous_17)","decl":{"start":{"line":49,"column":4},"end":{"line":49,"column":5}},"loc":{"start":{"line":49,"column":33},"end":{"line":66,"column":5}},"line":49},"18":{"name":"(anonymous_18)","decl":{"start":{"line":50,"column":47},"end":{"line":50,"column":48}},"loc":{"start":{"line":50,"column":60},"end":{"line":65,"column":9}},"line":50},"19":{"name":"(anonymous_19)","decl":{"start":{"line":60,"column":40},"end":{"line":60,"column":41}},"loc":{"start":{"line":60,"column":47},"end":{"line":63,"column":14}},"line":60},"20":{"name":"(anonymous_20)","decl":{"start":{"line":60,"column":79},"end":{"line":60,"column":80}},"loc":{"start":{"line":60,"column":92},"end":{"line":63,"column":13}},"line":60},"21":{"name":"(anonymous_21)","decl":{"start":{"line":67,"column":4},"end":{"line":67,"column":5}},"loc":{"start":{"line":67,"column":28},"end":{"line":78,"column":5}},"line":67},"22":{"name":"(anonymous_22)","decl":{"start":{"line":68,"column":47},"end":{"line":68,"column":48}},"loc":{"start":{"line":68,"column":60},"end":{"line":77,"column":9}},"line":68},"23":{"name":"(anonymous_23)","decl":{"start":{"line":71,"column":57},"end":{"line":71,"column":58}},"loc":{"start":{"line":71,"column":64},"end":{"line":71,"column":223}},"line":71},"24":{"name":"(anonymous_24)","decl":{"start":{"line":71,"column":96},"end":{"line":71,"column":97}},"loc":{"start":{"line":71,"column":109},"end":{"line":71,"column":222}},"line":71}},"branchMap":{"0":{"loc":{"start":{"line":2,"column":16},"end":{"line":10,"column":1}},"type":"binary-expr","locations":[{"start":{"line":2,"column":17},"end":{"line":2,"column":21}},{"start":{"line":2,"column":25},"end":{"line":2,"column":39}},{"start":{"line":2,"column":44},"end":{"line":10,"column":1}}],"line":2},"1":{"loc":{"start":{"line":3,"column":35},"end":{"line":3,"column":109}},"type":"cond-expr","locations":[{"start":{"line":3,"column":56},"end":{"line":3,"column":61}},{"start":{"line":3,"column":64},"end":{"line":3,"column":109}}],"line":3},"2":{"loc":{"start":{"line":4,"column":16},"end":{"line":4,"column":34}},"type":"binary-expr","locations":[{"start":{"line":4,"column":16},"end":{"line":4,"column":17}},{"start":{"line":4,"column":22},"end":{"line":4,"column":33}}],"line":4},"3":{"loc":{"start":{"line":7,"column":32},"end":{"line":7,"column":115}},"type":"cond-expr","locations":[{"start":{"line":7,"column":46},"end":{"line":7,"column":67}},{"start":{"line":7,"column":70},"end":{"line":7,"column":115}}],"line":7},"4":{"loc":{"start":{"line":8,"column":51},"end":{"line":8,"column":67}},"type":"binary-expr","locations":[{"start":{"line":8,"column":51},"end":{"line":8,"column":61}},{"start":{"line":8,"column":65},"end":{"line":8,"column":67}}],"line":8},"5":{"loc":{"start":{"line":11,"column":22},"end":{"line":13,"column":1}},"type":"binary-expr","locations":[{"start":{"line":11,"column":23},"end":{"line":11,"column":27}},{"start":{"line":11,"column":31},"end":{"line":11,"column":51}},{"start":{"line":11,"column":56},"end":{"line":13,"column":1}}],"line":11},"6":{"loc":{"start":{"line":12,"column":11},"end":{"line":12,"column":61}},"type":"cond-expr","locations":[{"start":{"line":12,"column":37},"end":{"line":12,"column":40}},{"start":{"line":12,"column":43},"end":{"line":12,"column":61}}],"line":12},"7":{"loc":{"start":{"line":12,"column":12},"end":{"line":12,"column":33}},"type":"binary-expr","locations":[{"start":{"line":12,"column":12},"end":{"line":12,"column":15}},{"start":{"line":12,"column":19},"end":{"line":12,"column":33}}],"line":12},"8":{"loc":{"start":{"line":32,"column":12},"end":{"line":34,"column":13}},"type":"if","locations":[{"start":{"line":32,"column":12},"end":{"line":34,"column":13}},{"start":{"line":32,"column":12},"end":{"line":34,"column":13}}],"line":32},"9":{"loc":{"start":{"line":41,"column":12},"end":{"line":43,"column":13}},"type":"if","locations":[{"start":{"line":41,"column":12},"end":{"line":43,"column":13}},{"start":{"line":41,"column":12},"end":{"line":43,"column":13}}],"line":41},"10":{"loc":{"start":{"line":55,"column":12},"end":{"line":57,"column":13}},"type":"if","locations":[{"start":{"line":55,"column":12},"end":{"line":57,"column":13}},{"start":{"line":55,"column":12},"end":{"line":57,"column":13}}],"line":55},"11":{"loc":{"start":{"line":72,"column":12},"end":{"line":74,"column":13}},"type":"if","locations":[{"start":{"line":72,"column":12},"end":{"line":74,"column":13}},{"start":{"line":72,"column":12},"end":{"line":74,"column":13}}],"line":72}},"s":{"0":1,"1":31,"2":0,"3":52,"4":31,"5":31,"6":0,"7":0,"8":0,"9":0,"10":83,"11":52,"12":1,"13":3,"14":1,"15":1,"16":1,"17":1,"18":1,"19":1,"20":1,"21":2,"22":2,"23":2,"24":4,"25":4,"26":4,"27":24,"28":24,"29":4,"30":2,"31":0,"32":2,"33":1,"34":1,"35":1,"36":0,"37":1,"38":1,"39":1,"40":1,"41":1,"42":1,"43":0,"44":1,"45":1,"46":1,"47":6,"48":6,"49":6,"50":1,"51":2,"52":2,"53":2,"54":2,"55":12,"56":12,"57":2,"58":0,"59":2,"60":2,"61":1},"f":{"0":52,"1":31,"2":0,"3":52,"4":31,"5":0,"6":83,"7":3,"8":1,"9":2,"10":2,"11":4,"12":4,"13":24,"14":24,"15":1,"16":1,"17":1,"18":1,"19":6,"20":6,"21":2,"22":2,"23":12,"24":12},"b":{"0":[1,1,1],"1":[31,0],"2":[52,52],"3":[52,31],"4":[52,52],"5":[1,1,1],"6":[3,0],"7":[3,3],"8":[0,2],"9":[0,1],"10":[0,1],"11":[0,2]},"inputSourceMap":{"version":3,"file":"D:/Usuario/Desktop/projetos/pokeCard_api/services/deckService.ts","sources":["D:/Usuario/Desktop/projetos/pokeCard_api/services/deckService.ts"],"names":[],"mappings":";;;;;;;;;;;;;;AAAA,oEAA4C;AAC5C,gFAAwD;AACxD,oEAA4C;AAG5C,MAAqB,WAAW;IAAhC;QACS,cAAS,GAAG,mBAAS,CAAA;QACrB,cAAS,GAAG,mBAAS,CAAA;QACrB,oBAAe,GAAG,yBAAe,CAAA;IAmD1C,CAAC;IAjDa,YAAY,CAAC,MAAa;;YACtC,MAAM,SAAS,GAAG,MAAM,IAAI,CAAC,SAAS,CAAC,OAAO,CAAC,EAAC,KAAK,EAAC,EAAC,MAAM,EAAC,EAAC,UAAU,EAAE,EAAE,OAAO,EAAE,CAAC,SAAS,EAAC,QAAQ,CAAC,EAAE,EAAC,CAAC,CAAA;YAC9G,MAAM,KAAK,GAAG,MAAM,OAAO,CAAC,GAAG,CAAC,SAAS,CAAC,GAAG,CAAC,CAAO,CAAC,EAAC,EAAE;gBACvD,MAAM,KAAK,GAAG,MAAM,IAAI,CAAC,eAAe,CAAC,OAAO,CAAC,EAAC,KAAK,EAAC,EAAC,MAAM,EAAC,CAAC,CAAC,EAAE,EAAC,EAAC,CAAC,CAAA;gBACvE,MAAM,QAAQ,GAAG,MAAM,OAAO,CAAC,GAAG,CAAC,KAAK,CAAC,GAAG,CAAC,CAAM,CAAC,EAAC,EAAE,gDAAA,OAAA,CAAC,IAAI,CAAC,SAAS,CAAC,OAAO,CAAC,EAAC,KAAK,EAAC,EAAC,EAAE,EAAC,CAAC,CAAC,MAAM,EAAC,EAAC,UAAU,EAAE,EAAE,OAAO,EAAE,CAAC,SAAS,EAAC,QAAQ,CAAC,EAAE,EAAC,CAAC,CAAC,CAAA,GAAA,CAAC,CAAC,CAAA;gBACtJ,OAAO,EAAC,IAAI,EAAC,CAAC,EAAC,KAAK,EAAC,QAAQ,EAAC,CAAA;YAChC,CAAC,CAAA,CAAC,CAAC,CAAA;YACH,IAAG,SAAS,CAAC,MAAM,GAAE,CAAC,EAAC;gBACrB,OAAM,EAAC,IAAI,EAAC,GAAG,EAAC,OAAO,EAAC,kCAAkC,EAAC,CAAA;aAC5D;YACD,OAAO,EAAC,IAAI,EAAC,IAAI,EAAC,OAAO,EAAC,KAAK,EAAC,CAAA;QACjC,CAAC;KAAA;IACY,UAAU,CAAC,MAAa,EAAC,MAAa;;YAChD,MAAM,IAAI,GAAG,MAAM,IAAI,CAAC,SAAS,CAAC,OAAO,CAAC,EAAC,KAAK,EAAC,EAAC,MAAM,EAAC,EAAE,EAAC,MAAM,EAAC,EAAC,CAAC,CAAA;YACrE,IAAG,CAAC,IAAI,EAAC;gBACP,OAAO,EAAC,IAAI,EAAC,GAAG,EAAC,OAAO,EAAC,qBAAqB,EAAC,CAAA;aAChD;YACD,MAAM,IAAI,CAAC,SAAS,CAAC,OAAO,CAAC,EAAC,KAAK,EAAC,EAAC,MAAM,EAAC,EAAE,EAAC,MAAM,EAAC,EAAC,CAAC,CAAA;YACxD,MAAM,IAAI,CAAC,eAAe,CAAC,OAAO,CAAC,EAAC,KAAK,EAAC,EAAC,MAAM,EAAC,EAAC,CAAC,CAAA;YACpD,OAAO,MAAM,IAAI,CAAC,YAAY,CAAC,MAAM,CAAC,CAAA;QACxC,CAAC;KAAA;IAEY,OAAO,CAAC,MAAa,EAAC,IAAW,EAAC,KAAa;;YAC1D,MAAM,WAAW,GAAG;gBAClB,IAAI;gBACJ,MAAM;aACP,CAAA;YACD,IAAG,KAAK,CAAC,MAAM,KAAI,CAAC,EAAC;gBACnB,OAAM,EAAC,IAAI,EAAC,GAAG,EAAC,OAAO,EAAC,kDAAkD,EAAC,CAAA;aAC5E;YACD,MAAM,OAAO,GAAG,IAAI,CAAC,SAAS,CAAC,KAAK,CAAC,WAAW,CAAC,CAAA;YACjD,MAAM,OAAO,CAAC,IAAI,EAAE,CAAC;YACtB,MAAM,OAAO,CAAC,GAAG,CAAC,KAAK,CAAC,GAAG,CAAC,CAAO,CAAC,EAAE,EAAE;gBACrC,MAAM,IAAI,GAAG,IAAI,CAAC,eAAe,CAAC,KAAK,CAAC,EAAE,MAAM,EAAE,CAAC,CAAC,EAAE,EAAE,MAAM,EAAE,OAAO,CAAC,EAAE,EAAE,CAAC,CAAC;gBAC9E,MAAM,IAAI,CAAC,IAAI,EAAE,CAAC;YACpB,CAAC,CAAA,CAAC,CAAC,CAAA;YACH,OAAO,MAAM,IAAI,CAAC,OAAO,CAAC,MAAM,EAAC,OAAO,CAAC,EAAE,CAAC,CAAA;QAC9C,CAAC;KAAA;IAEY,OAAO,CAAC,MAAa,EAAC,MAAa;;YAC/C,MAAM,QAAQ,GAAG,MAAM,IAAI,CAAC,SAAS,CAAC,OAAO,CAAC,EAAC,KAAK,EAAC,EAAC,MAAM,EAAC,EAAE,EAAC,MAAM,EAAC,EAAC,UAAU,EAAE,EAAE,OAAO,EAAE,CAAC,SAAS,EAAC,QAAQ,CAAC,EAAE,EAAC,CAAC,CAAA;YACtH,MAAM,KAAK,GAAG,MAAM,IAAI,CAAC,eAAe,CAAC,OAAO,CAAC,EAAC,KAAK,EAAC,EAAC,MAAM,EAAC,EAAC,CAAC,CAAA;YAClE,MAAM,QAAQ,GAAG,MAAM,OAAO,CAAC,GAAG,CAAC,KAAK,CAAC,GAAG,CAAC,CAAM,CAAC,EAAC,EAAE,gDAAA,OAAA,CAAC,IAAI,CAAC,SAAS,CAAC,OAAO,CAAC,EAAC,KAAK,EAAC,EAAC,EAAE,EAAC,CAAC,CAAC,MAAM,EAAC,EAAC,UAAU,EAAE,EAAE,OAAO,EAAE,CAAC,SAAS,EAAC,QAAQ,CAAC,EAAE,EAAC,CAAC,CAAC,CAAA,GAAA,CAAC,CAAC,CAAA;YACxJ,IAAG,CAAC,QAAQ,EAAC;gBACX,OAAM,EAAC,IAAI,EAAC,GAAG,EAAC,OAAO,EAAC,kCAAkC,EAAC,CAAA;aAC5D;YACD,MAAM,MAAM,GAAG,EAAC,IAAI,EAAC,QAAQ,EAAC,KAAK,EAAC,QAAQ,EAAC,CAAA;YAC7C,OAAO,EAAC,IAAI,EAAC,IAAI,EAAC,OAAO,EAAC,MAAM,EAAC,CAAA;QAClC,CAAC;KAAA;CACD;AAtDD,8BAsDC","sourcesContent":["import DeckModel from \"../models/DeckModel\";\r\nimport CardInDeckModel from \"../models/CardInDeckModel\";\r\nimport CardModel from \"../models/CardModel\";\r\nimport { SERVER_RETURN,TCard } from \"../types\";\r\n\r\nexport default class DeckService{\r\n private deckModel = DeckModel\r\n private cardModel = CardModel\r\n private cardInDeckModel = CardInDeckModel\r\n\r\n public async getUserDecks(userId:number):Promise<SERVER_RETURN>{\r\n  const userDecks = await this.deckModel.findAll({where:{userId},attributes: { exclude: ['user_id','userId'] }})\r\n  const cards = await Promise.all(userDecks.map(async (e)=>{\r\n    const cards = await this.cardInDeckModel.findAll({where:{deckId:e.id}})\r\n    const attCards=  await Promise.all(cards.map(async(e)=>(this.cardModel.findOne({where:{id:e.cardId},attributes: { exclude: ['user_id','userId'] }}))))\r\n    return {deck:e,cards:attCards}\r\n  }))\r\n  if(userDecks.length <0){\r\n    return{type:404,message:'There are no decks for this user'}\r\n  }\r\n  return {type:null,message:cards}\r\n }\r\n public async removeDeck(userId:number,deckId:number):Promise<SERVER_RETURN>{\r\n    const deck = await this.deckModel.findOne({where:{userId,id:deckId}})\r\n    if(!deck){\r\n      return {type:404,message:'it was not possible'}\r\n    }\r\n    await this.deckModel.destroy({where:{userId,id:deckId}})\r\n    await this.cardInDeckModel.destroy({where:{deckId}})\r\n    return await this.getUserDecks(userId)\r\n  }\r\n  \r\n  public async addDeck(userId:number,name:string,cards:TCard[]):Promise<SERVER_RETURN>{\r\n    const newDeckData = {\r\n      name,\r\n      userId,\r\n    }\r\n    if(cards.length !==6){\r\n      return{type:400,message:'there are missing cards or there are extra cards'}\r\n    }\r\n    const newDeck = this.deckModel.build(newDeckData)\r\n    await newDeck.save();\r\n   await Promise.all(cards.map(async (e) => {\r\n      const card = this.cardInDeckModel.build({ cardId: e.id, deckId: newDeck.id });\r\n      await card.save();\r\n    }))\r\n    return await this.getDeck(userId,newDeck.id)\r\n  }\r\n\r\n  public async getDeck(userId:number,deckId:number):Promise<SERVER_RETURN>{\r\n   const userDeck = await this.deckModel.findOne({where:{userId,id:deckId},attributes: { exclude: ['user_id','userId'] }})\r\n    const cards = await this.cardInDeckModel.findAll({where:{deckId}})\r\n    const attCards=  await Promise.all(cards.map(async(e)=>(this.cardModel.findOne({where:{id:e.cardId},attributes: { exclude: ['user_id','userId'] }}))))\r\n  if(!userDeck){\r\n    return{type:404,message:'There are no decks for this user'}\r\n  }\r\n  const result = {deck:userDeck,cards:attCards}\r\n  return {type:null,message:result}\r\n }\r\n}"]},"_coverageSchema":"1a1c01bbd47fc00a2c39e90264f33305004495a9","hash":"f2d215075a82f09532311ad296a571f07d4c2d3a","contentHash":"ca61f006555275c04bbccb8c5f661354fcaea1af102f27a7496f187dfabb15c6"}}